<!DOCTYPE html>

<html>
  <head>
  <meta charset='utf-8'>
  <title>TestNG reports</title>

    <link type="text/css" href="testng-reports1.css" rel="stylesheet" id="ultra" />
    <link type="text/css" href="testng-reports.css" rel="stylesheet" id="retro" disabled="false"/>
    <script type="text/javascript" src="jquery.min.js"></script>
    <script type="text/javascript" src="testng-reports.js"></script>
    <script type="text/javascript" src="https://www.google.com/jsapi"></script>
    <script type='text/javascript'>
      google.load('visualization', '1', {packages:['table']});
      google.setOnLoadCallback(drawTable);
      var suiteTableInitFunctions = new Array();
      var suiteTableData = new Array();
    </script>
    <!--
      <script type="text/javascript" src="jquery-ui/js/jquery-ui-1.8.16.custom.min.js"></script>
     -->
  </head>

  <body>
    <div class="top-banner-root">
      <span class="top-banner-title-font">Test results</span>
      <button id="button" class="button">Switch Retro Theme</button> <!-- button -->
      <br/>
      <span class="top-banner-font-1">1 suite, 2 failed tests</span>
    </div> <!-- top-banner-root -->
    <div class="navigator-root">
      <div class="navigator-suite-header">
        <span>All suites</span>
        <a href="#" title="Collapse/expand all the suites" class="collapse-all-link">
          <img src="collapseall.gif" class="collapse-all-icon">
          </img> <!-- collapse-all-icon -->
        </a> <!-- collapse-all-link -->
      </div> <!-- navigator-suite-header -->
      <div class="suite">
        <div class="rounded-window">
          <div class="suite-header light-rounded-window-top">
            <a href="#" panel-name="suite-AllTests" class="navigator-link">
              <span class="suite-name border-failed">AllTests</span>
            </a> <!-- navigator-link -->
          </div> <!-- suite-header light-rounded-window-top -->
          <div class="navigator-suite-content">
            <div class="suite-section-title">
              <span>Info</span>
            </div> <!-- suite-section-title -->
            <div class="suite-section-content">
              <ul>
                <li>
                  <a href="#" panel-name="test-xml-AllTests" class="navigator-link ">
                    <span>testng.xml</span>
                  </a> <!-- navigator-link  -->
                </li>
                <li>
                  <a href="#" panel-name="testlist-AllTests" class="navigator-link ">
                    <span class="test-stats">44 tests</span>
                  </a> <!-- navigator-link  -->
                </li>
                <li>
                  <a href="#" panel-name="group-AllTests" class="navigator-link ">
                    <span>0 groups</span>
                  </a> <!-- navigator-link  -->
                </li>
                <li>
                  <a href="#" panel-name="times-AllTests" class="navigator-link ">
                    <span>Times</span>
                  </a> <!-- navigator-link  -->
                </li>
                <li>
                  <a href="#" panel-name="reporter-AllTests" class="navigator-link ">
                    <span>Reporter output</span>
                  </a> <!-- navigator-link  -->
                </li>
                <li>
                  <a href="#" panel-name="ignored-methods-AllTests" class="navigator-link ">
                    <span>Ignored methods</span>
                  </a> <!-- navigator-link  -->
                </li>
                <li>
                  <a href="#" panel-name="chronological-AllTests" class="navigator-link ">
                    <span>Chronological view</span>
                  </a> <!-- navigator-link  -->
                </li>
              </ul>
            </div> <!-- suite-section-content -->
            <div class="result-section">
              <div class="suite-section-title">
                <span>Results</span>
              </div> <!-- suite-section-title -->
              <div class="suite-section-content">
                <ul>
                  <li>
                    <span class="method-stats">44 methods, 2 failed,   42 passed</span>
                  </li>
                  <li>
                    <span class="method-list-title failed">Failed methods</span>
                    <span class="show-or-hide-methods failed">
                      <a href="#" panel-name="suite-AllTests" class="hide-methods failed suite-AllTests"> (hide)</a> <!-- hide-methods failed suite-AllTests -->
                      <a href="#" panel-name="suite-AllTests" class="show-methods failed suite-AllTests"> (show)</a> <!-- show-methods failed suite-AllTests -->
                    </span>
                    <div class="method-list-content failed suite-AllTests">
                      <span>
                        <img src="failed.png" width="3%"/>
                        <a href="#" panel-name="suite-AllTests" title="skyfoxapp.testcases.customerBookingTest.ValidateAvailableSeatsTest" class="method navigator-link" hash-for-method="customerBookingTest(seed-user-3, Gurleen@1, 5)">customerBookingTest(seed-user-3, Gurleen@1, 5)</a> <!-- method navigator-link -->
                      </span>
                      <br/>
                      <span>
                        <img src="failed.png" width="3%"/>
                        <a href="#" panel-name="suite-AllTests" title="skyfoxapp.testcases.customerBookingTest.ValidateAdminBookingPhnNumberFieldTest" class="method navigator-link" hash-for-method="customerBookingTest(Karthinivash, Gurleen@2, , Krupa, 1123457890, krupa@gmail.com)">customerBookingTest(Karthinivash, Gurleen@2, , Krupa, 1123457890, krupa@gmail.com)</a> <!-- method navigator-link -->
                      </span>
                      <br/>
                    </div> <!-- method-list-content failed suite-AllTests -->
                  </li>
                  <li>
                    <span class="method-list-title passed">Passed methods</span>
                    <span class="show-or-hide-methods passed">
                      <a href="#" panel-name="suite-AllTests" class="hide-methods passed suite-AllTests"> (hide)</a> <!-- hide-methods passed suite-AllTests -->
                      <a href="#" panel-name="suite-AllTests" class="show-methods passed suite-AllTests"> (show)</a> <!-- show-methods passed suite-AllTests -->
                    </span>
                    <div class="method-list-content passed suite-AllTests">
                      <span>
                        <img src="passed.png" width="3%"/>
                        <a href="#" panel-name="suite-AllTests" title="skyfoxapp.testcases.preventunauthorizedactions.ActionsForAdmin" class="method navigator-link" hash-for-method="actionsForAdmin(Karthinivash, Gurleen@2)">actionsForAdmin(Karthinivash, Gurleen@2)</a> <!-- method navigator-link -->
                      </span>
                      <br/>
                      <span>
                        <img src="passed.png" width="3%"/>
                        <a href="#" panel-name="suite-AllTests" title="skyfoxapp.testcases.preventunauthorizedactions.ActionsForCustomer" class="method navigator-link" hash-for-method="actionsForCustomer(aswini, Skyfox@24)">actionsForCustomer(aswini, Skyfox@24)</a> <!-- method navigator-link -->
                      </span>
                      <br/>
                      <span>
                        <img src="passed.png" width="3%"/>
                        <a href="#" panel-name="suite-AllTests" title="skyfoxapp.testcases.changepasswordtest.PositiveChangePasswordTest" class="method navigator-link" hash-for-method="changePasswordTest(Karthinivash, Gurleen@2, Gurleen@2, Skyfox@4, Skyfox@4)">changePasswordTest(Karthinivash, Gurleen@2, Gurleen@2, Skyfox@4, Skyfox@4)</a> <!-- method navigator-link -->
                      </span>
                      <br/>
                      <span>
                        <img src="passed.png" width="3%"/>
                        <a href="#" panel-name="suite-AllTests" title="skyfoxapp.testcases.changepasswordtest.ValidateNewPasswordTest" class="method navigator-link" hash-for-method="changePasswordTest(Karthinivash, Gurleen@2, Gurleen@2, Skyfox433, Skyfox433)">changePasswordTest(Karthinivash, Gurleen@2, Gurleen@2, Skyfox433, Skyfox433)</a> <!-- method navigator-link -->
                      </span>
                      <br/>
                      <span>
                        <img src="passed.png" width="3%"/>
                        <a href="#" panel-name="suite-AllTests" title="skyfoxapp.testcases.changepasswordtest.ValidateNewPasswordTest" class="method navigator-link" hash-for-method="changePasswordTest(Karthinivash, Gurleen@2, Gurleen@2, skyfox@433, skyfox@433)">changePasswordTest(Karthinivash, Gurleen@2, Gurleen@2, skyfox@433, skyfox@433)</a> <!-- method navigator-link -->
                      </span>
                      <br/>
                      <span>
                        <img src="passed.png" width="3%"/>
                        <a href="#" panel-name="suite-AllTests" title="skyfoxapp.testcases.changepasswordtest.ValidateNewPasswordTest" class="method navigator-link" hash-for-method="changePasswordTest(Karthinivash, Gurleen@2, Gurleen@2, SKYFOX433, SKYFOX433)">changePasswordTest(Karthinivash, Gurleen@2, Gurleen@2, SKYFOX433, SKYFOX433)</a> <!-- method navigator-link -->
                      </span>
                      <br/>
                      <span>
                        <img src="passed.png" width="3%"/>
                        <a href="#" panel-name="suite-AllTests" title="skyfoxapp.testcases.changepasswordtest.ValidateNewPasswordTest" class="method navigator-link" hash-for-method="changePasswordTest(Karthinivash, Gurleen@2, Gurleen@2, Skyfox@, Skyfox@)">changePasswordTest(Karthinivash, Gurleen@2, Gurleen@2, Skyfox@, Skyfox@)</a> <!-- method navigator-link -->
                      </span>
                      <br/>
                      <span>
                        <img src="passed.png" width="3%"/>
                        <a href="#" panel-name="suite-AllTests" title="skyfoxapp.testcases.changepasswordtest.ValidateNewPasswordTest" class="method navigator-link" hash-for-method="changePasswordTest(Karthinivash, Gurleen@2, Gurleen@2, Sky@3, Sky@3)">changePasswordTest(Karthinivash, Gurleen@2, Gurleen@2, Sky@3, Sky@3)</a> <!-- method navigator-link -->
                      </span>
                      <br/>
                      <span>
                        <img src="passed.png" width="3%"/>
                        <a href="#" panel-name="suite-AllTests" title="skyfoxapp.testcases.changepasswordtest.ValidateNewPasswordTest" class="method navigator-link" hash-for-method="changePasswordTest(Karthinivash, Gurleen@2, Gurleen@2, Skyfox@Skyfox@Skyfox@Skyfox@Skyfox@Skyfox@Skyfox@Skyfox@Skyfox@S...)">changePasswordTest(Karthinivash, Gurleen@2, Gurleen@2, Skyfox@Skyfox@Skyfox@Skyfox@Skyfox@Skyfox@Skyfox@Skyfox@Skyfox@S...)</a> <!-- method navigator-link -->
                      </span>
                      <br/>
                      <span>
                        <img src="passed.png" width="3%"/>
                        <a href="#" panel-name="suite-AllTests" title="skyfoxapp.testcases.changepasswordtest.ValidateConfirmPasswordTest" class="method navigator-link" hash-for-method="changePasswordTest(Karthinivash, Gurleen@2, Gurleen@2, Skyfox@4, Skyfox4)">changePasswordTest(Karthinivash, Gurleen@2, Gurleen@2, Skyfox@4, Skyfox4)</a> <!-- method navigator-link -->
                      </span>
                      <br/>
                      <span>
                        <img src="passed.png" width="3%"/>
                        <a href="#" panel-name="suite-AllTests" title="skyfoxapp.testcases.changepasswordtest.ValidatePreviousPasswordTest" class="method navigator-link" hash-for-method="changePasswordTest(Karthinivash, Gurleen@2, Gurleen@2, Gurleen@2, Gurleen@2)">changePasswordTest(Karthinivash, Gurleen@2, Gurleen@2, Gurleen@2, Gurleen@2)</a> <!-- method navigator-link -->
                      </span>
                      <br/>
                      <span>
                        <img src="passed.png" width="3%"/>
                        <a href="#" panel-name="suite-AllTests" title="skyfoxapp.testcases.changepasswordtest.ValidateInvalidCurrentPasswordTest" class="method navigator-link" hash-for-method="changePasswordTest(Karthinivash, Gurleen@2, Skyfox@4, Skyfox@5, Skyfox@5)">changePasswordTest(Karthinivash, Gurleen@2, Skyfox@4, Skyfox@5, Skyfox@5)</a> <!-- method navigator-link -->
                      </span>
                      <br/>
                      <span>
                        <img src="passed.png" width="3%"/>
                        <a href="#" panel-name="suite-AllTests" title="skyfoxapp.testcases.customersignuptest.ValidatingConfirmPasswordtTest" class="method navigator-link" hash-for-method="confirmPasswordAndPasswordMatchValidation(aswini, aswini, aswini@gmail.com, 9087654321, Aswini.1, aswini.1, Password and confirm password do n...)">confirmPasswordAndPasswordMatchValidation(aswini, aswini, aswini@gmail.com, 9087654321, Aswini.1, aswini.1, Password and confirm password do n...)</a> <!-- method navigator-link -->
                      </span>
                      <br/>
                      <span>
                        <img src="passed.png" width="3%"/>
                        <a href="#" panel-name="suite-AllTests" title="skyfoxapp.testcases.customerBookingTest.ValidatePastDayMoviesTest" class="method navigator-link" hash-for-method="customerBookingTest(Karthinivash, Gurleen@2)">customerBookingTest(Karthinivash, Gurleen@2)</a> <!-- method navigator-link -->
                      </span>
                      <br/>
                      <span>
                        <img src="passed.png" width="3%"/>
                        <a href="#" panel-name="suite-AllTests" title="skyfoxapp.testcases.customerBookingTest.PositiveCustomerBookingTest" class="method navigator-link" hash-for-method="customerBookingTest(seed-user-3, Gurleen@1, )">customerBookingTest(seed-user-3, Gurleen@1, )</a> <!-- method navigator-link -->
                      </span>
                      <br/>
                      <span>
                        <img src="passed.png" width="3%"/>
                        <a href="#" panel-name="suite-AllTests" title="skyfoxapp.testcases.customerBookingTest.ValidatePastShowsTest" class="method navigator-link" hash-for-method="customerBookingTest(seed-user-3, Gurleen@1)">customerBookingTest(seed-user-3, Gurleen@1)</a> <!-- method navigator-link -->
                      </span>
                      <br/>
                      <span>
                        <img src="passed.png" width="3%"/>
                        <a href="#" panel-name="suite-AllTests" title="skyfoxapp.testcases.customerBookingTest.ValidateNumberOfSeatsTest" class="method navigator-link" hash-for-method="customerBookingTest(seed-user-3, Gurleen@1, 100)">customerBookingTest(seed-user-3, Gurleen@1, 100)</a> <!-- method navigator-link -->
                      </span>
                      <br/>
                      <span>
                        <img src="passed.png" width="3%"/>
                        <a href="#" panel-name="suite-AllTests" title="skyfoxapp.testcases.customerBookingTest.ValidateAdminBookingCustomerDetailsTest" class="method navigator-link" hash-for-method="customerBookingTest(Karthinivash, Gurleen@2, , Krupa, 6123457890, krupa@gmail.com)">customerBookingTest(Karthinivash, Gurleen@2, , Krupa, 6123457890, krupa@gmail.com)</a> <!-- method navigator-link -->
                      </span>
                      <br/>
                      <span>
                        <img src="passed.png" width="3%"/>
                        <a href="#" panel-name="suite-AllTests" title="skyfoxapp.testcases.customerBookingTest.ValidateAdminBookingNameFeildTest" class="method navigator-link" hash-for-method="customerBookingTest(Karthinivash, Gurleen@2, , 6123457890, krupa@gmail.com)">customerBookingTest(Karthinivash, Gurleen@2, , 6123457890, krupa@gmail.com)</a> <!-- method navigator-link -->
                      </span>
                      <br/>
                      <span>
                        <img src="passed.png" width="3%"/>
                        <a href="#" panel-name="suite-AllTests" title="skyfoxapp.testcases.customerBookingTest.ValidateAdminBookingEmailTest" class="method navigator-link" hash-for-method="customerBookingTest(Karthinivash, Gurleen@2, , Krupa, 6123457890, krupa)">customerBookingTest(Karthinivash, Gurleen@2, , Krupa, 6123457890, krupa)</a> <!-- method navigator-link -->
                      </span>
                      <br/>
                      <span>
                        <img src="passed.png" width="3%"/>
                        <a href="#" panel-name="suite-AllTests" title="skyfoxapp.testcases.customersignuptest.ValidatingAllFieldsPositiveTest" class="method navigator-link" hash-for-method="customerSignupPageTest(aswini, aswini10, aswini@gmail.com, 9067834521, Aswini.1, Aswini.1)">customerSignupPageTest(aswini, aswini10, aswini@gmail.com, 9067834521, Aswini.1, Aswini.1)</a> <!-- method navigator-link -->
                      </span>
                      <br/>
                      <span>
                        <img src="passed.png" width="3%"/>
                        <a href="#" panel-name="suite-AllTests" title="skyfoxapp.testcases.customersignuptest.ValidatingAllFieldsNegativeTest" class="method navigator-link" hash-for-method="customerSignupPageTest(, , , , , , Name is required, Username is required, Email is required, Mobile number is required, Pa...)">customerSignupPageTest(, , , , , , Name is required, Username is required, Email is required, Mobile number is required, Pa...)</a> <!-- method navigator-link -->
                      </span>
                      <br/>
                      <span>
                        <img src="passed.png" width="3%"/>
                        <a href="#" panel-name="suite-AllTests" title="skyfoxapp.testcases.customersignuptest.ValidatingEmailIdTest" class="method navigator-link" hash-for-method="emailValidityChecking(aswini, aswini, aswinigmail.com, 9087654123, Aswini.1, Aswini.1, Invalid Email)">emailValidityChecking(aswini, aswini, aswinigmail.com, 9087654123, Aswini.1, Aswini.1, Invalid Email)</a> <!-- method navigator-link -->
                      </span>
                      <br/>
                      <span>
                        <img src="passed.png" width="3%"/>
                        <a href="#" panel-name="suite-AllTests" title="skyfoxapp.testcases.customersignuptest.ValidatingEmailIdTest" class="method navigator-link" hash-for-method="emailValidityChecking(aswini, aswini, aswini@gmailcom, 9087654123, Aswini.1, Aswini.1, Invalid Email)">emailValidityChecking(aswini, aswini, aswini@gmailcom, 9087654123, Aswini.1, Aswini.1, Invalid Email)</a> <!-- method navigator-link -->
                      </span>
                      <br/>
                      <span>
                        <img src="passed.png" width="3%"/>
                        <a href="#" panel-name="suite-AllTests" title="skyfoxapp.testcases.loginpagetest.PositiveLoginTest" class="method navigator-link" hash-for-method="loginPageTest(Karthinivash, Gurleen@2)">loginPageTest(Karthinivash, Gurleen@2)</a> <!-- method navigator-link -->
                      </span>
                      <br/>
                      <span>
                        <img src="passed.png" width="3%"/>
                        <a href="#" panel-name="suite-AllTests" title="skyfoxapp.testcases.loginpagetest.NegativeLoginTest" class="method navigator-link" hash-for-method="loginPageTest(Karthinivah, Gurleen@2, Login failed)">loginPageTest(Karthinivah, Gurleen@2, Login failed)</a> <!-- method navigator-link -->
                      </span>
                      <br/>
                      <span>
                        <img src="passed.png" width="3%"/>
                        <a href="#" panel-name="suite-AllTests" title="skyfoxapp.testcases.loginpagetest.NegativeLoginTest" class="method navigator-link" hash-for-method="loginPageTest(Karthinivash, Gurleen@1, Login failed)">loginPageTest(Karthinivash, Gurleen@1, Login failed)</a> <!-- method navigator-link -->
                      </span>
                      <br/>
                      <span>
                        <img src="passed.png" width="3%"/>
                        <a href="#" panel-name="suite-AllTests" title="skyfoxapp.testcases.addMovieScheduleTest.NegativeScheduleTest" class="method navigator-link" hash-for-method="loginPageTest(Karthinivash, Gurleen@2, vmn, Invalid cost)">loginPageTest(Karthinivash, Gurleen@2, vmn, Invalid cost)</a> <!-- method navigator-link -->
                      </span>
                      <br/>
                      <span>
                        <img src="passed.png" width="3%"/>
                        <a href="#" panel-name="suite-AllTests" title="skyfoxapp.testcases.customersignuptest.ValidatingMobileNumberTest" class="method navigator-link" hash-for-method="mobileNumberValidityChecking(aswini, aswini, aswini@gmail.com, 9087654, Aswini.1, Aswini.1, Enter a valid mobile number)">mobileNumberValidityChecking(aswini, aswini, aswini@gmail.com, 9087654, Aswini.1, Aswini.1, Enter a valid mobile number)</a> <!-- method navigator-link -->
                      </span>
                      <br/>
                      <span>
                        <img src="passed.png" width="3%"/>
                        <a href="#" panel-name="suite-AllTests" title="skyfoxapp.testcases.customersignuptest.ValidatingMobileNumberTest" class="method navigator-link" hash-for-method="mobileNumberValidityChecking(aswini, aswini, aswini@gmail.com, 908765423456789, Aswini.1, Aswini.1, Enter a valid mobile number)">mobileNumberValidityChecking(aswini, aswini, aswini@gmail.com, 908765423456789, Aswini.1, Aswini.1, Enter a valid mobile number)</a> <!-- method navigator-link -->
                      </span>
                      <br/>
                      <span>
                        <img src="passed.png" width="3%"/>
                        <a href="#" panel-name="suite-AllTests" title="skyfoxapp.testcases.customersignuptest.ValidatingPasswordTest" class="method navigator-link" hash-for-method="passwordValidityChecking(aswini, aswini, aswini@gmail.com, 9087654321, aswini.1, aswini.1, Password must contain 8-64 charact...)">passwordValidityChecking(aswini, aswini, aswini@gmail.com, 9087654321, aswini.1, aswini.1, Password must contain 8-64 charact...)</a> <!-- method navigator-link -->
                      </span>
                      <br/>
                      <span>
                        <img src="passed.png" width="3%"/>
                        <a href="#" panel-name="suite-AllTests" title="skyfoxapp.testcases.customersignuptest.ValidatingPasswordTest" class="method navigator-link" hash-for-method="passwordValidityChecking(aswini, aswini, aswini@gmail.com, 9087654321, Aswini.., Aswini.., Password must contain 8-64 charact...)">passwordValidityChecking(aswini, aswini, aswini@gmail.com, 9087654321, Aswini.., Aswini.., Password must contain 8-64 charact...)</a> <!-- method navigator-link -->
                      </span>
                      <br/>
                      <span>
                        <img src="passed.png" width="3%"/>
                        <a href="#" panel-name="suite-AllTests" title="skyfoxapp.testcases.customersignuptest.ValidatingPasswordTest" class="method navigator-link" hash-for-method="passwordValidityChecking(aswini, aswini, aswini@gmail.com, 9087654321, Aswini11, Aswini11, Password must contain 8-64 charact...)">passwordValidityChecking(aswini, aswini, aswini@gmail.com, 9087654321, Aswini11, Aswini11, Password must contain 8-64 charact...)</a> <!-- method navigator-link -->
                      </span>
                      <br/>
                      <span>
                        <img src="passed.png" width="3%"/>
                        <a href="#" panel-name="suite-AllTests" title="skyfoxapp.testcases.customersignuptest.ValidatingPasswordTest" class="method navigator-link" hash-for-method="passwordValidityChecking(aswini, aswini, aswini@gmail.com, 9087654321, Abc.1, Abc.1, Password must contain 8-64 characters,
a...)">passwordValidityChecking(aswini, aswini, aswini@gmail.com, 9087654321, Abc.1, Abc.1, Password must contain 8-64 characters,
a...)</a> <!-- method navigator-link -->
                      </span>
                      <br/>
                      <span>
                        <img src="passed.png" width="3%"/>
                        <a href="#" panel-name="suite-AllTests" title="skyfoxapp.testcases.customersignuptest.ValidatingPasswordTest" class="method navigator-link" hash-for-method="passwordValidityChecking(aswini, aswini, aswini@gmail.com, 9087654321, A group of words containing a subject and a verb, that...)">passwordValidityChecking(aswini, aswini, aswini@gmail.com, 9087654321, A group of words containing a subject and a verb, that...)</a> <!-- method navigator-link -->
                      </span>
                      <br/>
                      <span>
                        <img src="passed.png" width="3%"/>
                        <a href="#" panel-name="suite-AllTests" title="skyfoxapp.testcases.customersignuptest.ValidatingPasswordTest" class="method navigator-link" hash-for-method="passwordValidityChecking(aswini, aswini, aswini@gmail.com, 9087654321, abcdef, abcdef, Password must contain 8-64 characters,...)">passwordValidityChecking(aswini, aswini, aswini@gmail.com, 9087654321, abcdef, abcdef, Password must contain 8-64 characters,...)</a> <!-- method navigator-link -->
                      </span>
                      <br/>
                      <span>
                        <img src="passed.png" width="3%"/>
                        <a href="#" panel-name="suite-AllTests" title="skyfoxapp.testcases.addMovieScheduleTest.PositiveScheduleTest" class="method navigator-link" hash-for-method="scheduleMovieTest(Karthinivash, Gurleen@2, 200)">scheduleMovieTest(Karthinivash, Gurleen@2, 200)</a> <!-- method navigator-link -->
                      </span>
                      <br/>
                      <span>
                        <img src="passed.png" width="3%"/>
                        <a href="#" panel-name="suite-AllTests" title="skyfoxapp.testcases.addMovieScheduleTest.PreviousDayNoAvailableSlotsScheduleTest" class="method navigator-link" hash-for-method="scheduleMovieTest(Karthinivash, Gurleen@2)">scheduleMovieTest(Karthinivash, Gurleen@2)</a> <!-- method navigator-link -->
                      </span>
                      <br/>
                      <span>
                        <img src="passed.png" width="3%"/>
                        <a href="#" panel-name="suite-AllTests" title="skyfoxapp.testcases.addMovieScheduleTest.PreviousDayAvailableSlotsScheduleTest" class="method navigator-link" hash-for-method="scheduleMovieTest(Karthinivash, Gurleen@2)">scheduleMovieTest(Karthinivash, Gurleen@2)</a> <!-- method navigator-link -->
                      </span>
                      <br/>
                      <span>
                        <img src="passed.png" width="3%"/>
                        <a href="#" panel-name="suite-AllTests" title="skyfoxapp.testcases.addMovieScheduleTest.NoAvailableSlotsScheduleTest" class="method navigator-link" hash-for-method="scheduleMovieTest(Karthinivash, Gurleen@2)">scheduleMovieTest(Karthinivash, Gurleen@2)</a> <!-- method navigator-link -->
                      </span>
                      <br/>
                      <span>
                        <img src="passed.png" width="3%"/>
                        <a href="#" panel-name="suite-AllTests" title="skyfoxapp.testcases.customersignuptest.ValidatingAlreadyExistingUsernameTest" class="method navigator-link" hash-for-method="usernameValidityChecking(aswini, seed-user-1, aswini@gmail.com, 9087654123, Aswini.1, Aswini.1, A user with the username alre...)">usernameValidityChecking(aswini, seed-user-1, aswini@gmail.com, 9087654123, Aswini.1, Aswini.1, A user with the username alre...)</a> <!-- method navigator-link -->
                      </span>
                      <br/>
                      <span>
                        <img src="passed.png" width="3%"/>
                        <a href="#" panel-name="suite-AllTests" title="skyfoxapp.testcases.viewmovieposter.PositiveViewMoviePoster" class="method navigator-link" hash-for-method="viewMoviePoster(Karthinivash, Gurleen@2)">viewMoviePoster(Karthinivash, Gurleen@2)</a> <!-- method navigator-link -->
                      </span>
                      <br/>
                    </div> <!-- method-list-content passed suite-AllTests -->
                  </li>
                </ul>
              </div> <!-- suite-section-content -->
            </div> <!-- result-section -->
          </div> <!-- navigator-suite-content -->
        </div> <!-- rounded-window -->
      </div> <!-- suite -->
    </div> <!-- navigator-root -->
    <div class="wrapper">
      <div class="main-panel-root">
        <div panel-name="suite-AllTests" class="panel AllTests">
          <div class="suite-AllTests-class-failed">
            <div class="main-panel-header rounded-window-top">
              <img src="failed.png"/>
              <span class="class-name">skyfoxapp.testcases.customerBookingTest.ValidateAvailableSeatsTest</span>
            </div> <!-- main-panel-header rounded-window-top -->
            <div class="main-panel-content rounded-window-bottom">
              <div class="method">
                <div class="method-content">
                  <a name="customerBookingTest(seed-user-3, Gurleen@1, 5)">
                  </a> <!-- customerBookingTest(seed-user-3, Gurleen@1, 5) -->
                  <span class="method-name">customerBookingTest</span>
                  <span class="parameters">(seed-user-3, Gurleen@1, 5)</span>
                  <div class="stack-trace">org.openqa.selenium.NoSuchElementException: no such element: Unable to locate element: {&quot;method&quot;:&quot;css selector&quot;,&quot;selector&quot;:&quot;.MuiAlert\-message&quot;}
  (Session info: chrome=104.0.5112.101)
For documentation on this error, please visit: https://selenium.dev/exceptions/#no_such_element
Build info: version: &apos;4.2.1&apos;, revision: &apos;ac4d0fdd4a&apos;
System info: host: &apos;Krupasrees-MacBook-Pro.local&apos;, ip: &apos;fe80:0:0:0:889:df75:c81f:dc42%en0&apos;, os.name: &apos;Mac OS X&apos;, os.arch: &apos;aarch64&apos;, os.version: &apos;12.5&apos;, java.version: &apos;11.0.14&apos;
Driver info: org.openqa.selenium.chrome.ChromeDriver
Command: [9fd233163910b16886abaf4199ff1e09, findElement {using=class name, value=MuiAlert-message}]
Capabilities {acceptInsecureCerts: false, browserName: chrome, browserVersion: 104.0.5112.101, chrome: {chromedriverVersion: 103.0.5060.53 (a1711811edd7..., userDataDir: /var/folders/r1/xlj9hvl92b9...}, goog:chromeOptions: {debuggerAddress: localhost:52115}, networkConnectionEnabled: false, pageLoadStrategy: normal, platformName: MAC, proxy: Proxy(), se:cdp: ws://localhost:52115/devtoo..., se:cdpVersion: 104.0.5112.101, setWindowRect: true, strictFileInteractability: false, timeouts: {implicit: 0, pageLoad: 300000, script: 30000}, unhandledPromptBehavior: dismiss and notify, webauthn:extension:credBlob: true, webauthn:extension:largeBlob: true, webauthn:virtualAuthenticators: true}
Session ID: 9fd233163910b16886abaf4199ff1e09
	at org.openqa.selenium.remote.codec.w3c.W3CHttpResponseCodec.createException(W3CHttpResponseCodec.java:200)
	at org.openqa.selenium.remote.codec.w3c.W3CHttpResponseCodec.decode(W3CHttpResponseCodec.java:133)
	at org.openqa.selenium.remote.codec.w3c.W3CHttpResponseCodec.decode(W3CHttpResponseCodec.java:53)
	at org.openqa.selenium.remote.HttpCommandExecutor.execute(HttpCommandExecutor.java:184)
	at org.openqa.selenium.remote.service.DriverCommandExecutor.invokeExecute(DriverCommandExecutor.java:167)
	at org.openqa.selenium.remote.service.DriverCommandExecutor.execute(DriverCommandExecutor.java:142)
	at org.openqa.selenium.remote.RemoteWebDriver.execute(RemoteWebDriver.java:551)
	at org.openqa.selenium.remote.ElementLocation$ElementFinder$2.findElement(ElementLocation.java:162)
	at org.openqa.selenium.remote.ElementLocation.findElement(ElementLocation.java:60)
	at org.openqa.selenium.remote.RemoteWebDriver.findElement(RemoteWebDriver.java:369)
	at org.openqa.selenium.remote.RemoteWebDriver.findElement(RemoteWebDriver.java:361)
	at org.openqa.selenium.support.pagefactory.DefaultElementLocator.findElement(DefaultElementLocator.java:70)
	at org.openqa.selenium.support.pagefactory.internal.LocatingElementHandler.invoke(LocatingElementHandler.java:39)
	at com.sun.proxy.$Proxy14.getText(Unknown Source)
	at pages.CustomerBookingPage.returnAvailableSeatsErrorMsg(CustomerBookingPage.java:222)
	at skyfoxapp.testcases.customerBookingTest.ValidateAvailableSeatsTest.customerBookingTest(ValidateAvailableSeatsTest.java:51)
	at java.base/java.util.ArrayList.forEach(ArrayList.java:1541)
... Removed 35 stack frames
</div> <!-- stack-trace -->
                </div> <!-- method-content -->
              </div> <!-- method -->
            </div> <!-- main-panel-content rounded-window-bottom -->
          </div> <!-- suite-AllTests-class-failed -->
          <div class="suite-AllTests-class-failed">
            <div class="main-panel-header rounded-window-top">
              <img src="failed.png"/>
              <span class="class-name">skyfoxapp.testcases.customerBookingTest.ValidateAdminBookingPhnNumberFieldTest</span>
            </div> <!-- main-panel-header rounded-window-top -->
            <div class="main-panel-content rounded-window-bottom">
              <div class="method">
                <div class="method-content">
                  <a name="customerBookingTest(Karthinivash, Gurleen@2, , Krupa, 1123457890, krupa@gmail.com)">
                  </a> <!-- customerBookingTest(Karthinivash, Gurleen@2, , Krupa, 1123457890, krupa@gmail.com) -->
                  <span class="method-name">customerBookingTest</span>
                  <span class="parameters">(Karthinivash, Gurleen@2, , Krupa, 1123457890, krupa@gmail.com)</span>
                  <div class="stack-trace">java.lang.AssertionError: Dialog box is not displayed expected [true] but found [false]
	at skyfoxapp.testcases.customerBookingTest.ValidateAdminBookingPhnNumberFieldTest.customerBookingTest(ValidateAdminBookingPhnNumberFieldTest.java:37)
	at java.base/java.util.ArrayList.forEach(ArrayList.java:1541)
... Removed 34 stack frames
</div> <!-- stack-trace -->
                </div> <!-- method-content -->
              </div> <!-- method -->
            </div> <!-- main-panel-content rounded-window-bottom -->
          </div> <!-- suite-AllTests-class-failed -->
          <div class="suite-AllTests-class-passed">
            <div class="main-panel-header rounded-window-top">
              <img src="passed.png"/>
              <span class="class-name">skyfoxapp.testcases.customerBookingTest.ValidatePastDayMoviesTest</span>
            </div> <!-- main-panel-header rounded-window-top -->
            <div class="main-panel-content rounded-window-bottom">
              <div class="method">
                <div class="method-content">
                  <a name="customerBookingTest(Karthinivash, Gurleen@2)">
                  </a> <!-- customerBookingTest(Karthinivash, Gurleen@2) -->
                  <span class="method-name">customerBookingTest</span>
                  <span class="parameters">(Karthinivash, Gurleen@2)</span>
                </div> <!-- method-content -->
              </div> <!-- method -->
            </div> <!-- main-panel-content rounded-window-bottom -->
          </div> <!-- suite-AllTests-class-passed -->
          <div class="suite-AllTests-class-passed">
            <div class="main-panel-header rounded-window-top">
              <img src="passed.png"/>
              <span class="class-name">skyfoxapp.testcases.customerBookingTest.ValidatePastShowsTest</span>
            </div> <!-- main-panel-header rounded-window-top -->
            <div class="main-panel-content rounded-window-bottom">
              <div class="method">
                <div class="method-content">
                  <a name="customerBookingTest(seed-user-3, Gurleen@1)">
                  </a> <!-- customerBookingTest(seed-user-3, Gurleen@1) -->
                  <span class="method-name">customerBookingTest</span>
                  <span class="parameters">(seed-user-3, Gurleen@1)</span>
                </div> <!-- method-content -->
              </div> <!-- method -->
            </div> <!-- main-panel-content rounded-window-bottom -->
          </div> <!-- suite-AllTests-class-passed -->
          <div class="suite-AllTests-class-passed">
            <div class="main-panel-header rounded-window-top">
              <img src="passed.png"/>
              <span class="class-name">skyfoxapp.testcases.customerBookingTest.ValidateAdminBookingEmailTest</span>
            </div> <!-- main-panel-header rounded-window-top -->
            <div class="main-panel-content rounded-window-bottom">
              <div class="method">
                <div class="method-content">
                  <a name="customerBookingTest(Karthinivash, Gurleen@2, , Krupa, 6123457890, krupa)">
                  </a> <!-- customerBookingTest(Karthinivash, Gurleen@2, , Krupa, 6123457890, krupa) -->
                  <span class="method-name">customerBookingTest</span>
                  <span class="parameters">(Karthinivash, Gurleen@2, , Krupa, 6123457890, krupa)</span>
                </div> <!-- method-content -->
              </div> <!-- method -->
            </div> <!-- main-panel-content rounded-window-bottom -->
          </div> <!-- suite-AllTests-class-passed -->
          <div class="suite-AllTests-class-passed">
            <div class="main-panel-header rounded-window-top">
              <img src="passed.png"/>
              <span class="class-name">skyfoxapp.testcases.preventunauthorizedactions.ActionsForAdmin</span>
            </div> <!-- main-panel-header rounded-window-top -->
            <div class="main-panel-content rounded-window-bottom">
              <div class="method">
                <div class="method-content">
                  <a name="actionsForAdmin(Karthinivash, Gurleen@2)">
                  </a> <!-- actionsForAdmin(Karthinivash, Gurleen@2) -->
                  <span class="method-name">actionsForAdmin</span>
                  <span class="parameters">(Karthinivash, Gurleen@2)</span>
                </div> <!-- method-content -->
              </div> <!-- method -->
            </div> <!-- main-panel-content rounded-window-bottom -->
          </div> <!-- suite-AllTests-class-passed -->
          <div class="suite-AllTests-class-passed">
            <div class="main-panel-header rounded-window-top">
              <img src="passed.png"/>
              <span class="class-name">skyfoxapp.testcases.customersignuptest.ValidatingConfirmPasswordtTest</span>
            </div> <!-- main-panel-header rounded-window-top -->
            <div class="main-panel-content rounded-window-bottom">
              <div class="method">
                <div class="method-content">
                  <a name="confirmPasswordAndPasswordMatchValidation(aswini, aswini, aswini@gmail.com, 9087654321, Aswini.1, aswini.1, Password and confirm password do n...)">
                  </a> <!-- confirmPasswordAndPasswordMatchValidation(aswini, aswini, aswini@gmail.com, 9087654321, Aswini.1, aswini.1, Password and confirm password do n...) -->
                  <span class="method-name">confirmPasswordAndPasswordMatchValidation</span>
                  <span class="parameters">(aswini, aswini, aswini@gmail.com, 9087654321, Aswini.1, aswini.1, Password and confirm password do not match)</span>
                </div> <!-- method-content -->
              </div> <!-- method -->
            </div> <!-- main-panel-content rounded-window-bottom -->
          </div> <!-- suite-AllTests-class-passed -->
          <div class="suite-AllTests-class-passed">
            <div class="main-panel-header rounded-window-top">
              <img src="passed.png"/>
              <span class="class-name">skyfoxapp.testcases.customerBookingTest.ValidateNumberOfSeatsTest</span>
            </div> <!-- main-panel-header rounded-window-top -->
            <div class="main-panel-content rounded-window-bottom">
              <div class="method">
                <div class="method-content">
                  <a name="customerBookingTest(seed-user-3, Gurleen@1, 100)">
                  </a> <!-- customerBookingTest(seed-user-3, Gurleen@1, 100) -->
                  <span class="method-name">customerBookingTest</span>
                  <span class="parameters">(seed-user-3, Gurleen@1, 100)</span>
                </div> <!-- method-content -->
              </div> <!-- method -->
            </div> <!-- main-panel-content rounded-window-bottom -->
          </div> <!-- suite-AllTests-class-passed -->
          <div class="suite-AllTests-class-passed">
            <div class="main-panel-header rounded-window-top">
              <img src="passed.png"/>
              <span class="class-name">skyfoxapp.testcases.changepasswordtest.ValidateConfirmPasswordTest</span>
            </div> <!-- main-panel-header rounded-window-top -->
            <div class="main-panel-content rounded-window-bottom">
              <div class="method">
                <div class="method-content">
                  <a name="changePasswordTest(Karthinivash, Gurleen@2, Gurleen@2, Skyfox@4, Skyfox4)">
                  </a> <!-- changePasswordTest(Karthinivash, Gurleen@2, Gurleen@2, Skyfox@4, Skyfox4) -->
                  <span class="method-name">changePasswordTest</span>
                  <span class="parameters">(Karthinivash, Gurleen@2, Gurleen@2, Skyfox@4, Skyfox4)</span>
                </div> <!-- method-content -->
              </div> <!-- method -->
            </div> <!-- main-panel-content rounded-window-bottom -->
          </div> <!-- suite-AllTests-class-passed -->
          <div class="suite-AllTests-class-passed">
            <div class="main-panel-header rounded-window-top">
              <img src="passed.png"/>
              <span class="class-name">skyfoxapp.testcases.preventunauthorizedactions.ActionsForCustomer</span>
            </div> <!-- main-panel-header rounded-window-top -->
            <div class="main-panel-content rounded-window-bottom">
              <div class="method">
                <div class="method-content">
                  <a name="actionsForCustomer(aswini, Skyfox@24)">
                  </a> <!-- actionsForCustomer(aswini, Skyfox@24) -->
                  <span class="method-name">actionsForCustomer</span>
                  <span class="parameters">(aswini, Skyfox@24)</span>
                </div> <!-- method-content -->
              </div> <!-- method -->
            </div> <!-- main-panel-content rounded-window-bottom -->
          </div> <!-- suite-AllTests-class-passed -->
          <div class="suite-AllTests-class-passed">
            <div class="main-panel-header rounded-window-top">
              <img src="passed.png"/>
              <span class="class-name">skyfoxapp.testcases.addMovieScheduleTest.PositiveScheduleTest</span>
            </div> <!-- main-panel-header rounded-window-top -->
            <div class="main-panel-content rounded-window-bottom">
              <div class="method">
                <div class="method-content">
                  <a name="scheduleMovieTest(Karthinivash, Gurleen@2, 200)">
                  </a> <!-- scheduleMovieTest(Karthinivash, Gurleen@2, 200) -->
                  <span class="method-name">scheduleMovieTest</span>
                  <span class="parameters">(Karthinivash, Gurleen@2, 200)</span>
                </div> <!-- method-content -->
              </div> <!-- method -->
            </div> <!-- main-panel-content rounded-window-bottom -->
          </div> <!-- suite-AllTests-class-passed -->
          <div class="suite-AllTests-class-passed">
            <div class="main-panel-header rounded-window-top">
              <img src="passed.png"/>
              <span class="class-name">skyfoxapp.testcases.customersignuptest.ValidatingPasswordTest</span>
            </div> <!-- main-panel-header rounded-window-top -->
            <div class="main-panel-content rounded-window-bottom">
              <div class="method">
                <div class="method-content">
                  <a name="passwordValidityChecking(aswini, aswini, aswini@gmail.com, 9087654321, aswini.1, aswini.1, Password must contain 8-64 charact...)">
                  </a> <!-- passwordValidityChecking(aswini, aswini, aswini@gmail.com, 9087654321, aswini.1, aswini.1, Password must contain 8-64 charact...) -->
                  <span class="method-name">passwordValidityChecking</span>
                  <span class="parameters">(aswini, aswini, aswini@gmail.com, 9087654321, aswini.1, aswini.1, Password must contain 8-64 characters,
at least one uppercase character,
one number and one special character)</span>
                </div> <!-- method-content -->
              </div> <!-- method -->
              <div class="method">
                <div class="method-content">
                  <a name="passwordValidityChecking(aswini, aswini, aswini@gmail.com, 9087654321, Aswini.., Aswini.., Password must contain 8-64 charact...)">
                  </a> <!-- passwordValidityChecking(aswini, aswini, aswini@gmail.com, 9087654321, Aswini.., Aswini.., Password must contain 8-64 charact...) -->
                  <span class="method-name">passwordValidityChecking</span>
                  <span class="parameters">(aswini, aswini, aswini@gmail.com, 9087654321, Aswini.., Aswini.., Password must contain 8-64 characters,
at least one uppercase character,
one number and one special character)</span>
                </div> <!-- method-content -->
              </div> <!-- method -->
              <div class="method">
                <div class="method-content">
                  <a name="passwordValidityChecking(aswini, aswini, aswini@gmail.com, 9087654321, Aswini11, Aswini11, Password must contain 8-64 charact...)">
                  </a> <!-- passwordValidityChecking(aswini, aswini, aswini@gmail.com, 9087654321, Aswini11, Aswini11, Password must contain 8-64 charact...) -->
                  <span class="method-name">passwordValidityChecking</span>
                  <span class="parameters">(aswini, aswini, aswini@gmail.com, 9087654321, Aswini11, Aswini11, Password must contain 8-64 characters,
at least one uppercase character,
one number and one special character)</span>
                </div> <!-- method-content -->
              </div> <!-- method -->
              <div class="method">
                <div class="method-content">
                  <a name="passwordValidityChecking(aswini, aswini, aswini@gmail.com, 9087654321, Abc.1, Abc.1, Password must contain 8-64 characters,
a...)">
                  </a> <!-- passwordValidityChecking(aswini, aswini, aswini@gmail.com, 9087654321, Abc.1, Abc.1, Password must contain 8-64 characters,
a...) -->
                  <span class="method-name">passwordValidityChecking</span>
                  <span class="parameters">(aswini, aswini, aswini@gmail.com, 9087654321, Abc.1, Abc.1, Password must contain 8-64 characters,
at least one uppercase character,
one number and one special character)</span>
                </div> <!-- method-content -->
              </div> <!-- method -->
              <div class="method">
                <div class="method-content">
                  <a name="passwordValidityChecking(aswini, aswini, aswini@gmail.com, 9087654321, A group of words containing a subject and a verb, that...)">
                  </a> <!-- passwordValidityChecking(aswini, aswini, aswini@gmail.com, 9087654321, A group of words containing a subject and a verb, that...) -->
                  <span class="method-name">passwordValidityChecking</span>
                  <span class="parameters">(aswini, aswini, aswini@gmail.com, 9087654321, A group of words containing a subject and a verb, that expresses a statement, a question, etc1., A group of words containing a subject and a verb, that expresses a statement, a question, etc1., Password must contain 8-64 characters,
at least one uppercase character,
one number and one special character)</span>
                </div> <!-- method-content -->
              </div> <!-- method -->
              <div class="method">
                <div class="method-content">
                  <a name="passwordValidityChecking(aswini, aswini, aswini@gmail.com, 9087654321, abcdef, abcdef, Password must contain 8-64 characters,...)">
                  </a> <!-- passwordValidityChecking(aswini, aswini, aswini@gmail.com, 9087654321, abcdef, abcdef, Password must contain 8-64 characters,...) -->
                  <span class="method-name">passwordValidityChecking</span>
                  <span class="parameters">(aswini, aswini, aswini@gmail.com, 9087654321, abcdef, abcdef, Password must contain 8-64 characters,
at least one uppercase character,
one number and one special character)</span>
                </div> <!-- method-content -->
              </div> <!-- method -->
            </div> <!-- main-panel-content rounded-window-bottom -->
          </div> <!-- suite-AllTests-class-passed -->
          <div class="suite-AllTests-class-passed">
            <div class="main-panel-header rounded-window-top">
              <img src="passed.png"/>
              <span class="class-name">skyfoxapp.testcases.addMovieScheduleTest.PreviousDayAvailableSlotsScheduleTest</span>
            </div> <!-- main-panel-header rounded-window-top -->
            <div class="main-panel-content rounded-window-bottom">
              <div class="method">
                <div class="method-content">
                  <a name="scheduleMovieTest(Karthinivash, Gurleen@2)">
                  </a> <!-- scheduleMovieTest(Karthinivash, Gurleen@2) -->
                  <span class="method-name">scheduleMovieTest</span>
                  <span class="parameters">(Karthinivash, Gurleen@2)</span>
                </div> <!-- method-content -->
              </div> <!-- method -->
            </div> <!-- main-panel-content rounded-window-bottom -->
          </div> <!-- suite-AllTests-class-passed -->
          <div class="suite-AllTests-class-passed">
            <div class="main-panel-header rounded-window-top">
              <img src="passed.png"/>
              <span class="class-name">skyfoxapp.testcases.customersignuptest.ValidatingAllFieldsNegativeTest</span>
            </div> <!-- main-panel-header rounded-window-top -->
            <div class="main-panel-content rounded-window-bottom">
              <div class="method">
                <div class="method-content">
                  <a name="customerSignupPageTest(, , , , , , Name is required, Username is required, Email is required, Mobile number is required, Pa...)">
                  </a> <!-- customerSignupPageTest(, , , , , , Name is required, Username is required, Email is required, Mobile number is required, Pa...) -->
                  <span class="method-name">customerSignupPageTest</span>
                  <span class="parameters">(, , , , , , Name is required, Username is required, Email is required, Mobile number is required, Password is required, Password is required)</span>
                </div> <!-- method-content -->
              </div> <!-- method -->
            </div> <!-- main-panel-content rounded-window-bottom -->
          </div> <!-- suite-AllTests-class-passed -->
          <div class="suite-AllTests-class-passed">
            <div class="main-panel-header rounded-window-top">
              <img src="passed.png"/>
              <span class="class-name">skyfoxapp.testcases.customersignuptest.ValidatingMobileNumberTest</span>
            </div> <!-- main-panel-header rounded-window-top -->
            <div class="main-panel-content rounded-window-bottom">
              <div class="method">
                <div class="method-content">
                  <a name="mobileNumberValidityChecking(aswini, aswini, aswini@gmail.com, 9087654, Aswini.1, Aswini.1, Enter a valid mobile number)">
                  </a> <!-- mobileNumberValidityChecking(aswini, aswini, aswini@gmail.com, 9087654, Aswini.1, Aswini.1, Enter a valid mobile number) -->
                  <span class="method-name">mobileNumberValidityChecking</span>
                  <span class="parameters">(aswini, aswini, aswini@gmail.com, 9087654, Aswini.1, Aswini.1, Enter a valid mobile number)</span>
                </div> <!-- method-content -->
              </div> <!-- method -->
              <div class="method">
                <div class="method-content">
                  <a name="mobileNumberValidityChecking(aswini, aswini, aswini@gmail.com, 908765423456789, Aswini.1, Aswini.1, Enter a valid mobile number)">
                  </a> <!-- mobileNumberValidityChecking(aswini, aswini, aswini@gmail.com, 908765423456789, Aswini.1, Aswini.1, Enter a valid mobile number) -->
                  <span class="method-name">mobileNumberValidityChecking</span>
                  <span class="parameters">(aswini, aswini, aswini@gmail.com, 908765423456789, Aswini.1, Aswini.1, Enter a valid mobile number)</span>
                </div> <!-- method-content -->
              </div> <!-- method -->
            </div> <!-- main-panel-content rounded-window-bottom -->
          </div> <!-- suite-AllTests-class-passed -->
          <div class="suite-AllTests-class-passed">
            <div class="main-panel-header rounded-window-top">
              <img src="passed.png"/>
              <span class="class-name">skyfoxapp.testcases.changepasswordtest.ValidatePreviousPasswordTest</span>
            </div> <!-- main-panel-header rounded-window-top -->
            <div class="main-panel-content rounded-window-bottom">
              <div class="method">
                <div class="method-content">
                  <a name="changePasswordTest(Karthinivash, Gurleen@2, Gurleen@2, Gurleen@2, Gurleen@2)">
                  </a> <!-- changePasswordTest(Karthinivash, Gurleen@2, Gurleen@2, Gurleen@2, Gurleen@2) -->
                  <span class="method-name">changePasswordTest</span>
                  <span class="parameters">(Karthinivash, Gurleen@2, Gurleen@2, Gurleen@2, Gurleen@2)</span>
                </div> <!-- method-content -->
              </div> <!-- method -->
            </div> <!-- main-panel-content rounded-window-bottom -->
          </div> <!-- suite-AllTests-class-passed -->
          <div class="suite-AllTests-class-passed">
            <div class="main-panel-header rounded-window-top">
              <img src="passed.png"/>
              <span class="class-name">skyfoxapp.testcases.addMovieScheduleTest.NegativeScheduleTest</span>
            </div> <!-- main-panel-header rounded-window-top -->
            <div class="main-panel-content rounded-window-bottom">
              <div class="method">
                <div class="method-content">
                  <a name="loginPageTest(Karthinivash, Gurleen@2, vmn, Invalid cost)">
                  </a> <!-- loginPageTest(Karthinivash, Gurleen@2, vmn, Invalid cost) -->
                  <span class="method-name">loginPageTest</span>
                  <span class="parameters">(Karthinivash, Gurleen@2, vmn, Invalid cost)</span>
                </div> <!-- method-content -->
              </div> <!-- method -->
            </div> <!-- main-panel-content rounded-window-bottom -->
          </div> <!-- suite-AllTests-class-passed -->
          <div class="suite-AllTests-class-passed">
            <div class="main-panel-header rounded-window-top">
              <img src="passed.png"/>
              <span class="class-name">skyfoxapp.testcases.changepasswordtest.PositiveChangePasswordTest</span>
            </div> <!-- main-panel-header rounded-window-top -->
            <div class="main-panel-content rounded-window-bottom">
              <div class="method">
                <div class="method-content">
                  <a name="changePasswordTest(Karthinivash, Gurleen@2, Gurleen@2, Skyfox@4, Skyfox@4)">
                  </a> <!-- changePasswordTest(Karthinivash, Gurleen@2, Gurleen@2, Skyfox@4, Skyfox@4) -->
                  <span class="method-name">changePasswordTest</span>
                  <span class="parameters">(Karthinivash, Gurleen@2, Gurleen@2, Skyfox@4, Skyfox@4)</span>
                </div> <!-- method-content -->
              </div> <!-- method -->
            </div> <!-- main-panel-content rounded-window-bottom -->
          </div> <!-- suite-AllTests-class-passed -->
          <div class="suite-AllTests-class-passed">
            <div class="main-panel-header rounded-window-top">
              <img src="passed.png"/>
              <span class="class-name">skyfoxapp.testcases.loginpagetest.PositiveLoginTest</span>
            </div> <!-- main-panel-header rounded-window-top -->
            <div class="main-panel-content rounded-window-bottom">
              <div class="method">
                <div class="method-content">
                  <a name="loginPageTest(Karthinivash, Gurleen@2)">
                  </a> <!-- loginPageTest(Karthinivash, Gurleen@2) -->
                  <span class="method-name">loginPageTest</span>
                  <span class="parameters">(Karthinivash, Gurleen@2)</span>
                </div> <!-- method-content -->
              </div> <!-- method -->
            </div> <!-- main-panel-content rounded-window-bottom -->
          </div> <!-- suite-AllTests-class-passed -->
          <div class="suite-AllTests-class-passed">
            <div class="main-panel-header rounded-window-top">
              <img src="passed.png"/>
              <span class="class-name">skyfoxapp.testcases.changepasswordtest.ValidateInvalidCurrentPasswordTest</span>
            </div> <!-- main-panel-header rounded-window-top -->
            <div class="main-panel-content rounded-window-bottom">
              <div class="method">
                <div class="method-content">
                  <a name="changePasswordTest(Karthinivash, Gurleen@2, Skyfox@4, Skyfox@5, Skyfox@5)">
                  </a> <!-- changePasswordTest(Karthinivash, Gurleen@2, Skyfox@4, Skyfox@5, Skyfox@5) -->
                  <span class="method-name">changePasswordTest</span>
                  <span class="parameters">(Karthinivash, Gurleen@2, Skyfox@4, Skyfox@5, Skyfox@5)</span>
                </div> <!-- method-content -->
              </div> <!-- method -->
            </div> <!-- main-panel-content rounded-window-bottom -->
          </div> <!-- suite-AllTests-class-passed -->
          <div class="suite-AllTests-class-passed">
            <div class="main-panel-header rounded-window-top">
              <img src="passed.png"/>
              <span class="class-name">skyfoxapp.testcases.addMovieScheduleTest.PreviousDayNoAvailableSlotsScheduleTest</span>
            </div> <!-- main-panel-header rounded-window-top -->
            <div class="main-panel-content rounded-window-bottom">
              <div class="method">
                <div class="method-content">
                  <a name="scheduleMovieTest(Karthinivash, Gurleen@2)">
                  </a> <!-- scheduleMovieTest(Karthinivash, Gurleen@2) -->
                  <span class="method-name">scheduleMovieTest</span>
                  <span class="parameters">(Karthinivash, Gurleen@2)</span>
                </div> <!-- method-content -->
              </div> <!-- method -->
            </div> <!-- main-panel-content rounded-window-bottom -->
          </div> <!-- suite-AllTests-class-passed -->
          <div class="suite-AllTests-class-passed">
            <div class="main-panel-header rounded-window-top">
              <img src="passed.png"/>
              <span class="class-name">skyfoxapp.testcases.addMovieScheduleTest.NoAvailableSlotsScheduleTest</span>
            </div> <!-- main-panel-header rounded-window-top -->
            <div class="main-panel-content rounded-window-bottom">
              <div class="method">
                <div class="method-content">
                  <a name="scheduleMovieTest(Karthinivash, Gurleen@2)">
                  </a> <!-- scheduleMovieTest(Karthinivash, Gurleen@2) -->
                  <span class="method-name">scheduleMovieTest</span>
                  <span class="parameters">(Karthinivash, Gurleen@2)</span>
                </div> <!-- method-content -->
              </div> <!-- method -->
            </div> <!-- main-panel-content rounded-window-bottom -->
          </div> <!-- suite-AllTests-class-passed -->
          <div class="suite-AllTests-class-passed">
            <div class="main-panel-header rounded-window-top">
              <img src="passed.png"/>
              <span class="class-name">skyfoxapp.testcases.viewmovieposter.PositiveViewMoviePoster</span>
            </div> <!-- main-panel-header rounded-window-top -->
            <div class="main-panel-content rounded-window-bottom">
              <div class="method">
                <div class="method-content">
                  <a name="viewMoviePoster(Karthinivash, Gurleen@2)">
                  </a> <!-- viewMoviePoster(Karthinivash, Gurleen@2) -->
                  <span class="method-name">viewMoviePoster</span>
                  <span class="parameters">(Karthinivash, Gurleen@2)</span>
                </div> <!-- method-content -->
              </div> <!-- method -->
            </div> <!-- main-panel-content rounded-window-bottom -->
          </div> <!-- suite-AllTests-class-passed -->
          <div class="suite-AllTests-class-passed">
            <div class="main-panel-header rounded-window-top">
              <img src="passed.png"/>
              <span class="class-name">skyfoxapp.testcases.customerBookingTest.ValidateAdminBookingNameFeildTest</span>
            </div> <!-- main-panel-header rounded-window-top -->
            <div class="main-panel-content rounded-window-bottom">
              <div class="method">
                <div class="method-content">
                  <a name="customerBookingTest(Karthinivash, Gurleen@2, , 6123457890, krupa@gmail.com)">
                  </a> <!-- customerBookingTest(Karthinivash, Gurleen@2, , 6123457890, krupa@gmail.com) -->
                  <span class="method-name">customerBookingTest</span>
                  <span class="parameters">(Karthinivash, Gurleen@2, , 6123457890, krupa@gmail.com)</span>
                </div> <!-- method-content -->
              </div> <!-- method -->
            </div> <!-- main-panel-content rounded-window-bottom -->
          </div> <!-- suite-AllTests-class-passed -->
          <div class="suite-AllTests-class-passed">
            <div class="main-panel-header rounded-window-top">
              <img src="passed.png"/>
              <span class="class-name">skyfoxapp.testcases.changepasswordtest.ValidateNewPasswordTest</span>
            </div> <!-- main-panel-header rounded-window-top -->
            <div class="main-panel-content rounded-window-bottom">
              <div class="method">
                <div class="method-content">
                  <a name="changePasswordTest(Karthinivash, Gurleen@2, Gurleen@2, Skyfox433, Skyfox433)">
                  </a> <!-- changePasswordTest(Karthinivash, Gurleen@2, Gurleen@2, Skyfox433, Skyfox433) -->
                  <span class="method-name">changePasswordTest</span>
                  <span class="parameters">(Karthinivash, Gurleen@2, Gurleen@2, Skyfox433, Skyfox433)</span>
                </div> <!-- method-content -->
              </div> <!-- method -->
              <div class="method">
                <div class="method-content">
                  <a name="changePasswordTest(Karthinivash, Gurleen@2, Gurleen@2, skyfox@433, skyfox@433)">
                  </a> <!-- changePasswordTest(Karthinivash, Gurleen@2, Gurleen@2, skyfox@433, skyfox@433) -->
                  <span class="method-name">changePasswordTest</span>
                  <span class="parameters">(Karthinivash, Gurleen@2, Gurleen@2, skyfox@433, skyfox@433)</span>
                </div> <!-- method-content -->
              </div> <!-- method -->
              <div class="method">
                <div class="method-content">
                  <a name="changePasswordTest(Karthinivash, Gurleen@2, Gurleen@2, SKYFOX433, SKYFOX433)">
                  </a> <!-- changePasswordTest(Karthinivash, Gurleen@2, Gurleen@2, SKYFOX433, SKYFOX433) -->
                  <span class="method-name">changePasswordTest</span>
                  <span class="parameters">(Karthinivash, Gurleen@2, Gurleen@2, SKYFOX433, SKYFOX433)</span>
                </div> <!-- method-content -->
              </div> <!-- method -->
              <div class="method">
                <div class="method-content">
                  <a name="changePasswordTest(Karthinivash, Gurleen@2, Gurleen@2, Skyfox@, Skyfox@)">
                  </a> <!-- changePasswordTest(Karthinivash, Gurleen@2, Gurleen@2, Skyfox@, Skyfox@) -->
                  <span class="method-name">changePasswordTest</span>
                  <span class="parameters">(Karthinivash, Gurleen@2, Gurleen@2, Skyfox@, Skyfox@)</span>
                </div> <!-- method-content -->
              </div> <!-- method -->
              <div class="method">
                <div class="method-content">
                  <a name="changePasswordTest(Karthinivash, Gurleen@2, Gurleen@2, Sky@3, Sky@3)">
                  </a> <!-- changePasswordTest(Karthinivash, Gurleen@2, Gurleen@2, Sky@3, Sky@3) -->
                  <span class="method-name">changePasswordTest</span>
                  <span class="parameters">(Karthinivash, Gurleen@2, Gurleen@2, Sky@3, Sky@3)</span>
                </div> <!-- method-content -->
              </div> <!-- method -->
              <div class="method">
                <div class="method-content">
                  <a name="changePasswordTest(Karthinivash, Gurleen@2, Gurleen@2, Skyfox@Skyfox@Skyfox@Skyfox@Skyfox@Skyfox@Skyfox@Skyfox@Skyfox@S...)">
                  </a> <!-- changePasswordTest(Karthinivash, Gurleen@2, Gurleen@2, Skyfox@Skyfox@Skyfox@Skyfox@Skyfox@Skyfox@Skyfox@Skyfox@Skyfox@S...) -->
                  <span class="method-name">changePasswordTest</span>
                  <span class="parameters">(Karthinivash, Gurleen@2, Gurleen@2, Skyfox@Skyfox@Skyfox@Skyfox@Skyfox@Skyfox@Skyfox@Skyfox@Skyfox@Skyfox@, Skyfox@Skyfox@Skyfox@Skyfox@Skyfox@Skyfox@Skyfox@Skyfox@Skyfox@Skyfox@)</span>
                </div> <!-- method-content -->
              </div> <!-- method -->
            </div> <!-- main-panel-content rounded-window-bottom -->
          </div> <!-- suite-AllTests-class-passed -->
          <div class="suite-AllTests-class-passed">
            <div class="main-panel-header rounded-window-top">
              <img src="passed.png"/>
              <span class="class-name">skyfoxapp.testcases.customersignuptest.ValidatingAllFieldsPositiveTest</span>
            </div> <!-- main-panel-header rounded-window-top -->
            <div class="main-panel-content rounded-window-bottom">
              <div class="method">
                <div class="method-content">
                  <a name="customerSignupPageTest(aswini, aswini10, aswini@gmail.com, 9067834521, Aswini.1, Aswini.1)">
                  </a> <!-- customerSignupPageTest(aswini, aswini10, aswini@gmail.com, 9067834521, Aswini.1, Aswini.1) -->
                  <span class="method-name">customerSignupPageTest</span>
                  <span class="parameters">(aswini, aswini10, aswini@gmail.com, 9067834521, Aswini.1, Aswini.1)</span>
                </div> <!-- method-content -->
              </div> <!-- method -->
            </div> <!-- main-panel-content rounded-window-bottom -->
          </div> <!-- suite-AllTests-class-passed -->
          <div class="suite-AllTests-class-passed">
            <div class="main-panel-header rounded-window-top">
              <img src="passed.png"/>
              <span class="class-name">skyfoxapp.testcases.loginpagetest.NegativeLoginTest</span>
            </div> <!-- main-panel-header rounded-window-top -->
            <div class="main-panel-content rounded-window-bottom">
              <div class="method">
                <div class="method-content">
                  <a name="loginPageTest(Karthinivah, Gurleen@2, Login failed)">
                  </a> <!-- loginPageTest(Karthinivah, Gurleen@2, Login failed) -->
                  <span class="method-name">loginPageTest</span>
                  <span class="parameters">(Karthinivah, Gurleen@2, Login failed)</span>
                </div> <!-- method-content -->
              </div> <!-- method -->
              <div class="method">
                <div class="method-content">
                  <a name="loginPageTest(Karthinivash, Gurleen@1, Login failed)">
                  </a> <!-- loginPageTest(Karthinivash, Gurleen@1, Login failed) -->
                  <span class="method-name">loginPageTest</span>
                  <span class="parameters">(Karthinivash, Gurleen@1, Login failed)</span>
                </div> <!-- method-content -->
              </div> <!-- method -->
            </div> <!-- main-panel-content rounded-window-bottom -->
          </div> <!-- suite-AllTests-class-passed -->
          <div class="suite-AllTests-class-passed">
            <div class="main-panel-header rounded-window-top">
              <img src="passed.png"/>
              <span class="class-name">skyfoxapp.testcases.customersignuptest.ValidatingEmailIdTest</span>
            </div> <!-- main-panel-header rounded-window-top -->
            <div class="main-panel-content rounded-window-bottom">
              <div class="method">
                <div class="method-content">
                  <a name="emailValidityChecking(aswini, aswini, aswinigmail.com, 9087654123, Aswini.1, Aswini.1, Invalid Email)">
                  </a> <!-- emailValidityChecking(aswini, aswini, aswinigmail.com, 9087654123, Aswini.1, Aswini.1, Invalid Email) -->
                  <span class="method-name">emailValidityChecking</span>
                  <span class="parameters">(aswini, aswini, aswinigmail.com, 9087654123, Aswini.1, Aswini.1, Invalid Email)</span>
                </div> <!-- method-content -->
              </div> <!-- method -->
              <div class="method">
                <div class="method-content">
                  <a name="emailValidityChecking(aswini, aswini, aswini@gmailcom, 9087654123, Aswini.1, Aswini.1, Invalid Email)">
                  </a> <!-- emailValidityChecking(aswini, aswini, aswini@gmailcom, 9087654123, Aswini.1, Aswini.1, Invalid Email) -->
                  <span class="method-name">emailValidityChecking</span>
                  <span class="parameters">(aswini, aswini, aswini@gmailcom, 9087654123, Aswini.1, Aswini.1, Invalid Email)</span>
                </div> <!-- method-content -->
              </div> <!-- method -->
            </div> <!-- main-panel-content rounded-window-bottom -->
          </div> <!-- suite-AllTests-class-passed -->
          <div class="suite-AllTests-class-passed">
            <div class="main-panel-header rounded-window-top">
              <img src="passed.png"/>
              <span class="class-name">skyfoxapp.testcases.customerBookingTest.PositiveCustomerBookingTest</span>
            </div> <!-- main-panel-header rounded-window-top -->
            <div class="main-panel-content rounded-window-bottom">
              <div class="method">
                <div class="method-content">
                  <a name="customerBookingTest(seed-user-3, Gurleen@1, )">
                  </a> <!-- customerBookingTest(seed-user-3, Gurleen@1, ) -->
                  <span class="method-name">customerBookingTest</span>
                  <span class="parameters">(seed-user-3, Gurleen@1, )</span>
                </div> <!-- method-content -->
              </div> <!-- method -->
            </div> <!-- main-panel-content rounded-window-bottom -->
          </div> <!-- suite-AllTests-class-passed -->
          <div class="suite-AllTests-class-passed">
            <div class="main-panel-header rounded-window-top">
              <img src="passed.png"/>
              <span class="class-name">skyfoxapp.testcases.customersignuptest.ValidatingAlreadyExistingUsernameTest</span>
            </div> <!-- main-panel-header rounded-window-top -->
            <div class="main-panel-content rounded-window-bottom">
              <div class="method">
                <div class="method-content">
                  <a name="usernameValidityChecking(aswini, seed-user-1, aswini@gmail.com, 9087654123, Aswini.1, Aswini.1, A user with the username alre...)">
                  </a> <!-- usernameValidityChecking(aswini, seed-user-1, aswini@gmail.com, 9087654123, Aswini.1, Aswini.1, A user with the username alre...) -->
                  <span class="method-name">usernameValidityChecking</span>
                  <span class="parameters">(aswini, seed-user-1, aswini@gmail.com, 9087654123, Aswini.1, Aswini.1, A user with the username already exists)</span>
                </div> <!-- method-content -->
              </div> <!-- method -->
            </div> <!-- main-panel-content rounded-window-bottom -->
          </div> <!-- suite-AllTests-class-passed -->
          <div class="suite-AllTests-class-passed">
            <div class="main-panel-header rounded-window-top">
              <img src="passed.png"/>
              <span class="class-name">skyfoxapp.testcases.customerBookingTest.ValidateAdminBookingCustomerDetailsTest</span>
            </div> <!-- main-panel-header rounded-window-top -->
            <div class="main-panel-content rounded-window-bottom">
              <div class="method">
                <div class="method-content">
                  <a name="customerBookingTest(Karthinivash, Gurleen@2, , Krupa, 6123457890, krupa@gmail.com)">
                  </a> <!-- customerBookingTest(Karthinivash, Gurleen@2, , Krupa, 6123457890, krupa@gmail.com) -->
                  <span class="method-name">customerBookingTest</span>
                  <span class="parameters">(Karthinivash, Gurleen@2, , Krupa, 6123457890, krupa@gmail.com)</span>
                </div> <!-- method-content -->
              </div> <!-- method -->
            </div> <!-- main-panel-content rounded-window-bottom -->
          </div> <!-- suite-AllTests-class-passed -->
        </div> <!-- panel AllTests -->
        <div panel-name="test-xml-AllTests" class="panel">
          <div class="main-panel-header rounded-window-top">
            <span class="header-content">/Users/krupa.srinivasan/Projects/neev-beta-01-booking-ui-automation-repo/testng.xml</span>
          </div> <!-- main-panel-header rounded-window-top -->
          <div class="main-panel-content rounded-window-bottom">
            <pre>
&lt;?xml version=&quot;1.0&quot; encoding=&quot;UTF-8&quot;?&gt;
&lt;!DOCTYPE suite SYSTEM &quot;https://testng.org/testng-1.0.dtd&quot;&gt;
&lt;suite name=&quot;AllTests&quot; guice-stage=&quot;DEVELOPMENT&quot; verbose=&quot;0&quot;&gt;
  &lt;listeners&gt;
    &lt;listener class-name=&quot;skyfoxapp.extentreportlistners.ExtentReportListners&quot;/&gt;
  &lt;/listeners&gt;
  &lt;test thread-count=&quot;5&quot; name=&quot;PositiveTests&quot; verbose=&quot;0&quot;&gt;
    &lt;parameter name=&quot;password&quot; value=&quot;Gurleen@2&quot;/&gt;
    &lt;parameter name=&quot;username&quot; value=&quot;Karthinivash&quot;/&gt;
    &lt;classes&gt;
      &lt;class name=&quot;skyfoxapp.testcases.loginpagetest.PositiveLoginTest&quot;/&gt;
    &lt;/classes&gt;
  &lt;/test&gt; &lt;!-- PositiveTests --&gt;
  &lt;test thread-count=&quot;5&quot; name=&quot;NegativeUsernameTest&quot; verbose=&quot;0&quot;&gt;
    &lt;parameter name=&quot;password&quot; value=&quot;Gurleen@2&quot;/&gt;
    &lt;parameter name=&quot;expectedFailureMessage&quot; value=&quot;Login failed&quot;/&gt;
    &lt;parameter name=&quot;username&quot; value=&quot;Karthinivah&quot;/&gt;
    &lt;classes&gt;
      &lt;class name=&quot;skyfoxapp.testcases.loginpagetest.NegativeLoginTest&quot;/&gt;
    &lt;/classes&gt;
  &lt;/test&gt; &lt;!-- NegativeUsernameTest --&gt;
  &lt;test thread-count=&quot;5&quot; name=&quot;NegativePasswordTest&quot; verbose=&quot;0&quot;&gt;
    &lt;parameter name=&quot;password&quot; value=&quot;Gurleen@1&quot;/&gt;
    &lt;parameter name=&quot;expectedFailureMessage&quot; value=&quot;Login failed&quot;/&gt;
    &lt;parameter name=&quot;username&quot; value=&quot;Karthinivash&quot;/&gt;
    &lt;classes&gt;
      &lt;class name=&quot;skyfoxapp.testcases.loginpagetest.NegativeLoginTest&quot;/&gt;
    &lt;/classes&gt;
  &lt;/test&gt; &lt;!-- NegativePasswordTest --&gt;
  &lt;test thread-count=&quot;5&quot; name=&quot;CustomerSignUpTestWithPositiveTestcases&quot; verbose=&quot;0&quot;&gt;
    &lt;parameter name=&quot;email_id&quot; value=&quot;aswini@gmail.com&quot;/&gt;
    &lt;parameter name=&quot;confirm_pass&quot; value=&quot;Aswini.1&quot;/&gt;
    &lt;parameter name=&quot;mobile_num&quot; value=&quot;9067834521&quot;/&gt;
    &lt;parameter name=&quot;pass&quot; value=&quot;Aswini.1&quot;/&gt;
    &lt;parameter name=&quot;user_name&quot; value=&quot;aswini10&quot;/&gt;
    &lt;parameter name=&quot;name&quot; value=&quot;aswini&quot;/&gt;
    &lt;classes&gt;
      &lt;class name=&quot;skyfoxapp.testcases.customersignuptest.ValidatingAllFieldsPositiveTest&quot;/&gt;
    &lt;/classes&gt;
  &lt;/test&gt; &lt;!-- CustomerSignUpTestWithPositiveTestcases --&gt;
  &lt;test thread-count=&quot;5&quot; name=&quot;CustomerSignUpTestWithAllFieldRequired&quot; verbose=&quot;0&quot;&gt;
    &lt;parameter name=&quot;email_id&quot; value=&quot;&quot;/&gt;
    &lt;parameter name=&quot;confirm_pass&quot; value=&quot;&quot;/&gt;
    &lt;parameter name=&quot;passwordErrorMessage&quot; value=&quot;Password is required&quot;/&gt;
    &lt;parameter name=&quot;confirmPasswordErrorMessage&quot; value=&quot;Password is required&quot;/&gt;
    &lt;parameter name=&quot;mobile_num&quot; value=&quot;&quot;/&gt;
    &lt;parameter name=&quot;pass&quot; value=&quot;&quot;/&gt;
    &lt;parameter name=&quot;user_name&quot; value=&quot;&quot;/&gt;
    &lt;parameter name=&quot;name&quot; value=&quot;&quot;/&gt;
    &lt;parameter name=&quot;usernameErrorMessage&quot; value=&quot;Username is required&quot;/&gt;
    &lt;parameter name=&quot;nameErrorMessage&quot; value=&quot;Name is required&quot;/&gt;
    &lt;parameter name=&quot;emailErrorMessage&quot; value=&quot;Email is required&quot;/&gt;
    &lt;parameter name=&quot;mobileNumberErrorMessage&quot; value=&quot;Mobile number is required&quot;/&gt;
    &lt;classes&gt;
      &lt;class name=&quot;skyfoxapp.testcases.customersignuptest.ValidatingAllFieldsNegativeTest&quot;/&gt;
    &lt;/classes&gt;
  &lt;/test&gt; &lt;!-- CustomerSignUpTestWithAllFieldRequired --&gt;
  &lt;test thread-count=&quot;5&quot; name=&quot;UsernameChecking&quot; verbose=&quot;0&quot;&gt;
    &lt;parameter name=&quot;email_id&quot; value=&quot;aswini@gmail.com&quot;/&gt;
    &lt;parameter name=&quot;confirm_pass&quot; value=&quot;Aswini.1&quot;/&gt;
    &lt;parameter name=&quot;mobile_num&quot; value=&quot;9087654123&quot;/&gt;
    &lt;parameter name=&quot;pass&quot; value=&quot;Aswini.1&quot;/&gt;
    &lt;parameter name=&quot;user_name&quot; value=&quot;seed-user-1&quot;/&gt;
    &lt;parameter name=&quot;name&quot; value=&quot;aswini&quot;/&gt;
    &lt;parameter name=&quot;errorMessage&quot; value=&quot;A user with the username already exists&quot;/&gt;
    &lt;classes&gt;
      &lt;class name=&quot;skyfoxapp.testcases.customersignuptest.ValidatingAlreadyExistingUsernameTest&quot;/&gt;
    &lt;/classes&gt;
  &lt;/test&gt; &lt;!-- UsernameChecking --&gt;
  &lt;test thread-count=&quot;5&quot; name=&quot;EmailCheckingwithoutAstreik&quot; verbose=&quot;0&quot;&gt;
    &lt;parameter name=&quot;email_id&quot; value=&quot;aswinigmail.com&quot;/&gt;
    &lt;parameter name=&quot;confirm_pass&quot; value=&quot;Aswini.1&quot;/&gt;
    &lt;parameter name=&quot;mobile_num&quot; value=&quot;9087654123&quot;/&gt;
    &lt;parameter name=&quot;pass&quot; value=&quot;Aswini.1&quot;/&gt;
    &lt;parameter name=&quot;user_name&quot; value=&quot;aswini&quot;/&gt;
    &lt;parameter name=&quot;name&quot; value=&quot;aswini&quot;/&gt;
    &lt;parameter name=&quot;errorMessage&quot; value=&quot;Invalid Email&quot;/&gt;
    &lt;classes&gt;
      &lt;class name=&quot;skyfoxapp.testcases.customersignuptest.ValidatingEmailIdTest&quot;/&gt;
    &lt;/classes&gt;
  &lt;/test&gt; &lt;!-- EmailCheckingwithoutAstreik --&gt;
  &lt;test thread-count=&quot;5&quot; name=&quot;EmailCheckingwithoutDot&quot; verbose=&quot;0&quot;&gt;
    &lt;parameter name=&quot;email_id&quot; value=&quot;aswini@gmailcom&quot;/&gt;
    &lt;parameter name=&quot;confirm_pass&quot; value=&quot;Aswini.1&quot;/&gt;
    &lt;parameter name=&quot;mobile_num&quot; value=&quot;9087654123&quot;/&gt;
    &lt;parameter name=&quot;pass&quot; value=&quot;Aswini.1&quot;/&gt;
    &lt;parameter name=&quot;user_name&quot; value=&quot;aswini&quot;/&gt;
    &lt;parameter name=&quot;name&quot; value=&quot;aswini&quot;/&gt;
    &lt;parameter name=&quot;errorMessage&quot; value=&quot;Invalid Email&quot;/&gt;
    &lt;classes&gt;
      &lt;class name=&quot;skyfoxapp.testcases.customersignuptest.ValidatingEmailIdTest&quot;/&gt;
    &lt;/classes&gt;
  &lt;/test&gt; &lt;!-- EmailCheckingwithoutDot --&gt;
  &lt;test thread-count=&quot;5&quot; name=&quot;MobileNumberValdatingWithLessThan10Digit&quot; verbose=&quot;0&quot;&gt;
    &lt;parameter name=&quot;email_id&quot; value=&quot;aswini@gmail.com&quot;/&gt;
    &lt;parameter name=&quot;confirm_pass&quot; value=&quot;Aswini.1&quot;/&gt;
    &lt;parameter name=&quot;mobile_num&quot; value=&quot;9087654&quot;/&gt;
    &lt;parameter name=&quot;pass&quot; value=&quot;Aswini.1&quot;/&gt;
    &lt;parameter name=&quot;user_name&quot; value=&quot;aswini&quot;/&gt;
    &lt;parameter name=&quot;name&quot; value=&quot;aswini&quot;/&gt;
    &lt;parameter name=&quot;errorMessage&quot; value=&quot;Enter a valid mobile number&quot;/&gt;
    &lt;classes&gt;
      &lt;class name=&quot;skyfoxapp.testcases.customersignuptest.ValidatingMobileNumberTest&quot;/&gt;
    &lt;/classes&gt;
  &lt;/test&gt; &lt;!-- MobileNumberValdatingWithLessThan10Digit --&gt;
  &lt;test thread-count=&quot;5&quot; name=&quot;MobileNumberValdatingWithMorehan10Digit&quot; verbose=&quot;0&quot;&gt;
    &lt;parameter name=&quot;email_id&quot; value=&quot;aswini@gmail.com&quot;/&gt;
    &lt;parameter name=&quot;confirm_pass&quot; value=&quot;Aswini.1&quot;/&gt;
    &lt;parameter name=&quot;mobile_num&quot; value=&quot;908765423456789&quot;/&gt;
    &lt;parameter name=&quot;pass&quot; value=&quot;Aswini.1&quot;/&gt;
    &lt;parameter name=&quot;user_name&quot; value=&quot;aswini&quot;/&gt;
    &lt;parameter name=&quot;name&quot; value=&quot;aswini&quot;/&gt;
    &lt;parameter name=&quot;errorMessage&quot; value=&quot;Enter a valid mobile number&quot;/&gt;
    &lt;classes&gt;
      &lt;class name=&quot;skyfoxapp.testcases.customersignuptest.ValidatingMobileNumberTest&quot;/&gt;
    &lt;/classes&gt;
  &lt;/test&gt; &lt;!-- MobileNumberValdatingWithMorehan10Digit --&gt;
  &lt;test thread-count=&quot;5&quot; name=&quot;passwordWithoutUppercase&quot; verbose=&quot;0&quot;&gt;
    &lt;parameter name=&quot;email_id&quot; value=&quot;aswini@gmail.com&quot;/&gt;
    &lt;parameter name=&quot;confirm_pass&quot; value=&quot;aswini.1&quot;/&gt;
    &lt;parameter name=&quot;mobile_num&quot; value=&quot;9087654321&quot;/&gt;
    &lt;parameter name=&quot;pass&quot; value=&quot;aswini.1&quot;/&gt;
    &lt;parameter name=&quot;user_name&quot; value=&quot;aswini&quot;/&gt;
    &lt;parameter name=&quot;name&quot; value=&quot;aswini&quot;/&gt;
    &lt;parameter name=&quot;errorMessage&quot; value=&quot;Password must contain 8-64 characters,
at least one uppercase character,
one number and one special character&quot;/&gt;
    &lt;classes&gt;
      &lt;class name=&quot;skyfoxapp.testcases.customersignuptest.ValidatingPasswordTest&quot;/&gt;
    &lt;/classes&gt;
  &lt;/test&gt; &lt;!-- passwordWithoutUppercase --&gt;
  &lt;test thread-count=&quot;5&quot; name=&quot;passwordWithoutDigit&quot; verbose=&quot;0&quot;&gt;
    &lt;parameter name=&quot;email_id&quot; value=&quot;aswini@gmail.com&quot;/&gt;
    &lt;parameter name=&quot;confirm_pass&quot; value=&quot;Aswini..&quot;/&gt;
    &lt;parameter name=&quot;mobile_num&quot; value=&quot;9087654321&quot;/&gt;
    &lt;parameter name=&quot;pass&quot; value=&quot;Aswini..&quot;/&gt;
    &lt;parameter name=&quot;user_name&quot; value=&quot;aswini&quot;/&gt;
    &lt;parameter name=&quot;name&quot; value=&quot;aswini&quot;/&gt;
    &lt;parameter name=&quot;errorMessage&quot; value=&quot;Password must contain 8-64 characters,
at least one uppercase character,
one number and one special character&quot;/&gt;
    &lt;classes&gt;
      &lt;class name=&quot;skyfoxapp.testcases.customersignuptest.ValidatingPasswordTest&quot;/&gt;
    &lt;/classes&gt;
  &lt;/test&gt; &lt;!-- passwordWithoutDigit --&gt;
  &lt;test thread-count=&quot;5&quot; name=&quot;passwordWithoutSpecialCharacter&quot; verbose=&quot;0&quot;&gt;
    &lt;parameter name=&quot;email_id&quot; value=&quot;aswini@gmail.com&quot;/&gt;
    &lt;parameter name=&quot;confirm_pass&quot; value=&quot;Aswini11&quot;/&gt;
    &lt;parameter name=&quot;mobile_num&quot; value=&quot;9087654321&quot;/&gt;
    &lt;parameter name=&quot;pass&quot; value=&quot;Aswini11&quot;/&gt;
    &lt;parameter name=&quot;user_name&quot; value=&quot;aswini&quot;/&gt;
    &lt;parameter name=&quot;name&quot; value=&quot;aswini&quot;/&gt;
    &lt;parameter name=&quot;errorMessage&quot; value=&quot;Password must contain 8-64 characters,
at least one uppercase character,
one number and one special character&quot;/&gt;
    &lt;classes&gt;
      &lt;class name=&quot;skyfoxapp.testcases.customersignuptest.ValidatingPasswordTest&quot;/&gt;
    &lt;/classes&gt;
  &lt;/test&gt; &lt;!-- passwordWithoutSpecialCharacter --&gt;
  &lt;test thread-count=&quot;5&quot; name=&quot;passwordWithLessThan8digits&quot; verbose=&quot;0&quot;&gt;
    &lt;parameter name=&quot;email_id&quot; value=&quot;aswini@gmail.com&quot;/&gt;
    &lt;parameter name=&quot;confirm_pass&quot; value=&quot;Abc.1&quot;/&gt;
    &lt;parameter name=&quot;mobile_num&quot; value=&quot;9087654321&quot;/&gt;
    &lt;parameter name=&quot;pass&quot; value=&quot;Abc.1&quot;/&gt;
    &lt;parameter name=&quot;user_name&quot; value=&quot;aswini&quot;/&gt;
    &lt;parameter name=&quot;name&quot; value=&quot;aswini&quot;/&gt;
    &lt;parameter name=&quot;errorMessage&quot; value=&quot;Password must contain 8-64 characters,
at least one uppercase character,
one number and one special character&quot;/&gt;
    &lt;classes&gt;
      &lt;class name=&quot;skyfoxapp.testcases.customersignuptest.ValidatingPasswordTest&quot;/&gt;
    &lt;/classes&gt;
  &lt;/test&gt; &lt;!-- passwordWithLessThan8digits --&gt;
  &lt;test thread-count=&quot;5&quot; name=&quot;passwordWithGreaterThan64digits&quot; verbose=&quot;0&quot;&gt;
    &lt;parameter name=&quot;email_id&quot; value=&quot;aswini@gmail.com&quot;/&gt;
    &lt;parameter name=&quot;confirm_pass&quot; value=&quot;A group of words containing a subject and a verb, that expresses a statement, a question, etc1.&quot;/&gt;
    &lt;parameter name=&quot;mobile_num&quot; value=&quot;9087654321&quot;/&gt;
    &lt;parameter name=&quot;pass&quot; value=&quot;A group of words containing a subject and a verb, that expresses a statement, a question, etc1.&quot;/&gt;
    &lt;parameter name=&quot;user_name&quot; value=&quot;aswini&quot;/&gt;
    &lt;parameter name=&quot;name&quot; value=&quot;aswini&quot;/&gt;
    &lt;parameter name=&quot;errorMessage&quot; value=&quot;Password must contain 8-64 characters,
at least one uppercase character,
one number and one special character&quot;/&gt;
    &lt;classes&gt;
      &lt;class name=&quot;skyfoxapp.testcases.customersignuptest.ValidatingPasswordTest&quot;/&gt;
    &lt;/classes&gt;
  &lt;/test&gt; &lt;!-- passwordWithGreaterThan64digits --&gt;
  &lt;test thread-count=&quot;5&quot; name=&quot;passwordWhichDoesNotMatchAnyCriteria&quot; verbose=&quot;0&quot;&gt;
    &lt;parameter name=&quot;email_id&quot; value=&quot;aswini@gmail.com&quot;/&gt;
    &lt;parameter name=&quot;confirm_pass&quot; value=&quot;abcdef&quot;/&gt;
    &lt;parameter name=&quot;mobile_num&quot; value=&quot;9087654321&quot;/&gt;
    &lt;parameter name=&quot;pass&quot; value=&quot;abcdef&quot;/&gt;
    &lt;parameter name=&quot;user_name&quot; value=&quot;aswini&quot;/&gt;
    &lt;parameter name=&quot;name&quot; value=&quot;aswini&quot;/&gt;
    &lt;parameter name=&quot;errorMessage&quot; value=&quot;Password must contain 8-64 characters,
at least one uppercase character,
one number and one special character&quot;/&gt;
    &lt;classes&gt;
      &lt;class name=&quot;skyfoxapp.testcases.customersignuptest.ValidatingPasswordTest&quot;/&gt;
    &lt;/classes&gt;
  &lt;/test&gt; &lt;!-- passwordWhichDoesNotMatchAnyCriteria --&gt;
  &lt;test thread-count=&quot;5&quot; name=&quot;passwordDoesNotMatchConfirmPass&quot; verbose=&quot;0&quot;&gt;
    &lt;parameter name=&quot;email_id&quot; value=&quot;aswini@gmail.com&quot;/&gt;
    &lt;parameter name=&quot;confirm_pass&quot; value=&quot;aswini.1&quot;/&gt;
    &lt;parameter name=&quot;mobile_num&quot; value=&quot;9087654321&quot;/&gt;
    &lt;parameter name=&quot;pass&quot; value=&quot;Aswini.1&quot;/&gt;
    &lt;parameter name=&quot;user_name&quot; value=&quot;aswini&quot;/&gt;
    &lt;parameter name=&quot;name&quot; value=&quot;aswini&quot;/&gt;
    &lt;parameter name=&quot;errorMessage&quot; value=&quot;Password and confirm password do not match&quot;/&gt;
    &lt;classes&gt;
      &lt;class name=&quot;skyfoxapp.testcases.customersignuptest.ValidatingConfirmPasswordtTest&quot;/&gt;
    &lt;/classes&gt;
  &lt;/test&gt; &lt;!-- passwordDoesNotMatchConfirmPass --&gt;
  &lt;test thread-count=&quot;5&quot; name=&quot;PositiveScheduleTests&quot; verbose=&quot;0&quot;&gt;
    &lt;parameter name=&quot;password&quot; value=&quot;Gurleen@2&quot;/&gt;
    &lt;parameter name=&quot;cost&quot; value=&quot;200&quot;/&gt;
    &lt;parameter name=&quot;username&quot; value=&quot;Karthinivash&quot;/&gt;
    &lt;classes&gt;
      &lt;class name=&quot;skyfoxapp.testcases.addMovieScheduleTest.PositiveScheduleTest&quot;/&gt;
    &lt;/classes&gt;
  &lt;/test&gt; &lt;!-- PositiveScheduleTests --&gt;
  &lt;test thread-count=&quot;5&quot; name=&quot;NegativeScheduleTests&quot; verbose=&quot;0&quot;&gt;
    &lt;parameter name=&quot;password&quot; value=&quot;Gurleen@2&quot;/&gt;
    &lt;parameter name=&quot;cost&quot; value=&quot;vmn&quot;/&gt;
    &lt;parameter name=&quot;expectedFailureMessage&quot; value=&quot;Invalid cost&quot;/&gt;
    &lt;parameter name=&quot;username&quot; value=&quot;Karthinivash&quot;/&gt;
    &lt;classes&gt;
      &lt;class name=&quot;skyfoxapp.testcases.addMovieScheduleTest.NegativeScheduleTest&quot;/&gt;
    &lt;/classes&gt;
  &lt;/test&gt; &lt;!-- NegativeScheduleTests --&gt;
  &lt;test thread-count=&quot;5&quot; name=&quot;PreviousDayNoSlotsAvailableScheduleTest&quot; verbose=&quot;0&quot;&gt;
    &lt;parameter name=&quot;password&quot; value=&quot;Gurleen@2&quot;/&gt;
    &lt;parameter name=&quot;username&quot; value=&quot;Karthinivash&quot;/&gt;
    &lt;classes&gt;
      &lt;class name=&quot;skyfoxapp.testcases.addMovieScheduleTest.PreviousDayNoAvailableSlotsScheduleTest&quot;/&gt;
    &lt;/classes&gt;
  &lt;/test&gt; &lt;!-- PreviousDayNoSlotsAvailableScheduleTest --&gt;
  &lt;test thread-count=&quot;5&quot; name=&quot;PreviousDaySlotsAvailableScheduleTest&quot; verbose=&quot;0&quot;&gt;
    &lt;parameter name=&quot;password&quot; value=&quot;Gurleen@2&quot;/&gt;
    &lt;parameter name=&quot;username&quot; value=&quot;Karthinivash&quot;/&gt;
    &lt;classes&gt;
      &lt;class name=&quot;skyfoxapp.testcases.addMovieScheduleTest.PreviousDayAvailableSlotsScheduleTest&quot;/&gt;
    &lt;/classes&gt;
  &lt;/test&gt; &lt;!-- PreviousDaySlotsAvailableScheduleTest --&gt;
  &lt;test thread-count=&quot;5&quot; name=&quot;NoSlotsAvailableScheduleTest&quot; verbose=&quot;0&quot;&gt;
    &lt;parameter name=&quot;password&quot; value=&quot;Gurleen@2&quot;/&gt;
    &lt;parameter name=&quot;username&quot; value=&quot;Karthinivash&quot;/&gt;
    &lt;classes&gt;
      &lt;class name=&quot;skyfoxapp.testcases.addMovieScheduleTest.NoAvailableSlotsScheduleTest&quot;/&gt;
    &lt;/classes&gt;
  &lt;/test&gt; &lt;!-- NoSlotsAvailableScheduleTest --&gt;
  &lt;test thread-count=&quot;5&quot; name=&quot;PositiveChangePasswordTest &quot; verbose=&quot;0&quot;&gt;
    &lt;parameter name=&quot;password&quot; value=&quot;Gurleen@2&quot;/&gt;
    &lt;parameter name=&quot;oldPassword&quot; value=&quot;Gurleen@2&quot;/&gt;
    &lt;parameter name=&quot;newPassword&quot; value=&quot;Skyfox@4&quot;/&gt;
    &lt;parameter name=&quot;confirmPassword&quot; value=&quot;Skyfox@4&quot;/&gt;
    &lt;parameter name=&quot;username&quot; value=&quot;Karthinivash&quot;/&gt;
    &lt;classes&gt;
      &lt;class name=&quot;skyfoxapp.testcases.changepasswordtest.PositiveChangePasswordTest&quot;/&gt;
    &lt;/classes&gt;
  &lt;/test&gt; &lt;!-- PositiveChangePasswordTest  --&gt;
  &lt;test thread-count=&quot;5&quot; name=&quot;ValidateNewPasswordTest1&quot; verbose=&quot;0&quot;&gt;
    &lt;parameter name=&quot;password&quot; value=&quot;Gurleen@2&quot;/&gt;
    &lt;parameter name=&quot;oldPassword&quot; value=&quot;Gurleen@2&quot;/&gt;
    &lt;parameter name=&quot;newPassword&quot; value=&quot;Skyfox433&quot;/&gt;
    &lt;parameter name=&quot;confirmPassword&quot; value=&quot;Skyfox433&quot;/&gt;
    &lt;parameter name=&quot;username&quot; value=&quot;Karthinivash&quot;/&gt;
    &lt;classes&gt;
      &lt;class name=&quot;skyfoxapp.testcases.changepasswordtest.ValidateNewPasswordTest&quot;/&gt;
    &lt;/classes&gt;
  &lt;/test&gt; &lt;!-- ValidateNewPasswordTest1 --&gt;
  &lt;test thread-count=&quot;5&quot; name=&quot;ValidateNewPasswordTest2&quot; verbose=&quot;0&quot;&gt;
    &lt;parameter name=&quot;password&quot; value=&quot;Gurleen@2&quot;/&gt;
    &lt;parameter name=&quot;oldPassword&quot; value=&quot;Gurleen@2&quot;/&gt;
    &lt;parameter name=&quot;newPassword&quot; value=&quot;skyfox@433&quot;/&gt;
    &lt;parameter name=&quot;confirmPassword&quot; value=&quot;skyfox@433&quot;/&gt;
    &lt;parameter name=&quot;username&quot; value=&quot;Karthinivash&quot;/&gt;
    &lt;classes&gt;
      &lt;class name=&quot;skyfoxapp.testcases.changepasswordtest.ValidateNewPasswordTest&quot;/&gt;
    &lt;/classes&gt;
  &lt;/test&gt; &lt;!-- ValidateNewPasswordTest2 --&gt;
  &lt;test thread-count=&quot;5&quot; name=&quot;ValidateNewPasswordTest3&quot; verbose=&quot;0&quot;&gt;
    &lt;parameter name=&quot;password&quot; value=&quot;Gurleen@2&quot;/&gt;
    &lt;parameter name=&quot;oldPassword&quot; value=&quot;Gurleen@2&quot;/&gt;
    &lt;parameter name=&quot;newPassword&quot; value=&quot;SKYFOX433&quot;/&gt;
    &lt;parameter name=&quot;confirmPassword&quot; value=&quot;SKYFOX433&quot;/&gt;
    &lt;parameter name=&quot;username&quot; value=&quot;Karthinivash&quot;/&gt;
    &lt;classes&gt;
      &lt;class name=&quot;skyfoxapp.testcases.changepasswordtest.ValidateNewPasswordTest&quot;/&gt;
    &lt;/classes&gt;
  &lt;/test&gt; &lt;!-- ValidateNewPasswordTest3 --&gt;
  &lt;test thread-count=&quot;5&quot; name=&quot;ValidateNewPasswordTest4&quot; verbose=&quot;0&quot;&gt;
    &lt;parameter name=&quot;password&quot; value=&quot;Gurleen@2&quot;/&gt;
    &lt;parameter name=&quot;oldPassword&quot; value=&quot;Gurleen@2&quot;/&gt;
    &lt;parameter name=&quot;newPassword&quot; value=&quot;Skyfox@&quot;/&gt;
    &lt;parameter name=&quot;confirmPassword&quot; value=&quot;Skyfox@&quot;/&gt;
    &lt;parameter name=&quot;username&quot; value=&quot;Karthinivash&quot;/&gt;
    &lt;classes&gt;
      &lt;class name=&quot;skyfoxapp.testcases.changepasswordtest.ValidateNewPasswordTest&quot;/&gt;
    &lt;/classes&gt;
  &lt;/test&gt; &lt;!-- ValidateNewPasswordTest4 --&gt;
  &lt;test thread-count=&quot;5&quot; name=&quot;ValidateNewPasswordTest5&quot; verbose=&quot;0&quot;&gt;
    &lt;parameter name=&quot;password&quot; value=&quot;Gurleen@2&quot;/&gt;
    &lt;parameter name=&quot;oldPassword&quot; value=&quot;Gurleen@2&quot;/&gt;
    &lt;parameter name=&quot;newPassword&quot; value=&quot;Sky@3&quot;/&gt;
    &lt;parameter name=&quot;confirmPassword&quot; value=&quot;Sky@3&quot;/&gt;
    &lt;parameter name=&quot;username&quot; value=&quot;Karthinivash&quot;/&gt;
    &lt;classes&gt;
      &lt;class name=&quot;skyfoxapp.testcases.changepasswordtest.ValidateNewPasswordTest&quot;/&gt;
    &lt;/classes&gt;
  &lt;/test&gt; &lt;!-- ValidateNewPasswordTest5 --&gt;
  &lt;test thread-count=&quot;5&quot; name=&quot;ValidateNewPasswordTest6&quot; verbose=&quot;0&quot;&gt;
    &lt;parameter name=&quot;password&quot; value=&quot;Gurleen@2&quot;/&gt;
    &lt;parameter name=&quot;oldPassword&quot; value=&quot;Gurleen@2&quot;/&gt;
    &lt;parameter name=&quot;newPassword&quot; value=&quot;Skyfox@Skyfox@Skyfox@Skyfox@Skyfox@Skyfox@Skyfox@Skyfox@Skyfox@Skyfox@&quot;/&gt;
    &lt;parameter name=&quot;confirmPassword&quot; value=&quot;Skyfox@Skyfox@Skyfox@Skyfox@Skyfox@Skyfox@Skyfox@Skyfox@Skyfox@Skyfox@&quot;/&gt;
    &lt;parameter name=&quot;username&quot; value=&quot;Karthinivash&quot;/&gt;
    &lt;classes&gt;
      &lt;class name=&quot;skyfoxapp.testcases.changepasswordtest.ValidateNewPasswordTest&quot;/&gt;
    &lt;/classes&gt;
  &lt;/test&gt; &lt;!-- ValidateNewPasswordTest6 --&gt;
  &lt;test thread-count=&quot;5&quot; name=&quot;ValidateConfirmPasswordTest&quot; verbose=&quot;0&quot;&gt;
    &lt;parameter name=&quot;password&quot; value=&quot;Gurleen@2&quot;/&gt;
    &lt;parameter name=&quot;oldPassword&quot; value=&quot;Gurleen@2&quot;/&gt;
    &lt;parameter name=&quot;newPassword&quot; value=&quot;Skyfox@4&quot;/&gt;
    &lt;parameter name=&quot;confirmPassword&quot; value=&quot;Skyfox4&quot;/&gt;
    &lt;parameter name=&quot;username&quot; value=&quot;Karthinivash&quot;/&gt;
    &lt;classes&gt;
      &lt;class name=&quot;skyfoxapp.testcases.changepasswordtest.ValidateConfirmPasswordTest&quot;/&gt;
    &lt;/classes&gt;
  &lt;/test&gt; &lt;!-- ValidateConfirmPasswordTest --&gt;
  &lt;test thread-count=&quot;5&quot; name=&quot;ValidatePreviousPasswordTest&quot; verbose=&quot;0&quot;&gt;
    &lt;parameter name=&quot;password&quot; value=&quot;Gurleen@2&quot;/&gt;
    &lt;parameter name=&quot;oldPassword&quot; value=&quot;Gurleen@2&quot;/&gt;
    &lt;parameter name=&quot;newPassword&quot; value=&quot;Gurleen@2&quot;/&gt;
    &lt;parameter name=&quot;confirmPassword&quot; value=&quot;Gurleen@2&quot;/&gt;
    &lt;parameter name=&quot;username&quot; value=&quot;Karthinivash&quot;/&gt;
    &lt;classes&gt;
      &lt;class name=&quot;skyfoxapp.testcases.changepasswordtest.ValidatePreviousPasswordTest&quot;/&gt;
    &lt;/classes&gt;
  &lt;/test&gt; &lt;!-- ValidatePreviousPasswordTest --&gt;
  &lt;test thread-count=&quot;5&quot; name=&quot;ValidateInvalidCurrentPasswordTest&quot; verbose=&quot;0&quot;&gt;
    &lt;parameter name=&quot;password&quot; value=&quot;Gurleen@2&quot;/&gt;
    &lt;parameter name=&quot;oldPassword&quot; value=&quot;Skyfox@4&quot;/&gt;
    &lt;parameter name=&quot;newPassword&quot; value=&quot;Skyfox@5&quot;/&gt;
    &lt;parameter name=&quot;confirmPassword&quot; value=&quot;Skyfox@5&quot;/&gt;
    &lt;parameter name=&quot;username&quot; value=&quot;Karthinivash&quot;/&gt;
    &lt;classes&gt;
      &lt;class name=&quot;skyfoxapp.testcases.changepasswordtest.ValidateInvalidCurrentPasswordTest&quot;/&gt;
    &lt;/classes&gt;
  &lt;/test&gt; &lt;!-- ValidateInvalidCurrentPasswordTest --&gt;
  &lt;test thread-count=&quot;5&quot; name=&quot;PositiveViewMoviePosterTests&quot; verbose=&quot;0&quot;&gt;
    &lt;parameter name=&quot;password&quot; value=&quot;Gurleen@2&quot;/&gt;
    &lt;parameter name=&quot;username&quot; value=&quot;Karthinivash&quot;/&gt;
    &lt;classes&gt;
      &lt;class name=&quot;skyfoxapp.testcases.viewmovieposter.PositiveViewMoviePoster&quot;/&gt;
    &lt;/classes&gt;
  &lt;/test&gt; &lt;!-- PositiveViewMoviePosterTests --&gt;
  &lt;test thread-count=&quot;5&quot; name=&quot;AdminActionTest&quot; verbose=&quot;0&quot;&gt;
    &lt;parameter name=&quot;password&quot; value=&quot;Gurleen@2&quot;/&gt;
    &lt;parameter name=&quot;username&quot; value=&quot;Karthinivash&quot;/&gt;
    &lt;classes&gt;
      &lt;class name=&quot;skyfoxapp.testcases.preventunauthorizedactions.ActionsForAdmin&quot;/&gt;
    &lt;/classes&gt;
  &lt;/test&gt; &lt;!-- AdminActionTest --&gt;
  &lt;test thread-count=&quot;5&quot; name=&quot;CustomerActionTest&quot; verbose=&quot;0&quot;&gt;
    &lt;parameter name=&quot;password&quot; value=&quot;Skyfox@24&quot;/&gt;
    &lt;parameter name=&quot;username&quot; value=&quot;aswini&quot;/&gt;
    &lt;classes&gt;
      &lt;class name=&quot;skyfoxapp.testcases.preventunauthorizedactions.ActionsForCustomer&quot;/&gt;
    &lt;/classes&gt;
  &lt;/test&gt; &lt;!-- CustomerActionTest --&gt;
  &lt;test thread-count=&quot;5&quot; name=&quot;ValidatePastDayMovieTest&quot; verbose=&quot;0&quot;&gt;
    &lt;parameter name=&quot;password&quot; value=&quot;Gurleen@2&quot;/&gt;
    &lt;parameter name=&quot;username&quot; value=&quot;Karthinivash&quot;/&gt;
    &lt;classes&gt;
      &lt;class name=&quot;skyfoxapp.testcases.customerBookingTest.ValidatePastDayMoviesTest&quot;/&gt;
    &lt;/classes&gt;
  &lt;/test&gt; &lt;!-- ValidatePastDayMovieTest --&gt;
  &lt;test thread-count=&quot;5&quot; name=&quot;PositiveCustomerBookingTest&quot; verbose=&quot;0&quot;&gt;
    &lt;parameter name=&quot;password&quot; value=&quot;Gurleen@1&quot;/&gt;
    &lt;parameter name=&quot;seats&quot; value=&quot;&quot;/&gt;
    &lt;parameter name=&quot;username&quot; value=&quot;seed-user-3&quot;/&gt;
    &lt;classes&gt;
      &lt;class name=&quot;skyfoxapp.testcases.customerBookingTest.PositiveCustomerBookingTest&quot;/&gt;
    &lt;/classes&gt;
  &lt;/test&gt; &lt;!-- PositiveCustomerBookingTest --&gt;
  &lt;test thread-count=&quot;5&quot; name=&quot;ValidatePastShowsTest&quot; verbose=&quot;0&quot;&gt;
    &lt;parameter name=&quot;password&quot; value=&quot;Gurleen@1&quot;/&gt;
    &lt;parameter name=&quot;username&quot; value=&quot;seed-user-3&quot;/&gt;
    &lt;classes&gt;
      &lt;class name=&quot;skyfoxapp.testcases.customerBookingTest.ValidatePastShowsTest&quot;/&gt;
    &lt;/classes&gt;
  &lt;/test&gt; &lt;!-- ValidatePastShowsTest --&gt;
  &lt;test thread-count=&quot;5&quot; name=&quot;ValidateNumberOfSeatsTest&quot; verbose=&quot;0&quot;&gt;
    &lt;parameter name=&quot;password&quot; value=&quot;Gurleen@1&quot;/&gt;
    &lt;parameter name=&quot;seats&quot; value=&quot;100&quot;/&gt;
    &lt;parameter name=&quot;username&quot; value=&quot;seed-user-3&quot;/&gt;
    &lt;classes&gt;
      &lt;class name=&quot;skyfoxapp.testcases.customerBookingTest.ValidateNumberOfSeatsTest&quot;/&gt;
    &lt;/classes&gt;
  &lt;/test&gt; &lt;!-- ValidateNumberOfSeatsTest --&gt;
  &lt;test thread-count=&quot;5&quot; name=&quot;ValidateAvailableSeatsTest&quot; verbose=&quot;0&quot;&gt;
    &lt;parameter name=&quot;password&quot; value=&quot;Gurleen@1&quot;/&gt;
    &lt;parameter name=&quot;seats&quot; value=&quot;5&quot;/&gt;
    &lt;parameter name=&quot;username&quot; value=&quot;seed-user-3&quot;/&gt;
    &lt;classes&gt;
      &lt;class name=&quot;skyfoxapp.testcases.customerBookingTest.ValidateAvailableSeatsTest&quot;/&gt;
    &lt;/classes&gt;
  &lt;/test&gt; &lt;!-- ValidateAvailableSeatsTest --&gt;
  &lt;test thread-count=&quot;5&quot; name=&quot;ValidateAdminBookingCustomerDetailsTest&quot; verbose=&quot;0&quot;&gt;
    &lt;parameter name=&quot;number&quot; value=&quot;6123457890&quot;/&gt;
    &lt;parameter name=&quot;password&quot; value=&quot;Gurleen@2&quot;/&gt;
    &lt;parameter name=&quot;name&quot; value=&quot;Krupa&quot;/&gt;
    &lt;parameter name=&quot;seats&quot; value=&quot;&quot;/&gt;
    &lt;parameter name=&quot;email&quot; value=&quot;krupa@gmail.com&quot;/&gt;
    &lt;parameter name=&quot;username&quot; value=&quot;Karthinivash&quot;/&gt;
    &lt;classes&gt;
      &lt;class name=&quot;skyfoxapp.testcases.customerBookingTest.ValidateAdminBookingCustomerDetailsTest&quot;/&gt;
    &lt;/classes&gt;
  &lt;/test&gt; &lt;!-- ValidateAdminBookingCustomerDetailsTest --&gt;
  &lt;test thread-count=&quot;5&quot; name=&quot;ValidateAdminBookingNameFieldTest&quot; verbose=&quot;0&quot;&gt;
    &lt;parameter name=&quot;number&quot; value=&quot;6123457890&quot;/&gt;
    &lt;parameter name=&quot;password&quot; value=&quot;Gurleen@2&quot;/&gt;
    &lt;parameter name=&quot;seats&quot; value=&quot;&quot;/&gt;
    &lt;parameter name=&quot;email&quot; value=&quot;krupa@gmail.com&quot;/&gt;
    &lt;parameter name=&quot;username&quot; value=&quot;Karthinivash&quot;/&gt;
    &lt;classes&gt;
      &lt;class name=&quot;skyfoxapp.testcases.customerBookingTest.ValidateAdminBookingNameFeildTest&quot;/&gt;
    &lt;/classes&gt;
  &lt;/test&gt; &lt;!-- ValidateAdminBookingNameFieldTest --&gt;
  &lt;test thread-count=&quot;5&quot; name=&quot;ValidateAdminBookingPhoneNumberTest&quot; verbose=&quot;0&quot;&gt;
    &lt;parameter name=&quot;number&quot; value=&quot;1123457890&quot;/&gt;
    &lt;parameter name=&quot;password&quot; value=&quot;Gurleen@2&quot;/&gt;
    &lt;parameter name=&quot;name&quot; value=&quot;Krupa&quot;/&gt;
    &lt;parameter name=&quot;seats&quot; value=&quot;&quot;/&gt;
    &lt;parameter name=&quot;email&quot; value=&quot;krupa@gmail.com&quot;/&gt;
    &lt;parameter name=&quot;username&quot; value=&quot;Karthinivash&quot;/&gt;
    &lt;classes&gt;
      &lt;class name=&quot;skyfoxapp.testcases.customerBookingTest.ValidateAdminBookingPhnNumberFieldTest&quot;/&gt;
    &lt;/classes&gt;
  &lt;/test&gt; &lt;!-- ValidateAdminBookingPhoneNumberTest --&gt;
  &lt;test thread-count=&quot;5&quot; name=&quot;ValidateAdminBookingEmailTest&quot; verbose=&quot;0&quot;&gt;
    &lt;parameter name=&quot;number&quot; value=&quot;6123457890&quot;/&gt;
    &lt;parameter name=&quot;password&quot; value=&quot;Gurleen@2&quot;/&gt;
    &lt;parameter name=&quot;name&quot; value=&quot;Krupa&quot;/&gt;
    &lt;parameter name=&quot;seats&quot; value=&quot;&quot;/&gt;
    &lt;parameter name=&quot;email&quot; value=&quot;krupa&quot;/&gt;
    &lt;parameter name=&quot;username&quot; value=&quot;Karthinivash&quot;/&gt;
    &lt;classes&gt;
      &lt;class name=&quot;skyfoxapp.testcases.customerBookingTest.ValidateAdminBookingEmailTest&quot;/&gt;
    &lt;/classes&gt;
  &lt;/test&gt; &lt;!-- ValidateAdminBookingEmailTest --&gt;
&lt;/suite&gt; &lt;!-- AllTests --&gt;
            </pre>
          </div> <!-- main-panel-content rounded-window-bottom -->
        </div> <!-- panel -->
        <div panel-name="testlist-AllTests" class="panel">
          <div class="main-panel-header rounded-window-top">
            <span class="header-content">Tests for AllTests</span>
          </div> <!-- main-panel-header rounded-window-top -->
          <div class="main-panel-content rounded-window-bottom">
            <ul>
              <li>
                <span class="test-name">PositiveTests (1 class)</span>
              </li>
              <li>
                <span class="test-name">NegativeUsernameTest (1 class)</span>
              </li>
              <li>
                <span class="test-name">NegativePasswordTest (1 class)</span>
              </li>
              <li>
                <span class="test-name">CustomerSignUpTestWithPositiveTestcases (1 class)</span>
              </li>
              <li>
                <span class="test-name">CustomerSignUpTestWithAllFieldRequired (1 class)</span>
              </li>
              <li>
                <span class="test-name">UsernameChecking (1 class)</span>
              </li>
              <li>
                <span class="test-name">EmailCheckingwithoutAstreik (1 class)</span>
              </li>
              <li>
                <span class="test-name">EmailCheckingwithoutDot (1 class)</span>
              </li>
              <li>
                <span class="test-name">MobileNumberValdatingWithLessThan10Digit (1 class)</span>
              </li>
              <li>
                <span class="test-name">MobileNumberValdatingWithMorehan10Digit (1 class)</span>
              </li>
              <li>
                <span class="test-name">passwordWithoutUppercase (1 class)</span>
              </li>
              <li>
                <span class="test-name">passwordWithoutDigit (1 class)</span>
              </li>
              <li>
                <span class="test-name">passwordWithoutSpecialCharacter (1 class)</span>
              </li>
              <li>
                <span class="test-name">passwordWithLessThan8digits (1 class)</span>
              </li>
              <li>
                <span class="test-name">passwordWithGreaterThan64digits (1 class)</span>
              </li>
              <li>
                <span class="test-name">passwordWhichDoesNotMatchAnyCriteria (1 class)</span>
              </li>
              <li>
                <span class="test-name">passwordDoesNotMatchConfirmPass (1 class)</span>
              </li>
              <li>
                <span class="test-name">PositiveScheduleTests (1 class)</span>
              </li>
              <li>
                <span class="test-name">NegativeScheduleTests (1 class)</span>
              </li>
              <li>
                <span class="test-name">PreviousDayNoSlotsAvailableScheduleTest (1 class)</span>
              </li>
              <li>
                <span class="test-name">PreviousDaySlotsAvailableScheduleTest (1 class)</span>
              </li>
              <li>
                <span class="test-name">NoSlotsAvailableScheduleTest (1 class)</span>
              </li>
              <li>
                <span class="test-name">PositiveChangePasswordTest  (1 class)</span>
              </li>
              <li>
                <span class="test-name">ValidateNewPasswordTest1 (1 class)</span>
              </li>
              <li>
                <span class="test-name">ValidateNewPasswordTest2 (1 class)</span>
              </li>
              <li>
                <span class="test-name">ValidateNewPasswordTest3 (1 class)</span>
              </li>
              <li>
                <span class="test-name">ValidateNewPasswordTest4 (1 class)</span>
              </li>
              <li>
                <span class="test-name">ValidateNewPasswordTest5 (1 class)</span>
              </li>
              <li>
                <span class="test-name">ValidateNewPasswordTest6 (1 class)</span>
              </li>
              <li>
                <span class="test-name">ValidateConfirmPasswordTest (1 class)</span>
              </li>
              <li>
                <span class="test-name">ValidatePreviousPasswordTest (1 class)</span>
              </li>
              <li>
                <span class="test-name">ValidateInvalidCurrentPasswordTest (1 class)</span>
              </li>
              <li>
                <span class="test-name">PositiveViewMoviePosterTests (1 class)</span>
              </li>
              <li>
                <span class="test-name">AdminActionTest (1 class)</span>
              </li>
              <li>
                <span class="test-name">CustomerActionTest (1 class)</span>
              </li>
              <li>
                <span class="test-name">ValidatePastDayMovieTest (1 class)</span>
              </li>
              <li>
                <span class="test-name">PositiveCustomerBookingTest (1 class)</span>
              </li>
              <li>
                <span class="test-name">ValidatePastShowsTest (1 class)</span>
              </li>
              <li>
                <span class="test-name">ValidateNumberOfSeatsTest (1 class)</span>
              </li>
              <li>
                <span class="test-name">ValidateAvailableSeatsTest (1 class)</span>
              </li>
              <li>
                <span class="test-name">ValidateAdminBookingCustomerDetailsTest (1 class)</span>
              </li>
              <li>
                <span class="test-name">ValidateAdminBookingNameFieldTest (1 class)</span>
              </li>
              <li>
                <span class="test-name">ValidateAdminBookingPhoneNumberTest (1 class)</span>
              </li>
              <li>
                <span class="test-name">ValidateAdminBookingEmailTest (1 class)</span>
              </li>
            </ul>
          </div> <!-- main-panel-content rounded-window-bottom -->
        </div> <!-- panel -->
        <div panel-name="group-AllTests" class="panel">
          <div class="main-panel-header rounded-window-top">
            <span class="header-content">Groups for AllTests</span>
          </div> <!-- main-panel-header rounded-window-top -->
          <div class="main-panel-content rounded-window-bottom">
          </div> <!-- main-panel-content rounded-window-bottom -->
        </div> <!-- panel -->
        <div panel-name="times-AllTests" class="panel">
          <div class="main-panel-header rounded-window-top">
            <span class="header-content">Times for AllTests</span>
          </div> <!-- main-panel-header rounded-window-top -->
          <div class="main-panel-content rounded-window-bottom">
            <div class="times-div">
              <script type="text/javascript">
suiteTableInitFunctions.push('tableData_AllTests');
function tableData_AllTests() {
var data = new google.visualization.DataTable();
data.addColumn('number', 'Number');
data.addColumn('string', 'Method');
data.addColumn('string', 'Class');
data.addColumn('number', 'Time (ms)');
data.addRows(44);
data.setCell(0, 0, 0)
data.setCell(0, 1, 'customerBookingTest')
data.setCell(0, 2, 'skyfoxapp.testcases.customerBookingTest.ValidateAvailableSeatsTest')
data.setCell(0, 3, 13845);
data.setCell(1, 0, 1)
data.setCell(1, 1, 'customerBookingTest')
data.setCell(1, 2, 'skyfoxapp.testcases.customerBookingTest.PositiveCustomerBookingTest')
data.setCell(1, 3, 12757);
data.setCell(2, 0, 2)
data.setCell(2, 1, 'viewMoviePoster')
data.setCell(2, 2, 'skyfoxapp.testcases.viewmovieposter.PositiveViewMoviePoster')
data.setCell(2, 3, 12293);
data.setCell(3, 0, 3)
data.setCell(3, 1, 'scheduleMovieTest')
data.setCell(3, 2, 'skyfoxapp.testcases.addMovieScheduleTest.PositiveScheduleTest')
data.setCell(3, 3, 10774);
data.setCell(4, 0, 4)
data.setCell(4, 1, 'customerBookingTest')
data.setCell(4, 2, 'skyfoxapp.testcases.customerBookingTest.ValidateAdminBookingCustomerDetailsTest')
data.setCell(4, 3, 9710);
data.setCell(5, 0, 5)
data.setCell(5, 1, 'loginPageTest')
data.setCell(5, 2, 'skyfoxapp.testcases.addMovieScheduleTest.NegativeScheduleTest')
data.setCell(5, 3, 9702);
data.setCell(6, 0, 6)
data.setCell(6, 1, 'actionsForAdmin')
data.setCell(6, 2, 'skyfoxapp.testcases.preventunauthorizedactions.ActionsForAdmin')
data.setCell(6, 3, 9242);
data.setCell(7, 0, 7)
data.setCell(7, 1, 'actionsForCustomer')
data.setCell(7, 2, 'skyfoxapp.testcases.preventunauthorizedactions.ActionsForCustomer')
data.setCell(7, 3, 9221);
data.setCell(8, 0, 8)
data.setCell(8, 1, 'customerBookingTest')
data.setCell(8, 2, 'skyfoxapp.testcases.customerBookingTest.ValidateAdminBookingEmailTest')
data.setCell(8, 3, 8598);
data.setCell(9, 0, 9)
data.setCell(9, 1, 'customerBookingTest')
data.setCell(9, 2, 'skyfoxapp.testcases.customerBookingTest.ValidateAdminBookingNameFeildTest')
data.setCell(9, 3, 8593);
data.setCell(10, 0, 10)
data.setCell(10, 1, 'customerSignupPageTest')
data.setCell(10, 2, 'skyfoxapp.testcases.customersignuptest.ValidatingAllFieldsNegativeTest')
data.setCell(10, 3, 8582);
data.setCell(11, 0, 11)
data.setCell(11, 1, 'customerBookingTest')
data.setCell(11, 2, 'skyfoxapp.testcases.customerBookingTest.ValidateNumberOfSeatsTest')
data.setCell(11, 3, 8578);
data.setCell(12, 0, 12)
data.setCell(12, 1, 'customerBookingTest')
data.setCell(12, 2, 'skyfoxapp.testcases.customerBookingTest.ValidatePastShowsTest')
data.setCell(12, 3, 8341);
data.setCell(13, 0, 13)
data.setCell(13, 1, 'customerSignupPageTest')
data.setCell(13, 2, 'skyfoxapp.testcases.customersignuptest.ValidatingAllFieldsPositiveTest')
data.setCell(13, 3, 7628);
data.setCell(14, 0, 14)
data.setCell(14, 1, 'customerBookingTest')
data.setCell(14, 2, 'skyfoxapp.testcases.customerBookingTest.ValidateAdminBookingPhnNumberFieldTest')
data.setCell(14, 3, 5377);
data.setCell(15, 0, 15)
data.setCell(15, 1, 'customerBookingTest')
data.setCell(15, 2, 'skyfoxapp.testcases.customerBookingTest.ValidatePastDayMoviesTest')
data.setCell(15, 3, 5349);
data.setCell(16, 0, 16)
data.setCell(16, 1, 'changePasswordTest')
data.setCell(16, 2, 'skyfoxapp.testcases.changepasswordtest.PositiveChangePasswordTest')
data.setCell(16, 3, 5214);
data.setCell(17, 0, 17)
data.setCell(17, 1, 'confirmPasswordAndPasswordMatchValidation')
data.setCell(17, 2, 'skyfoxapp.testcases.customersignuptest.ValidatingConfirmPasswordtTest')
data.setCell(17, 3, 5063);
data.setCell(18, 0, 18)
data.setCell(18, 1, 'usernameValidityChecking')
data.setCell(18, 2, 'skyfoxapp.testcases.customersignuptest.ValidatingAlreadyExistingUsernameTest')
data.setCell(18, 3, 4554);
data.setCell(19, 0, 19)
data.setCell(19, 1, 'scheduleMovieTest')
data.setCell(19, 2, 'skyfoxapp.testcases.addMovieScheduleTest.NoAvailableSlotsScheduleTest')
data.setCell(19, 3, 4516);
data.setCell(20, 0, 20)
data.setCell(20, 1, 'scheduleMovieTest')
data.setCell(20, 2, 'skyfoxapp.testcases.addMovieScheduleTest.PreviousDayNoAvailableSlotsScheduleTest')
data.setCell(20, 3, 4299);
data.setCell(21, 0, 21)
data.setCell(21, 1, 'scheduleMovieTest')
data.setCell(21, 2, 'skyfoxapp.testcases.addMovieScheduleTest.PreviousDayAvailableSlotsScheduleTest')
data.setCell(21, 3, 4298);
data.setCell(22, 0, 22)
data.setCell(22, 1, 'changePasswordTest')
data.setCell(22, 2, 'skyfoxapp.testcases.changepasswordtest.ValidateInvalidCurrentPasswordTest')
data.setCell(22, 3, 3779);
data.setCell(23, 0, 23)
data.setCell(23, 1, 'changePasswordTest')
data.setCell(23, 2, 'skyfoxapp.testcases.changepasswordtest.ValidatePreviousPasswordTest')
data.setCell(23, 3, 3767);
data.setCell(24, 0, 24)
data.setCell(24, 1, 'emailValidityChecking')
data.setCell(24, 2, 'skyfoxapp.testcases.customersignuptest.ValidatingEmailIdTest')
data.setCell(24, 3, 3638);
data.setCell(25, 0, 25)
data.setCell(25, 1, 'mobileNumberValidityChecking')
data.setCell(25, 2, 'skyfoxapp.testcases.customersignuptest.ValidatingMobileNumberTest')
data.setCell(25, 3, 3630);
data.setCell(26, 0, 26)
data.setCell(26, 1, 'mobileNumberValidityChecking')
data.setCell(26, 2, 'skyfoxapp.testcases.customersignuptest.ValidatingMobileNumberTest')
data.setCell(26, 3, 3614);
data.setCell(27, 0, 27)
data.setCell(27, 1, 'changePasswordTest')
data.setCell(27, 2, 'skyfoxapp.testcases.changepasswordtest.ValidateConfirmPasswordTest')
data.setCell(27, 3, 3574);
data.setCell(28, 0, 28)
data.setCell(28, 1, 'emailValidityChecking')
data.setCell(28, 2, 'skyfoxapp.testcases.customersignuptest.ValidatingEmailIdTest')
data.setCell(28, 3, 3548);
data.setCell(29, 0, 29)
data.setCell(29, 1, 'loginPageTest')
data.setCell(29, 2, 'skyfoxapp.testcases.loginpagetest.NegativeLoginTest')
data.setCell(29, 3, 3235);
data.setCell(30, 0, 30)
data.setCell(30, 1, 'loginPageTest')
data.setCell(30, 2, 'skyfoxapp.testcases.loginpagetest.NegativeLoginTest')
data.setCell(30, 3, 3220);
data.setCell(31, 0, 31)
data.setCell(31, 1, 'changePasswordTest')
data.setCell(31, 2, 'skyfoxapp.testcases.changepasswordtest.ValidateNewPasswordTest')
data.setCell(31, 3, 2981);
data.setCell(32, 0, 32)
data.setCell(32, 1, 'passwordValidityChecking')
data.setCell(32, 2, 'skyfoxapp.testcases.customersignuptest.ValidatingPasswordTest')
data.setCell(32, 3, 2659);
data.setCell(33, 0, 33)
data.setCell(33, 1, 'changePasswordTest')
data.setCell(33, 2, 'skyfoxapp.testcases.changepasswordtest.ValidateNewPasswordTest')
data.setCell(33, 3, 2655);
data.setCell(34, 0, 34)
data.setCell(34, 1, 'changePasswordTest')
data.setCell(34, 2, 'skyfoxapp.testcases.changepasswordtest.ValidateNewPasswordTest')
data.setCell(34, 3, 2590);
data.setCell(35, 0, 35)
data.setCell(35, 1, 'changePasswordTest')
data.setCell(35, 2, 'skyfoxapp.testcases.changepasswordtest.ValidateNewPasswordTest')
data.setCell(35, 3, 2588);
data.setCell(36, 0, 36)
data.setCell(36, 1, 'changePasswordTest')
data.setCell(36, 2, 'skyfoxapp.testcases.changepasswordtest.ValidateNewPasswordTest')
data.setCell(36, 3, 2587);
data.setCell(37, 0, 37)
data.setCell(37, 1, 'changePasswordTest')
data.setCell(37, 2, 'skyfoxapp.testcases.changepasswordtest.ValidateNewPasswordTest')
data.setCell(37, 3, 2584);
data.setCell(38, 0, 38)
data.setCell(38, 1, 'passwordValidityChecking')
data.setCell(38, 2, 'skyfoxapp.testcases.customersignuptest.ValidatingPasswordTest')
data.setCell(38, 3, 2522);
data.setCell(39, 0, 39)
data.setCell(39, 1, 'passwordValidityChecking')
data.setCell(39, 2, 'skyfoxapp.testcases.customersignuptest.ValidatingPasswordTest')
data.setCell(39, 3, 2515);
data.setCell(40, 0, 40)
data.setCell(40, 1, 'passwordValidityChecking')
data.setCell(40, 2, 'skyfoxapp.testcases.customersignuptest.ValidatingPasswordTest')
data.setCell(40, 3, 2514);
data.setCell(41, 0, 41)
data.setCell(41, 1, 'passwordValidityChecking')
data.setCell(41, 2, 'skyfoxapp.testcases.customersignuptest.ValidatingPasswordTest')
data.setCell(41, 3, 2511);
data.setCell(42, 0, 42)
data.setCell(42, 1, 'passwordValidityChecking')
data.setCell(42, 2, 'skyfoxapp.testcases.customersignuptest.ValidatingPasswordTest')
data.setCell(42, 3, 2494);
data.setCell(43, 0, 43)
data.setCell(43, 1, 'loginPageTest')
data.setCell(43, 2, 'skyfoxapp.testcases.loginpagetest.PositiveLoginTest')
data.setCell(43, 3, 1199);
window.suiteTableData['AllTests']= { tableData: data, tableDiv: 'times-div-AllTests'}
return data;
}
              </script>
              <span class="suite-total-time">Total running time: 4 minutes</span>
              <div id="times-div-AllTests">
              </div> <!-- times-div-AllTests -->
            </div> <!-- times-div -->
          </div> <!-- main-panel-content rounded-window-bottom -->
        </div> <!-- panel -->
        <div panel-name="reporter-AllTests" class="panel">
          <div class="main-panel-header rounded-window-top">
            <span class="header-content">Reporter output for AllTests</span>
          </div> <!-- main-panel-header rounded-window-top -->
          <div class="main-panel-content rounded-window-bottom">
          </div> <!-- main-panel-content rounded-window-bottom -->
        </div> <!-- panel -->
        <div panel-name="ignored-methods-AllTests" class="panel">
          <div class="main-panel-header rounded-window-top">
            <span class="header-content">0 ignored methods</span>
          </div> <!-- main-panel-header rounded-window-top -->
          <div class="main-panel-content rounded-window-bottom">
          </div> <!-- main-panel-content rounded-window-bottom -->
        </div> <!-- panel -->
        <div panel-name="chronological-AllTests" class="panel">
          <div class="main-panel-header rounded-window-top">
            <span class="header-content">Methods in chronological order</span>
          </div> <!-- main-panel-header rounded-window-top -->
          <div class="main-panel-content rounded-window-bottom">
            <div class="chronological-class">
              <div class="chronological-class-name">skyfoxapp.testcases.loginpagetest.PositiveLoginTest</div> <!-- chronological-class-name -->
              <div class="configuration-class before">
                <span class="method-name">openBrowser</span>
                <span class="method-start">0 ms</span>
              </div> <!-- configuration-class before -->
              <div class="test-method">
                <span class="method-name">loginPageTest(Karthinivash, Gurleen@2)</span>
                <span class="method-start">6978 ms</span>
              </div> <!-- test-method -->
              <div class="configuration-class after">
                <span class="method-name">closeBrowser</span>
                <span class="method-start">8179 ms</span>
              </div> <!-- configuration-class after -->
            </div> <!-- chronological-class -->
            <div class="chronological-class">
              <div class="chronological-class-name">skyfoxapp.testcases.loginpagetest.NegativeLoginTest</div> <!-- chronological-class-name -->
              <div class="configuration-class before">
                <span class="method-name">openBrowser</span>
                <span class="method-start">8329 ms</span>
              </div> <!-- configuration-class before -->
              <div class="test-method">
                <span class="method-name">loginPageTest(Karthinivah, Gurleen@2, Login failed)</span>
                <span class="method-start">9734 ms</span>
              </div> <!-- test-method -->
              <div class="configuration-class after">
                <span class="method-name">closeBrowser</span>
                <span class="method-start">12970 ms</span>
              </div> <!-- configuration-class after -->
              <div class="configuration-class before">
                <span class="method-name">openBrowser</span>
                <span class="method-start">18097 ms</span>
              </div> <!-- configuration-class before -->
              <div class="test-method">
                <span class="method-name">loginPageTest(Karthinivash, Gurleen@1, Login failed)</span>
                <span class="method-start">19540 ms</span>
              </div> <!-- test-method -->
              <div class="configuration-class after">
                <span class="method-name">closeBrowser</span>
                <span class="method-start">22762 ms</span>
              </div> <!-- configuration-class after -->
            </div> <!-- chronological-class -->
            <div class="chronological-class">
              <div class="chronological-class-name">skyfoxapp.testcases.customersignuptest.ValidatingAllFieldsPositiveTest</div> <!-- chronological-class-name -->
              <div class="configuration-class before">
                <span class="method-name">openBrowser</span>
                <span class="method-start">22878 ms</span>
              </div> <!-- configuration-class before -->
              <div class="test-method">
                <span class="method-name">customerSignupPageTest(aswini, aswini10, aswini@gmail.com, 9067834521, Aswini.1, Aswini.1)</span>
                <span class="method-start">25500 ms</span>
              </div> <!-- test-method -->
              <div class="configuration-class after">
                <span class="method-name">closeBrowser</span>
                <span class="method-start">33129 ms</span>
              </div> <!-- configuration-class after -->
            </div> <!-- chronological-class -->
            <div class="chronological-class">
              <div class="chronological-class-name">skyfoxapp.testcases.customersignuptest.ValidatingAllFieldsNegativeTest</div> <!-- chronological-class-name -->
              <div class="configuration-class before">
                <span class="method-name">openBrowser</span>
                <span class="method-start">38252 ms</span>
              </div> <!-- configuration-class before -->
              <div class="test-method">
                <span class="method-name">customerSignupPageTest(, , , , , , Name is required, Username is required, Email is required, Mobile number is required, Pa...)</span>
                <span class="method-start">40388 ms</span>
              </div> <!-- test-method -->
              <div class="configuration-class after">
                <span class="method-name">closeBrowser</span>
                <span class="method-start">48970 ms</span>
              </div> <!-- configuration-class after -->
            </div> <!-- chronological-class -->
            <div class="chronological-class">
              <div class="chronological-class-name">skyfoxapp.testcases.customersignuptest.ValidatingAlreadyExistingUsernameTest</div> <!-- chronological-class-name -->
              <div class="configuration-class before">
                <span class="method-name">openBrowser</span>
                <span class="method-start">54085 ms</span>
              </div> <!-- configuration-class before -->
              <div class="test-method">
                <span class="method-name">usernameValidityChecking(aswini, seed-user-1, aswini@gmail.com, 9087654123, Aswini.1, Aswini.1, A user with the username alre...)</span>
                <span class="method-start">58523 ms</span>
              </div> <!-- test-method -->
              <div class="configuration-class after">
                <span class="method-name">closeBrowser</span>
                <span class="method-start">63079 ms</span>
              </div> <!-- configuration-class after -->
            </div> <!-- chronological-class -->
            <div class="chronological-class">
              <div class="chronological-class-name">skyfoxapp.testcases.customersignuptest.ValidatingEmailIdTest</div> <!-- chronological-class-name -->
              <div class="configuration-class before">
                <span class="method-name">openBrowser</span>
                <span class="method-start">68202 ms</span>
              </div> <!-- configuration-class before -->
              <div class="test-method">
                <span class="method-name">emailValidityChecking(aswini, aswini, aswinigmail.com, 9087654123, Aswini.1, Aswini.1, Invalid Email)</span>
                <span class="method-start">70681 ms</span>
              </div> <!-- test-method -->
              <div class="configuration-class after">
                <span class="method-name">closeBrowser</span>
                <span class="method-start">74319 ms</span>
              </div> <!-- configuration-class after -->
              <div class="configuration-class before">
                <span class="method-name">openBrowser</span>
                <span class="method-start">79434 ms</span>
              </div> <!-- configuration-class before -->
              <div class="test-method">
                <span class="method-name">emailValidityChecking(aswini, aswini, aswini@gmailcom, 9087654123, Aswini.1, Aswini.1, Invalid Email)</span>
                <span class="method-start">82003 ms</span>
              </div> <!-- test-method -->
              <div class="configuration-class after">
                <span class="method-name">closeBrowser</span>
                <span class="method-start">85551 ms</span>
              </div> <!-- configuration-class after -->
            </div> <!-- chronological-class -->
            <div class="chronological-class">
              <div class="chronological-class-name">skyfoxapp.testcases.customersignuptest.ValidatingMobileNumberTest</div> <!-- chronological-class-name -->
              <div class="configuration-class before">
                <span class="method-name">openBrowser</span>
                <span class="method-start">90669 ms</span>
              </div> <!-- configuration-class before -->
              <div class="test-method">
                <span class="method-name">mobileNumberValidityChecking(aswini, aswini, aswini@gmail.com, 9087654, Aswini.1, Aswini.1, Enter a valid mobile number)</span>
                <span class="method-start">93267 ms</span>
              </div> <!-- test-method -->
              <div class="configuration-class after">
                <span class="method-name">closeBrowser</span>
                <span class="method-start">96897 ms</span>
              </div> <!-- configuration-class after -->
              <div class="configuration-class before">
                <span class="method-name">openBrowser</span>
                <span class="method-start">102017 ms</span>
              </div> <!-- configuration-class before -->
              <div class="test-method">
                <span class="method-name">mobileNumberValidityChecking(aswini, aswini, aswini@gmail.com, 908765423456789, Aswini.1, Aswini.1, Enter a valid mobile number)</span>
                <span class="method-start">104456 ms</span>
              </div> <!-- test-method -->
              <div class="configuration-class after">
                <span class="method-name">closeBrowser</span>
                <span class="method-start">108071 ms</span>
              </div> <!-- configuration-class after -->
            </div> <!-- chronological-class -->
            <div class="chronological-class">
              <div class="chronological-class-name">skyfoxapp.testcases.customersignuptest.ValidatingPasswordTest</div> <!-- chronological-class-name -->
              <div class="configuration-class before">
                <span class="method-name">openBrowser</span>
                <span class="method-start">113189 ms</span>
              </div> <!-- configuration-class before -->
              <div class="test-method">
                <span class="method-name">passwordValidityChecking(aswini, aswini, aswini@gmail.com, 9087654321, aswini.1, aswini.1, Password must contain 8-64 charact...)</span>
                <span class="method-start">117422 ms</span>
              </div> <!-- test-method -->
              <div class="configuration-class after">
                <span class="method-name">closeBrowser</span>
                <span class="method-start">119916 ms</span>
              </div> <!-- configuration-class after -->
              <div class="configuration-class before">
                <span class="method-name">openBrowser</span>
                <span class="method-start">125038 ms</span>
              </div> <!-- configuration-class before -->
              <div class="test-method">
                <span class="method-name">passwordValidityChecking(aswini, aswini, aswini@gmail.com, 9087654321, Aswini.., Aswini.., Password must contain 8-64 charact...)</span>
                <span class="method-start">127518 ms</span>
              </div> <!-- test-method -->
              <div class="configuration-class after">
                <span class="method-name">closeBrowser</span>
                <span class="method-start">130033 ms</span>
              </div> <!-- configuration-class after -->
              <div class="configuration-class before">
                <span class="method-name">openBrowser</span>
                <span class="method-start">135145 ms</span>
              </div> <!-- configuration-class before -->
              <div class="test-method">
                <span class="method-name">passwordValidityChecking(aswini, aswini, aswini@gmail.com, 9087654321, Aswini11, Aswini11, Password must contain 8-64 charact...)</span>
                <span class="method-start">137624 ms</span>
              </div> <!-- test-method -->
              <div class="configuration-class after">
                <span class="method-name">closeBrowser</span>
                <span class="method-start">140135 ms</span>
              </div> <!-- configuration-class after -->
              <div class="configuration-class before">
                <span class="method-name">openBrowser</span>
                <span class="method-start">145256 ms</span>
              </div> <!-- configuration-class before -->
              <div class="test-method">
                <span class="method-name">passwordValidityChecking(aswini, aswini, aswini@gmail.com, 9087654321, Abc.1, Abc.1, Password must contain 8-64 characters,
a...)</span>
                <span class="method-start">147740 ms</span>
              </div> <!-- test-method -->
              <div class="configuration-class after">
                <span class="method-name">closeBrowser</span>
                <span class="method-start">150262 ms</span>
              </div> <!-- configuration-class after -->
              <div class="configuration-class before">
                <span class="method-name">openBrowser</span>
                <span class="method-start">155378 ms</span>
              </div> <!-- configuration-class before -->
              <div class="test-method">
                <span class="method-name">passwordValidityChecking(aswini, aswini, aswini@gmail.com, 9087654321, A group of words containing a subject and a verb, that...)</span>
                <span class="method-start">157890 ms</span>
              </div> <!-- test-method -->
              <div class="configuration-class after">
                <span class="method-name">closeBrowser</span>
                <span class="method-start">160549 ms</span>
              </div> <!-- configuration-class after -->
              <div class="configuration-class before">
                <span class="method-name">openBrowser</span>
                <span class="method-start">165679 ms</span>
              </div> <!-- configuration-class before -->
              <div class="test-method">
                <span class="method-name">passwordValidityChecking(aswini, aswini, aswini@gmail.com, 9087654321, abcdef, abcdef, Password must contain 8-64 characters,...)</span>
                <span class="method-start">168117 ms</span>
              </div> <!-- test-method -->
              <div class="configuration-class after">
                <span class="method-name">closeBrowser</span>
                <span class="method-start">170631 ms</span>
              </div> <!-- configuration-class after -->
            </div> <!-- chronological-class -->
            <div class="chronological-class">
              <div class="chronological-class-name">skyfoxapp.testcases.customersignuptest.ValidatingConfirmPasswordtTest</div> <!-- chronological-class-name -->
              <div class="configuration-class before">
                <span class="method-name">openBrowser</span>
                <span class="method-start">175751 ms</span>
              </div> <!-- configuration-class before -->
              <div class="test-method">
                <span class="method-name">confirmPasswordAndPasswordMatchValidation(aswini, aswini, aswini@gmail.com, 9087654321, Aswini.1, aswini.1, Password and confirm password do n...)</span>
                <span class="method-start">178357 ms</span>
              </div> <!-- test-method -->
              <div class="configuration-class after">
                <span class="method-name">closeBrowser</span>
                <span class="method-start">183421 ms</span>
              </div> <!-- configuration-class after -->
            </div> <!-- chronological-class -->
            <div class="chronological-class">
              <div class="chronological-class-name">skyfoxapp.testcases.addMovieScheduleTest.PositiveScheduleTest</div> <!-- chronological-class-name -->
              <div class="configuration-class before">
                <span class="method-name">openBrowser</span>
                <span class="method-start">188542 ms</span>
              </div> <!-- configuration-class before -->
              <div class="test-method">
                <span class="method-name">scheduleMovieTest(Karthinivash, Gurleen@2, 200)</span>
                <span class="method-start">190084 ms</span>
              </div> <!-- test-method -->
              <div class="configuration-class after">
                <span class="method-name">closeBrowser</span>
                <span class="method-start">200858 ms</span>
              </div> <!-- configuration-class after -->
            </div> <!-- chronological-class -->
            <div class="chronological-class">
              <div class="chronological-class-name">skyfoxapp.testcases.addMovieScheduleTest.NegativeScheduleTest</div> <!-- chronological-class-name -->
              <div class="configuration-class before">
                <span class="method-name">openBrowser</span>
                <span class="method-start">205974 ms</span>
              </div> <!-- configuration-class before -->
              <div class="test-method">
                <span class="method-name">loginPageTest(Karthinivash, Gurleen@2, vmn, Invalid cost)</span>
                <span class="method-start">207453 ms</span>
              </div> <!-- test-method -->
              <div class="configuration-class after">
                <span class="method-name">closeBrowser</span>
                <span class="method-start">217155 ms</span>
              </div> <!-- configuration-class after -->
            </div> <!-- chronological-class -->
            <div class="chronological-class">
              <div class="chronological-class-name">skyfoxapp.testcases.addMovieScheduleTest.PreviousDayNoAvailableSlotsScheduleTest</div> <!-- chronological-class-name -->
              <div class="configuration-class before">
                <span class="method-name">openBrowser</span>
                <span class="method-start">222283 ms</span>
              </div> <!-- configuration-class before -->
              <div class="test-method">
                <span class="method-name">scheduleMovieTest(Karthinivash, Gurleen@2)</span>
                <span class="method-start">224130 ms</span>
              </div> <!-- test-method -->
              <div class="configuration-class after">
                <span class="method-name">closeBrowser</span>
                <span class="method-start">228429 ms</span>
              </div> <!-- configuration-class after -->
            </div> <!-- chronological-class -->
            <div class="chronological-class">
              <div class="chronological-class-name">skyfoxapp.testcases.addMovieScheduleTest.PreviousDayAvailableSlotsScheduleTest</div> <!-- chronological-class-name -->
              <div class="configuration-class before">
                <span class="method-name">openBrowser</span>
                <span class="method-start">233551 ms</span>
              </div> <!-- configuration-class before -->
              <div class="test-method">
                <span class="method-name">scheduleMovieTest(Karthinivash, Gurleen@2)</span>
                <span class="method-start">235046 ms</span>
              </div> <!-- test-method -->
              <div class="configuration-class after">
                <span class="method-name">closeBrowser</span>
                <span class="method-start">239344 ms</span>
              </div> <!-- configuration-class after -->
            </div> <!-- chronological-class -->
            <div class="chronological-class">
              <div class="chronological-class-name">skyfoxapp.testcases.addMovieScheduleTest.NoAvailableSlotsScheduleTest</div> <!-- chronological-class-name -->
              <div class="configuration-class before">
                <span class="method-name">openBrowser</span>
                <span class="method-start">244464 ms</span>
              </div> <!-- configuration-class before -->
              <div class="test-method">
                <span class="method-name">scheduleMovieTest(Karthinivash, Gurleen@2)</span>
                <span class="method-start">245981 ms</span>
              </div> <!-- test-method -->
              <div class="configuration-class after">
                <span class="method-name">closeBrowser</span>
                <span class="method-start">250497 ms</span>
              </div> <!-- configuration-class after -->
            </div> <!-- chronological-class -->
            <div class="chronological-class">
              <div class="chronological-class-name">skyfoxapp.testcases.changepasswordtest.PositiveChangePasswordTest</div> <!-- chronological-class-name -->
              <div class="configuration-class before">
                <span class="method-name">openBrowser</span>
                <span class="method-start">255617 ms</span>
              </div> <!-- configuration-class before -->
              <div class="test-method">
                <span class="method-name">changePasswordTest(Karthinivash, Gurleen@2, Gurleen@2, Skyfox@4, Skyfox@4)</span>
                <span class="method-start">257299 ms</span>
              </div> <!-- test-method -->
              <div class="configuration-class after">
                <span class="method-name">closeBrowser</span>
                <span class="method-start">262514 ms</span>
              </div> <!-- configuration-class after -->
            </div> <!-- chronological-class -->
            <div class="chronological-class">
              <div class="chronological-class-name">skyfoxapp.testcases.changepasswordtest.ValidateNewPasswordTest</div> <!-- chronological-class-name -->
              <div class="configuration-class before">
                <span class="method-name">openBrowser</span>
                <span class="method-start">267657 ms</span>
              </div> <!-- configuration-class before -->
              <div class="test-method">
                <span class="method-name">changePasswordTest(Karthinivash, Gurleen@2, Gurleen@2, Skyfox433, Skyfox433)</span>
                <span class="method-start">269379 ms</span>
              </div> <!-- test-method -->
              <div class="configuration-class after">
                <span class="method-name">closeBrowser</span>
                <span class="method-start">272360 ms</span>
              </div> <!-- configuration-class after -->
              <div class="configuration-class before">
                <span class="method-name">openBrowser</span>
                <span class="method-start">272474 ms</span>
              </div> <!-- configuration-class before -->
              <div class="test-method">
                <span class="method-name">changePasswordTest(Karthinivash, Gurleen@2, Gurleen@2, skyfox@433, skyfox@433)</span>
                <span class="method-start">275015 ms</span>
              </div> <!-- test-method -->
              <div class="configuration-class after">
                <span class="method-name">closeBrowser</span>
                <span class="method-start">277602 ms</span>
              </div> <!-- configuration-class after -->
              <div class="configuration-class before">
                <span class="method-name">openBrowser</span>
                <span class="method-start">282727 ms</span>
              </div> <!-- configuration-class before -->
              <div class="test-method">
                <span class="method-name">changePasswordTest(Karthinivash, Gurleen@2, Gurleen@2, SKYFOX433, SKYFOX433)</span>
                <span class="method-start">284194 ms</span>
              </div> <!-- test-method -->
              <div class="configuration-class after">
                <span class="method-name">closeBrowser</span>
                <span class="method-start">286784 ms</span>
              </div> <!-- configuration-class after -->
              <div class="configuration-class before">
                <span class="method-name">openBrowser</span>
                <span class="method-start">286893 ms</span>
              </div> <!-- configuration-class before -->
              <div class="test-method">
                <span class="method-name">changePasswordTest(Karthinivash, Gurleen@2, Gurleen@2, Skyfox@, Skyfox@)</span>
                <span class="method-start">288730 ms</span>
              </div> <!-- test-method -->
              <div class="configuration-class after">
                <span class="method-name">closeBrowser</span>
                <span class="method-start">291318 ms</span>
              </div> <!-- configuration-class after -->
              <div class="configuration-class before">
                <span class="method-name">openBrowser</span>
                <span class="method-start">296439 ms</span>
              </div> <!-- configuration-class before -->
              <div class="test-method">
                <span class="method-name">changePasswordTest(Karthinivash, Gurleen@2, Gurleen@2, Sky@3, Sky@3)</span>
                <span class="method-start">298010 ms</span>
              </div> <!-- test-method -->
              <div class="configuration-class after">
                <span class="method-name">closeBrowser</span>
                <span class="method-start">300594 ms</span>
              </div> <!-- configuration-class after -->
              <div class="configuration-class before">
                <span class="method-name">openBrowser</span>
                <span class="method-start">300706 ms</span>
              </div> <!-- configuration-class before -->
              <div class="test-method">
                <span class="method-name">changePasswordTest(Karthinivash, Gurleen@2, Gurleen@2, Skyfox@Skyfox@Skyfox@Skyfox@Skyfox@Skyfox@Skyfox@Skyfox@Skyfox@S...)</span>
                <span class="method-start">302212 ms</span>
              </div> <!-- test-method -->
              <div class="configuration-class after">
                <span class="method-name">closeBrowser</span>
                <span class="method-start">304867 ms</span>
              </div> <!-- configuration-class after -->
            </div> <!-- chronological-class -->
            <div class="chronological-class">
              <div class="chronological-class-name">skyfoxapp.testcases.changepasswordtest.ValidateConfirmPasswordTest</div> <!-- chronological-class-name -->
              <div class="configuration-class before">
                <span class="method-name">openBrowser</span>
                <span class="method-start">309984 ms</span>
              </div> <!-- configuration-class before -->
              <div class="test-method">
                <span class="method-name">changePasswordTest(Karthinivash, Gurleen@2, Gurleen@2, Skyfox@4, Skyfox4)</span>
                <span class="method-start">311861 ms</span>
              </div> <!-- test-method -->
              <div class="configuration-class after">
                <span class="method-name">closeBrowser</span>
                <span class="method-start">315435 ms</span>
              </div> <!-- configuration-class after -->
            </div> <!-- chronological-class -->
            <div class="chronological-class">
              <div class="chronological-class-name">skyfoxapp.testcases.changepasswordtest.ValidatePreviousPasswordTest</div> <!-- chronological-class-name -->
              <div class="configuration-class before">
                <span class="method-name">openBrowser</span>
                <span class="method-start">320565 ms</span>
              </div> <!-- configuration-class before -->
              <div class="test-method">
                <span class="method-name">changePasswordTest(Karthinivash, Gurleen@2, Gurleen@2, Gurleen@2, Gurleen@2)</span>
                <span class="method-start">322188 ms</span>
              </div> <!-- test-method -->
              <div class="configuration-class after">
                <span class="method-name">closeBrowser</span>
                <span class="method-start">325955 ms</span>
              </div> <!-- configuration-class after -->
            </div> <!-- chronological-class -->
            <div class="chronological-class">
              <div class="chronological-class-name">skyfoxapp.testcases.changepasswordtest.ValidateInvalidCurrentPasswordTest</div> <!-- chronological-class-name -->
              <div class="configuration-class before">
                <span class="method-name">openBrowser</span>
                <span class="method-start">331077 ms</span>
              </div> <!-- configuration-class before -->
              <div class="test-method">
                <span class="method-name">changePasswordTest(Karthinivash, Gurleen@2, Skyfox@4, Skyfox@5, Skyfox@5)</span>
                <span class="method-start">332563 ms</span>
              </div> <!-- test-method -->
              <div class="configuration-class after">
                <span class="method-name">closeBrowser</span>
                <span class="method-start">336343 ms</span>
              </div> <!-- configuration-class after -->
            </div> <!-- chronological-class -->
            <div class="chronological-class">
              <div class="chronological-class-name">skyfoxapp.testcases.viewmovieposter.PositiveViewMoviePoster</div> <!-- chronological-class-name -->
              <div class="configuration-class before">
                <span class="method-name">openBrowser</span>
                <span class="method-start">341477 ms</span>
              </div> <!-- configuration-class before -->
              <div class="test-method">
                <span class="method-name">viewMoviePoster(Karthinivash, Gurleen@2)</span>
                <span class="method-start">343291 ms</span>
              </div> <!-- test-method -->
              <div class="configuration-class after">
                <span class="method-name">closeBrowser</span>
                <span class="method-start">355585 ms</span>
              </div> <!-- configuration-class after -->
            </div> <!-- chronological-class -->
            <div class="chronological-class">
              <div class="chronological-class-name">skyfoxapp.testcases.preventunauthorizedactions.ActionsForAdmin</div> <!-- chronological-class-name -->
              <div class="configuration-class before">
                <span class="method-name">openBrowser</span>
                <span class="method-start">360705 ms</span>
              </div> <!-- configuration-class before -->
              <div class="test-method">
                <span class="method-name">actionsForAdmin(Karthinivash, Gurleen@2)</span>
                <span class="method-start">363230 ms</span>
              </div> <!-- test-method -->
              <div class="configuration-class after">
                <span class="method-name">closeBrowser</span>
                <span class="method-start">372473 ms</span>
              </div> <!-- configuration-class after -->
            </div> <!-- chronological-class -->
            <div class="chronological-class">
              <div class="chronological-class-name">skyfoxapp.testcases.preventunauthorizedactions.ActionsForCustomer</div> <!-- chronological-class-name -->
              <div class="configuration-class before">
                <span class="method-name">openBrowser</span>
                <span class="method-start">377598 ms</span>
              </div> <!-- configuration-class before -->
              <div class="test-method">
                <span class="method-name">actionsForCustomer(aswini, Skyfox@24)</span>
                <span class="method-start">380135 ms</span>
              </div> <!-- test-method -->
              <div class="configuration-class after">
                <span class="method-name">closeBrowser</span>
                <span class="method-start">389356 ms</span>
              </div> <!-- configuration-class after -->
            </div> <!-- chronological-class -->
            <div class="chronological-class">
              <div class="chronological-class-name">skyfoxapp.testcases.customerBookingTest.ValidatePastDayMoviesTest</div> <!-- chronological-class-name -->
              <div class="configuration-class before">
                <span class="method-name">openBrowser</span>
                <span class="method-start">394475 ms</span>
              </div> <!-- configuration-class before -->
              <div class="test-method">
                <span class="method-name">customerBookingTest(Karthinivash, Gurleen@2)</span>
                <span class="method-start">395955 ms</span>
              </div> <!-- test-method -->
              <div class="configuration-class after">
                <span class="method-name">closeBrowser</span>
                <span class="method-start">401304 ms</span>
              </div> <!-- configuration-class after -->
            </div> <!-- chronological-class -->
            <div class="chronological-class">
              <div class="chronological-class-name">skyfoxapp.testcases.customerBookingTest.PositiveCustomerBookingTest</div> <!-- chronological-class-name -->
              <div class="configuration-class before">
                <span class="method-name">openBrowser</span>
                <span class="method-start">406420 ms</span>
              </div> <!-- configuration-class before -->
              <div class="test-method">
                <span class="method-name">customerBookingTest(seed-user-3, Gurleen@1, )</span>
                <span class="method-start">408112 ms</span>
              </div> <!-- test-method -->
              <div class="configuration-class after">
                <span class="method-name">closeBrowser</span>
                <span class="method-start">420869 ms</span>
              </div> <!-- configuration-class after -->
            </div> <!-- chronological-class -->
            <div class="chronological-class">
              <div class="chronological-class-name">skyfoxapp.testcases.customerBookingTest.ValidatePastShowsTest</div> <!-- chronological-class-name -->
              <div class="configuration-class before">
                <span class="method-name">openBrowser</span>
                <span class="method-start">425986 ms</span>
              </div> <!-- configuration-class before -->
              <div class="test-method">
                <span class="method-name">customerBookingTest(seed-user-3, Gurleen@1)</span>
                <span class="method-start">427973 ms</span>
              </div> <!-- test-method -->
              <div class="configuration-class after">
                <span class="method-name">closeBrowser</span>
                <span class="method-start">436315 ms</span>
              </div> <!-- configuration-class after -->
            </div> <!-- chronological-class -->
            <div class="chronological-class">
              <div class="chronological-class-name">skyfoxapp.testcases.customerBookingTest.ValidateNumberOfSeatsTest</div> <!-- chronological-class-name -->
              <div class="configuration-class before">
                <span class="method-name">openBrowser</span>
                <span class="method-start">441436 ms</span>
              </div> <!-- configuration-class before -->
              <div class="test-method">
                <span class="method-name">customerBookingTest(seed-user-3, Gurleen@1, 100)</span>
                <span class="method-start">442926 ms</span>
              </div> <!-- test-method -->
              <div class="configuration-class after">
                <span class="method-name">closeBrowser</span>
                <span class="method-start">451504 ms</span>
              </div> <!-- configuration-class after -->
            </div> <!-- chronological-class -->
            <div class="chronological-class">
              <div class="chronological-class-name">skyfoxapp.testcases.customerBookingTest.ValidateAvailableSeatsTest</div> <!-- chronological-class-name -->
              <div class="configuration-class before">
                <span class="method-name">openBrowser</span>
                <span class="method-start">456633 ms</span>
              </div> <!-- configuration-class before -->
              <div class="test-method">
                <img src="failed.png">
                </img>
                <span class="method-name">customerBookingTest(seed-user-3, Gurleen@1, 5)</span>
                <span class="method-start">458328 ms</span>
              </div> <!-- test-method -->
              <div class="configuration-class after">
                <span class="method-name">closeBrowser</span>
                <span class="method-start">472190 ms</span>
              </div> <!-- configuration-class after -->
            </div> <!-- chronological-class -->
            <div class="chronological-class">
              <div class="chronological-class-name">skyfoxapp.testcases.customerBookingTest.ValidateAdminBookingCustomerDetailsTest</div> <!-- chronological-class-name -->
              <div class="configuration-class before">
                <span class="method-name">openBrowser</span>
                <span class="method-start">477324 ms</span>
              </div> <!-- configuration-class before -->
              <div class="test-method">
                <span class="method-name">customerBookingTest(Karthinivash, Gurleen@2, , Krupa, 6123457890, krupa@gmail.com)</span>
                <span class="method-start">479250 ms</span>
              </div> <!-- test-method -->
              <div class="configuration-class after">
                <span class="method-name">closeBrowser</span>
                <span class="method-start">488961 ms</span>
              </div> <!-- configuration-class after -->
            </div> <!-- chronological-class -->
            <div class="chronological-class">
              <div class="chronological-class-name">skyfoxapp.testcases.customerBookingTest.ValidateAdminBookingNameFeildTest</div> <!-- chronological-class-name -->
              <div class="configuration-class before">
                <span class="method-name">openBrowser</span>
                <span class="method-start">494071 ms</span>
              </div> <!-- configuration-class before -->
              <div class="test-method">
                <span class="method-name">customerBookingTest(Karthinivash, Gurleen@2, , 6123457890, krupa@gmail.com)</span>
                <span class="method-start">495856 ms</span>
              </div> <!-- test-method -->
              <div class="configuration-class after">
                <span class="method-name">closeBrowser</span>
                <span class="method-start">504449 ms</span>
              </div> <!-- configuration-class after -->
            </div> <!-- chronological-class -->
            <div class="chronological-class">
              <div class="chronological-class-name">skyfoxapp.testcases.customerBookingTest.ValidateAdminBookingPhnNumberFieldTest</div> <!-- chronological-class-name -->
              <div class="configuration-class before">
                <span class="method-name">openBrowser</span>
                <span class="method-start">509578 ms</span>
              </div> <!-- configuration-class before -->
              <div class="test-method">
                <img src="failed.png">
                </img>
                <span class="method-name">customerBookingTest(Karthinivash, Gurleen@2, , Krupa, 1123457890, krupa@gmail.com)</span>
                <span class="method-start">511074 ms</span>
              </div> <!-- test-method -->
              <div class="configuration-class after">
                <span class="method-name">closeBrowser</span>
                <span class="method-start">516452 ms</span>
              </div> <!-- configuration-class after -->
            </div> <!-- chronological-class -->
            <div class="chronological-class">
              <div class="chronological-class-name">skyfoxapp.testcases.customerBookingTest.ValidateAdminBookingEmailTest</div> <!-- chronological-class-name -->
              <div class="configuration-class before">
                <span class="method-name">openBrowser</span>
                <span class="method-start">521573 ms</span>
              </div> <!-- configuration-class before -->
              <div class="test-method">
                <span class="method-name">customerBookingTest(Karthinivash, Gurleen@2, , Krupa, 6123457890, krupa)</span>
                <span class="method-start">523119 ms</span>
              </div> <!-- test-method -->
              <div class="configuration-class after">
                <span class="method-name">closeBrowser</span>
                <span class="method-start">531718 ms</span>
              </div> <!-- configuration-class after -->
          </div> <!-- main-panel-content rounded-window-bottom -->
        </div> <!-- panel -->
      </div> <!-- main-panel-root -->
    </div> <!-- wrapper -->
  </body>
<script type="text/javascript" src="testng-reports2.js"></script>
</html>
