<?xml version="1.0" encoding="UTF-8"?>
<testng-results ignored="0" total="44" passed="42" failed="2" skipped="0">
  <reporter-output>
  </reporter-output>
  <suite started-at="2022-08-18T10:22:07 IST" name="AllTests" finished-at="2022-08-18T10:30:59 IST" duration-ms="531834">
    <groups>
    </groups>
    <test started-at="2022-08-18T10:22:07 IST" name="PositiveTests" finished-at="2022-08-18T10:22:15 IST" duration-ms="8307">
      <class name="skyfoxapp.testcases.loginpagetest.PositiveLoginTest">
        <test-method is-config="true" signature="openBrowser()[pri:0, instance:skyfoxapp.testcases.loginpagetest.PositiveLoginTest@156b88f5]" started-at="2022-08-18T10:22:07 IST" name="openBrowser" finished-at="2022-08-18T10:22:14 IST" duration-ms="6973" status="PASS">
          <reporter-output>
          </reporter-output>
        </test-method> <!-- openBrowser -->
        <test-method signature="loginPageTest(java.lang.String,java.lang.String)[pri:1, instance:skyfoxapp.testcases.loginpagetest.PositiveLoginTest@156b88f5]" started-at="2022-08-18T10:22:14 IST" name="loginPageTest" finished-at="2022-08-18T10:22:15 IST" duration-ms="1199" status="PASS">
          <params>
            <param index="0">
              <value>
                <![CDATA[Karthinivash]]>
              </value>
            </param>
            <param index="1">
              <value>
                <![CDATA[Gurleen@2]]>
              </value>
            </param>
          </params>
          <reporter-output>
          </reporter-output>
        </test-method> <!-- loginPageTest -->
        <test-method is-config="true" signature="closeBrowser()[pri:0, instance:skyfoxapp.testcases.loginpagetest.PositiveLoginTest@156b88f5]" started-at="2022-08-18T10:22:15 IST" name="closeBrowser" finished-at="2022-08-18T10:22:15 IST" duration-ms="121" status="PASS">
          <reporter-output>
          </reporter-output>
        </test-method> <!-- closeBrowser -->
      </class> <!-- skyfoxapp.testcases.loginpagetest.PositiveLoginTest -->
    </test> <!-- PositiveTests -->
    <test started-at="2022-08-18T10:22:15 IST" name="NegativeUsernameTest" finished-at="2022-08-18T10:22:20 IST" duration-ms="4756">
      <class name="skyfoxapp.testcases.loginpagetest.NegativeLoginTest">
        <test-method is-config="true" signature="openBrowser()[pri:0, instance:skyfoxapp.testcases.loginpagetest.NegativeLoginTest@306e95ec]" started-at="2022-08-18T10:22:15 IST" name="openBrowser" finished-at="2022-08-18T10:22:17 IST" duration-ms="1405" status="PASS">
          <reporter-output>
          </reporter-output>
        </test-method> <!-- openBrowser -->
        <test-method signature="loginPageTest(java.lang.String,java.lang.String,java.lang.String)[pri:1, instance:skyfoxapp.testcases.loginpagetest.NegativeLoginTest@306e95ec]" started-at="2022-08-18T10:22:17 IST" name="loginPageTest" finished-at="2022-08-18T10:22:20 IST" duration-ms="3235" status="PASS">
          <params>
            <param index="0">
              <value>
                <![CDATA[Karthinivah]]>
              </value>
            </param>
            <param index="1">
              <value>
                <![CDATA[Gurleen@2]]>
              </value>
            </param>
            <param index="2">
              <value>
                <![CDATA[Login failed]]>
              </value>
            </param>
          </params>
          <reporter-output>
          </reporter-output>
        </test-method> <!-- loginPageTest -->
        <test-method is-config="true" signature="closeBrowser()[pri:0, instance:skyfoxapp.testcases.loginpagetest.NegativeLoginTest@306e95ec]" started-at="2022-08-18T10:22:20 IST" name="closeBrowser" finished-at="2022-08-18T10:22:20 IST" duration-ms="115" status="PASS">
          <reporter-output>
          </reporter-output>
        </test-method> <!-- closeBrowser -->
      </class> <!-- skyfoxapp.testcases.loginpagetest.NegativeLoginTest -->
    </test> <!-- NegativeUsernameTest -->
    <test started-at="2022-08-18T10:22:25 IST" name="NegativePasswordTest" finished-at="2022-08-18T10:22:30 IST" duration-ms="4779">
      <class name="skyfoxapp.testcases.loginpagetest.NegativeLoginTest">
        <test-method is-config="true" signature="openBrowser()[pri:0, instance:skyfoxapp.testcases.loginpagetest.NegativeLoginTest@bae7dc0]" started-at="2022-08-18T10:22:25 IST" name="openBrowser" finished-at="2022-08-18T10:22:27 IST" duration-ms="1442" status="PASS">
          <reporter-output>
          </reporter-output>
        </test-method> <!-- openBrowser -->
        <test-method signature="loginPageTest(java.lang.String,java.lang.String,java.lang.String)[pri:1, instance:skyfoxapp.testcases.loginpagetest.NegativeLoginTest@bae7dc0]" started-at="2022-08-18T10:22:27 IST" name="loginPageTest" finished-at="2022-08-18T10:22:30 IST" duration-ms="3220" status="PASS">
          <params>
            <param index="0">
              <value>
                <![CDATA[Karthinivash]]>
              </value>
            </param>
            <param index="1">
              <value>
                <![CDATA[Gurleen@1]]>
              </value>
            </param>
            <param index="2">
              <value>
                <![CDATA[Login failed]]>
              </value>
            </param>
          </params>
          <reporter-output>
          </reporter-output>
        </test-method> <!-- loginPageTest -->
        <test-method is-config="true" signature="closeBrowser()[pri:0, instance:skyfoxapp.testcases.loginpagetest.NegativeLoginTest@bae7dc0]" started-at="2022-08-18T10:22:30 IST" name="closeBrowser" finished-at="2022-08-18T10:22:30 IST" duration-ms="113" status="PASS">
          <reporter-output>
          </reporter-output>
        </test-method> <!-- closeBrowser -->
      </class> <!-- skyfoxapp.testcases.loginpagetest.NegativeLoginTest -->
    </test> <!-- NegativePasswordTest -->
    <test started-at="2022-08-18T10:22:30 IST" name="CustomerSignUpTestWithPositiveTestcases" finished-at="2022-08-18T10:22:40 IST" duration-ms="10365">
      <class name="skyfoxapp.testcases.customersignuptest.ValidatingAllFieldsPositiveTest">
        <test-method is-config="true" signature="openBrowser()[pri:0, instance:skyfoxapp.testcases.customersignuptest.ValidatingAllFieldsPositiveTest@d5b810e]" started-at="2022-08-18T10:22:30 IST" name="openBrowser" finished-at="2022-08-18T10:22:33 IST" duration-ms="2620" status="PASS">
          <reporter-output>
          </reporter-output>
        </test-method> <!-- openBrowser -->
        <test-method signature="customerSignupPageTest(java.lang.String,java.lang.String,java.lang.String,java.lang.String,java.lang.String,java.lang.String)[pri:0, instance:skyfoxapp.testcases.customersignuptest.ValidatingAllFieldsPositiveTest@d5b810e]" started-at="2022-08-18T10:22:33 IST" name="customerSignupPageTest" finished-at="2022-08-18T10:22:40 IST" duration-ms="7628" status="PASS">
          <params>
            <param index="0">
              <value>
                <![CDATA[aswini]]>
              </value>
            </param>
            <param index="1">
              <value>
                <![CDATA[aswini10]]>
              </value>
            </param>
            <param index="2">
              <value>
                <![CDATA[aswini@gmail.com]]>
              </value>
            </param>
            <param index="3">
              <value>
                <![CDATA[9067834521]]>
              </value>
            </param>
            <param index="4">
              <value>
                <![CDATA[Aswini.1]]>
              </value>
            </param>
            <param index="5">
              <value>
                <![CDATA[Aswini.1]]>
              </value>
            </param>
          </params>
          <reporter-output>
          </reporter-output>
        </test-method> <!-- customerSignupPageTest -->
        <test-method is-config="true" signature="closeBrowser()[pri:0, instance:skyfoxapp.testcases.customersignuptest.ValidatingAllFieldsPositiveTest@d5b810e]" started-at="2022-08-18T10:22:40 IST" name="closeBrowser" finished-at="2022-08-18T10:22:40 IST" duration-ms="113" status="PASS">
          <reporter-output>
          </reporter-output>
        </test-method> <!-- closeBrowser -->
      </class> <!-- skyfoxapp.testcases.customersignuptest.ValidatingAllFieldsPositiveTest -->
    </test> <!-- CustomerSignUpTestWithPositiveTestcases -->
    <test started-at="2022-08-18T10:22:45 IST" name="CustomerSignUpTestWithAllFieldRequired" finished-at="2022-08-18T10:22:56 IST" duration-ms="10824">
      <class name="skyfoxapp.testcases.customersignuptest.ValidatingAllFieldsNegativeTest">
        <test-method is-config="true" signature="openBrowser()[pri:0, instance:skyfoxapp.testcases.customersignuptest.ValidatingAllFieldsNegativeTest@485966cc]" started-at="2022-08-18T10:22:45 IST" name="openBrowser" finished-at="2022-08-18T10:22:47 IST" duration-ms="2134" status="PASS">
          <reporter-output>
          </reporter-output>
        </test-method> <!-- openBrowser -->
        <test-method signature="customerSignupPageTest(java.lang.String,java.lang.String,java.lang.String,java.lang.String,java.lang.String,java.lang.String,java.lang.String,java.lang.String,java.lang.String,java.lang.String,java.lang.String,java.lang.String)[pri:0, instance:skyfoxapp.testcases.customersignuptest.ValidatingAllFieldsNegativeTest@485966cc]" started-at="2022-08-18T10:22:47 IST" name="customerSignupPageTest" finished-at="2022-08-18T10:22:56 IST" duration-ms="8582" status="PASS">
          <params>
            <param index="0">
              <value>
                <![CDATA[]]>
              </value>
            </param>
            <param index="1">
              <value>
                <![CDATA[]]>
              </value>
            </param>
            <param index="2">
              <value>
                <![CDATA[]]>
              </value>
            </param>
            <param index="3">
              <value>
                <![CDATA[]]>
              </value>
            </param>
            <param index="4">
              <value>
                <![CDATA[]]>
              </value>
            </param>
            <param index="5">
              <value>
                <![CDATA[]]>
              </value>
            </param>
            <param index="6">
              <value>
                <![CDATA[Name is required]]>
              </value>
            </param>
            <param index="7">
              <value>
                <![CDATA[Username is required]]>
              </value>
            </param>
            <param index="8">
              <value>
                <![CDATA[Email is required]]>
              </value>
            </param>
            <param index="9">
              <value>
                <![CDATA[Mobile number is required]]>
              </value>
            </param>
            <param index="10">
              <value>
                <![CDATA[Password is required]]>
              </value>
            </param>
            <param index="11">
              <value>
                <![CDATA[Password is required]]>
              </value>
            </param>
          </params>
          <reporter-output>
          </reporter-output>
        </test-method> <!-- customerSignupPageTest -->
        <test-method is-config="true" signature="closeBrowser()[pri:0, instance:skyfoxapp.testcases.customersignuptest.ValidatingAllFieldsNegativeTest@485966cc]" started-at="2022-08-18T10:22:56 IST" name="closeBrowser" finished-at="2022-08-18T10:22:56 IST" duration-ms="105" status="PASS">
          <reporter-output>
          </reporter-output>
        </test-method> <!-- closeBrowser -->
      </class> <!-- skyfoxapp.testcases.customersignuptest.ValidatingAllFieldsNegativeTest -->
    </test> <!-- CustomerSignUpTestWithAllFieldRequired -->
    <test started-at="2022-08-18T10:23:01 IST" name="UsernameChecking" finished-at="2022-08-18T10:23:10 IST" duration-ms="9109">
      <class name="skyfoxapp.testcases.customersignuptest.ValidatingAlreadyExistingUsernameTest">
        <test-method is-config="true" signature="openBrowser()[pri:0, instance:skyfoxapp.testcases.customersignuptest.ValidatingAlreadyExistingUsernameTest@57cf54e1]" started-at="2022-08-18T10:23:01 IST" name="openBrowser" finished-at="2022-08-18T10:23:06 IST" duration-ms="4436" status="PASS">
          <reporter-output>
          </reporter-output>
        </test-method> <!-- openBrowser -->
        <test-method signature="usernameValidityChecking(java.lang.String,java.lang.String,java.lang.String,java.lang.String,java.lang.String,java.lang.String,java.lang.String)[pri:0, instance:skyfoxapp.testcases.customersignuptest.ValidatingAlreadyExistingUsernameTest@57cf54e1]" started-at="2022-08-18T10:23:06 IST" name="usernameValidityChecking" finished-at="2022-08-18T10:23:10 IST" duration-ms="4554" status="PASS">
          <params>
            <param index="0">
              <value>
                <![CDATA[aswini]]>
              </value>
            </param>
            <param index="1">
              <value>
                <![CDATA[seed-user-1]]>
              </value>
            </param>
            <param index="2">
              <value>
                <![CDATA[aswini@gmail.com]]>
              </value>
            </param>
            <param index="3">
              <value>
                <![CDATA[9087654123]]>
              </value>
            </param>
            <param index="4">
              <value>
                <![CDATA[Aswini.1]]>
              </value>
            </param>
            <param index="5">
              <value>
                <![CDATA[Aswini.1]]>
              </value>
            </param>
            <param index="6">
              <value>
                <![CDATA[A user with the username already exists]]>
              </value>
            </param>
          </params>
          <reporter-output>
          </reporter-output>
        </test-method> <!-- usernameValidityChecking -->
        <test-method is-config="true" signature="closeBrowser()[pri:0, instance:skyfoxapp.testcases.customersignuptest.ValidatingAlreadyExistingUsernameTest@57cf54e1]" started-at="2022-08-18T10:23:10 IST" name="closeBrowser" finished-at="2022-08-18T10:23:10 IST" duration-ms="114" status="PASS">
          <reporter-output>
          </reporter-output>
        </test-method> <!-- closeBrowser -->
      </class> <!-- skyfoxapp.testcases.customersignuptest.ValidatingAlreadyExistingUsernameTest -->
    </test> <!-- UsernameChecking -->
    <test started-at="2022-08-18T10:23:15 IST" name="EmailCheckingwithoutAstreik" finished-at="2022-08-18T10:23:21 IST" duration-ms="6226">
      <class name="skyfoxapp.testcases.customersignuptest.ValidatingEmailIdTest">
        <test-method is-config="true" signature="openBrowser()[pri:0, instance:skyfoxapp.testcases.customersignuptest.ValidatingEmailIdTest@3ee37e5a]" started-at="2022-08-18T10:23:15 IST" name="openBrowser" finished-at="2022-08-18T10:23:18 IST" duration-ms="2477" status="PASS">
          <reporter-output>
          </reporter-output>
        </test-method> <!-- openBrowser -->
        <test-method signature="emailValidityChecking(java.lang.String,java.lang.String,java.lang.String,java.lang.String,java.lang.String,java.lang.String,java.lang.String)[pri:0, instance:skyfoxapp.testcases.customersignuptest.ValidatingEmailIdTest@3ee37e5a]" started-at="2022-08-18T10:23:18 IST" name="emailValidityChecking" finished-at="2022-08-18T10:23:21 IST" duration-ms="3638" status="PASS">
          <params>
            <param index="0">
              <value>
                <![CDATA[aswini]]>
              </value>
            </param>
            <param index="1">
              <value>
                <![CDATA[aswini]]>
              </value>
            </param>
            <param index="2">
              <value>
                <![CDATA[aswinigmail.com]]>
              </value>
            </param>
            <param index="3">
              <value>
                <![CDATA[9087654123]]>
              </value>
            </param>
            <param index="4">
              <value>
                <![CDATA[Aswini.1]]>
              </value>
            </param>
            <param index="5">
              <value>
                <![CDATA[Aswini.1]]>
              </value>
            </param>
            <param index="6">
              <value>
                <![CDATA[Invalid Email]]>
              </value>
            </param>
          </params>
          <reporter-output>
          </reporter-output>
        </test-method> <!-- emailValidityChecking -->
        <test-method is-config="true" signature="closeBrowser()[pri:0, instance:skyfoxapp.testcases.customersignuptest.ValidatingEmailIdTest@3ee37e5a]" started-at="2022-08-18T10:23:21 IST" name="closeBrowser" finished-at="2022-08-18T10:23:21 IST" duration-ms="108" status="PASS">
          <reporter-output>
          </reporter-output>
        </test-method> <!-- closeBrowser -->
      </class> <!-- skyfoxapp.testcases.customersignuptest.ValidatingEmailIdTest -->
    </test> <!-- EmailCheckingwithoutAstreik -->
    <test started-at="2022-08-18T10:23:26 IST" name="EmailCheckingwithoutDot" finished-at="2022-08-18T10:23:33 IST" duration-ms="6230">
      <class name="skyfoxapp.testcases.customersignuptest.ValidatingEmailIdTest">
        <test-method is-config="true" signature="openBrowser()[pri:0, instance:skyfoxapp.testcases.customersignuptest.ValidatingEmailIdTest@194bcebf]" started-at="2022-08-18T10:23:26 IST" name="openBrowser" finished-at="2022-08-18T10:23:29 IST" duration-ms="2569" status="PASS">
          <reporter-output>
          </reporter-output>
        </test-method> <!-- openBrowser -->
        <test-method signature="emailValidityChecking(java.lang.String,java.lang.String,java.lang.String,java.lang.String,java.lang.String,java.lang.String,java.lang.String)[pri:0, instance:skyfoxapp.testcases.customersignuptest.ValidatingEmailIdTest@194bcebf]" started-at="2022-08-18T10:23:29 IST" name="emailValidityChecking" finished-at="2022-08-18T10:23:33 IST" duration-ms="3548" status="PASS">
          <params>
            <param index="0">
              <value>
                <![CDATA[aswini]]>
              </value>
            </param>
            <param index="1">
              <value>
                <![CDATA[aswini]]>
              </value>
            </param>
            <param index="2">
              <value>
                <![CDATA[aswini@gmailcom]]>
              </value>
            </param>
            <param index="3">
              <value>
                <![CDATA[9087654123]]>
              </value>
            </param>
            <param index="4">
              <value>
                <![CDATA[Aswini.1]]>
              </value>
            </param>
            <param index="5">
              <value>
                <![CDATA[Aswini.1]]>
              </value>
            </param>
            <param index="6">
              <value>
                <![CDATA[Invalid Email]]>
              </value>
            </param>
          </params>
          <reporter-output>
          </reporter-output>
        </test-method> <!-- emailValidityChecking -->
        <test-method is-config="true" signature="closeBrowser()[pri:0, instance:skyfoxapp.testcases.customersignuptest.ValidatingEmailIdTest@194bcebf]" started-at="2022-08-18T10:23:33 IST" name="closeBrowser" finished-at="2022-08-18T10:23:33 IST" duration-ms="110" status="PASS">
          <reporter-output>
          </reporter-output>
        </test-method> <!-- closeBrowser -->
      </class> <!-- skyfoxapp.testcases.customersignuptest.ValidatingEmailIdTest -->
    </test> <!-- EmailCheckingwithoutDot -->
    <test started-at="2022-08-18T10:23:38 IST" name="MobileNumberValdatingWithLessThan10Digit" finished-at="2022-08-18T10:23:44 IST" duration-ms="6340">
      <class name="skyfoxapp.testcases.customersignuptest.ValidatingMobileNumberTest">
        <test-method is-config="true" signature="openBrowser()[pri:0, instance:skyfoxapp.testcases.customersignuptest.ValidatingMobileNumberTest@316bcf94]" started-at="2022-08-18T10:23:38 IST" name="openBrowser" finished-at="2022-08-18T10:23:40 IST" duration-ms="2597" status="PASS">
          <reporter-output>
          </reporter-output>
        </test-method> <!-- openBrowser -->
        <test-method signature="mobileNumberValidityChecking(java.lang.String,java.lang.String,java.lang.String,java.lang.String,java.lang.String,java.lang.String,java.lang.String)[pri:0, instance:skyfoxapp.testcases.customersignuptest.ValidatingMobileNumberTest@316bcf94]" started-at="2022-08-18T10:23:40 IST" name="mobileNumberValidityChecking" finished-at="2022-08-18T10:23:44 IST" duration-ms="3630" status="PASS">
          <params>
            <param index="0">
              <value>
                <![CDATA[aswini]]>
              </value>
            </param>
            <param index="1">
              <value>
                <![CDATA[aswini]]>
              </value>
            </param>
            <param index="2">
              <value>
                <![CDATA[aswini@gmail.com]]>
              </value>
            </param>
            <param index="3">
              <value>
                <![CDATA[9087654]]>
              </value>
            </param>
            <param index="4">
              <value>
                <![CDATA[Aswini.1]]>
              </value>
            </param>
            <param index="5">
              <value>
                <![CDATA[Aswini.1]]>
              </value>
            </param>
            <param index="6">
              <value>
                <![CDATA[Enter a valid mobile number]]>
              </value>
            </param>
          </params>
          <reporter-output>
          </reporter-output>
        </test-method> <!-- mobileNumberValidityChecking -->
        <test-method is-config="true" signature="closeBrowser()[pri:0, instance:skyfoxapp.testcases.customersignuptest.ValidatingMobileNumberTest@316bcf94]" started-at="2022-08-18T10:23:44 IST" name="closeBrowser" finished-at="2022-08-18T10:23:44 IST" duration-ms="111" status="PASS">
          <reporter-output>
          </reporter-output>
        </test-method> <!-- closeBrowser -->
      </class> <!-- skyfoxapp.testcases.customersignuptest.ValidatingMobileNumberTest -->
    </test> <!-- MobileNumberValdatingWithLessThan10Digit -->
    <test started-at="2022-08-18T10:23:49 IST" name="MobileNumberValdatingWithMorehan10Digit" finished-at="2022-08-18T10:23:55 IST" duration-ms="6165">
      <class name="skyfoxapp.testcases.customersignuptest.ValidatingMobileNumberTest">
        <test-method is-config="true" signature="openBrowser()[pri:0, instance:skyfoxapp.testcases.customersignuptest.ValidatingMobileNumberTest@729d991e]" started-at="2022-08-18T10:23:49 IST" name="openBrowser" finished-at="2022-08-18T10:23:52 IST" duration-ms="2437" status="PASS">
          <reporter-output>
          </reporter-output>
        </test-method> <!-- openBrowser -->
        <test-method signature="mobileNumberValidityChecking(java.lang.String,java.lang.String,java.lang.String,java.lang.String,java.lang.String,java.lang.String,java.lang.String)[pri:0, instance:skyfoxapp.testcases.customersignuptest.ValidatingMobileNumberTest@729d991e]" started-at="2022-08-18T10:23:52 IST" name="mobileNumberValidityChecking" finished-at="2022-08-18T10:23:55 IST" duration-ms="3614" status="PASS">
          <params>
            <param index="0">
              <value>
                <![CDATA[aswini]]>
              </value>
            </param>
            <param index="1">
              <value>
                <![CDATA[aswini]]>
              </value>
            </param>
            <param index="2">
              <value>
                <![CDATA[aswini@gmail.com]]>
              </value>
            </param>
            <param index="3">
              <value>
                <![CDATA[908765423456789]]>
              </value>
            </param>
            <param index="4">
              <value>
                <![CDATA[Aswini.1]]>
              </value>
            </param>
            <param index="5">
              <value>
                <![CDATA[Aswini.1]]>
              </value>
            </param>
            <param index="6">
              <value>
                <![CDATA[Enter a valid mobile number]]>
              </value>
            </param>
          </params>
          <reporter-output>
          </reporter-output>
        </test-method> <!-- mobileNumberValidityChecking -->
        <test-method is-config="true" signature="closeBrowser()[pri:0, instance:skyfoxapp.testcases.customersignuptest.ValidatingMobileNumberTest@729d991e]" started-at="2022-08-18T10:23:55 IST" name="closeBrowser" finished-at="2022-08-18T10:23:55 IST" duration-ms="109" status="PASS">
          <reporter-output>
          </reporter-output>
        </test-method> <!-- closeBrowser -->
      </class> <!-- skyfoxapp.testcases.customersignuptest.ValidatingMobileNumberTest -->
    </test> <!-- MobileNumberValdatingWithMorehan10Digit -->
    <test started-at="2022-08-18T10:24:00 IST" name="passwordWithoutUppercase" finished-at="2022-08-18T10:24:07 IST" duration-ms="6838">
      <class name="skyfoxapp.testcases.customersignuptest.ValidatingPasswordTest">
        <test-method is-config="true" signature="openBrowser()[pri:0, instance:skyfoxapp.testcases.customersignuptest.ValidatingPasswordTest@4b8ee4de]" started-at="2022-08-18T10:24:00 IST" name="openBrowser" finished-at="2022-08-18T10:24:04 IST" duration-ms="4231" status="PASS">
          <reporter-output>
          </reporter-output>
        </test-method> <!-- openBrowser -->
        <test-method signature="passwordValidityChecking(java.lang.String,java.lang.String,java.lang.String,java.lang.String,java.lang.String,java.lang.String,java.lang.String)[pri:0, instance:skyfoxapp.testcases.customersignuptest.ValidatingPasswordTest@4b8ee4de]" started-at="2022-08-18T10:24:04 IST" name="passwordValidityChecking" finished-at="2022-08-18T10:24:07 IST" duration-ms="2494" status="PASS">
          <params>
            <param index="0">
              <value>
                <![CDATA[aswini]]>
              </value>
            </param>
            <param index="1">
              <value>
                <![CDATA[aswini]]>
              </value>
            </param>
            <param index="2">
              <value>
                <![CDATA[aswini@gmail.com]]>
              </value>
            </param>
            <param index="3">
              <value>
                <![CDATA[9087654321]]>
              </value>
            </param>
            <param index="4">
              <value>
                <![CDATA[aswini.1]]>
              </value>
            </param>
            <param index="5">
              <value>
                <![CDATA[aswini.1]]>
              </value>
            </param>
            <param index="6">
              <value>
                <![CDATA[Password must contain 8-64 characters,
at least one uppercase character,
one number and one special character]]>
              </value>
            </param>
          </params>
          <reporter-output>
          </reporter-output>
        </test-method> <!-- passwordValidityChecking -->
        <test-method is-config="true" signature="closeBrowser()[pri:0, instance:skyfoxapp.testcases.customersignuptest.ValidatingPasswordTest@4b8ee4de]" started-at="2022-08-18T10:24:07 IST" name="closeBrowser" finished-at="2022-08-18T10:24:07 IST" duration-ms="110" status="PASS">
          <reporter-output>
          </reporter-output>
        </test-method> <!-- closeBrowser -->
      </class> <!-- skyfoxapp.testcases.customersignuptest.ValidatingPasswordTest -->
    </test> <!-- passwordWithoutUppercase -->
    <test started-at="2022-08-18T10:24:12 IST" name="passwordWithoutDigit" finished-at="2022-08-18T10:24:17 IST" duration-ms="5099">
      <class name="skyfoxapp.testcases.customersignuptest.ValidatingPasswordTest">
        <test-method is-config="true" signature="openBrowser()[pri:0, instance:skyfoxapp.testcases.customersignuptest.ValidatingPasswordTest@2dc54ad4]" started-at="2022-08-18T10:24:12 IST" name="openBrowser" finished-at="2022-08-18T10:24:15 IST" duration-ms="2478" status="PASS">
          <reporter-output>
          </reporter-output>
        </test-method> <!-- openBrowser -->
        <test-method signature="passwordValidityChecking(java.lang.String,java.lang.String,java.lang.String,java.lang.String,java.lang.String,java.lang.String,java.lang.String)[pri:0, instance:skyfoxapp.testcases.customersignuptest.ValidatingPasswordTest@2dc54ad4]" started-at="2022-08-18T10:24:15 IST" name="passwordValidityChecking" finished-at="2022-08-18T10:24:17 IST" duration-ms="2515" status="PASS">
          <params>
            <param index="0">
              <value>
                <![CDATA[aswini]]>
              </value>
            </param>
            <param index="1">
              <value>
                <![CDATA[aswini]]>
              </value>
            </param>
            <param index="2">
              <value>
                <![CDATA[aswini@gmail.com]]>
              </value>
            </param>
            <param index="3">
              <value>
                <![CDATA[9087654321]]>
              </value>
            </param>
            <param index="4">
              <value>
                <![CDATA[Aswini..]]>
              </value>
            </param>
            <param index="5">
              <value>
                <![CDATA[Aswini..]]>
              </value>
            </param>
            <param index="6">
              <value>
                <![CDATA[Password must contain 8-64 characters,
at least one uppercase character,
one number and one special character]]>
              </value>
            </param>
          </params>
          <reporter-output>
          </reporter-output>
        </test-method> <!-- passwordValidityChecking -->
        <test-method is-config="true" signature="closeBrowser()[pri:0, instance:skyfoxapp.testcases.customersignuptest.ValidatingPasswordTest@2dc54ad4]" started-at="2022-08-18T10:24:17 IST" name="closeBrowser" finished-at="2022-08-18T10:24:17 IST" duration-ms="103" status="PASS">
          <reporter-output>
          </reporter-output>
        </test-method> <!-- closeBrowser -->
      </class> <!-- skyfoxapp.testcases.customersignuptest.ValidatingPasswordTest -->
    </test> <!-- passwordWithoutDigit -->
    <test started-at="2022-08-18T10:24:22 IST" name="passwordWithoutSpecialCharacter" finished-at="2022-08-18T10:24:27 IST" duration-ms="5102">
      <class name="skyfoxapp.testcases.customersignuptest.ValidatingPasswordTest">
        <test-method is-config="true" signature="openBrowser()[pri:0, instance:skyfoxapp.testcases.customersignuptest.ValidatingPasswordTest@4c1909a3]" started-at="2022-08-18T10:24:22 IST" name="openBrowser" finished-at="2022-08-18T10:24:25 IST" duration-ms="2478" status="PASS">
          <reporter-output>
          </reporter-output>
        </test-method> <!-- openBrowser -->
        <test-method signature="passwordValidityChecking(java.lang.String,java.lang.String,java.lang.String,java.lang.String,java.lang.String,java.lang.String,java.lang.String)[pri:0, instance:skyfoxapp.testcases.customersignuptest.ValidatingPasswordTest@4c1909a3]" started-at="2022-08-18T10:24:25 IST" name="passwordValidityChecking" finished-at="2022-08-18T10:24:27 IST" duration-ms="2511" status="PASS">
          <params>
            <param index="0">
              <value>
                <![CDATA[aswini]]>
              </value>
            </param>
            <param index="1">
              <value>
                <![CDATA[aswini]]>
              </value>
            </param>
            <param index="2">
              <value>
                <![CDATA[aswini@gmail.com]]>
              </value>
            </param>
            <param index="3">
              <value>
                <![CDATA[9087654321]]>
              </value>
            </param>
            <param index="4">
              <value>
                <![CDATA[Aswini11]]>
              </value>
            </param>
            <param index="5">
              <value>
                <![CDATA[Aswini11]]>
              </value>
            </param>
            <param index="6">
              <value>
                <![CDATA[Password must contain 8-64 characters,
at least one uppercase character,
one number and one special character]]>
              </value>
            </param>
          </params>
          <reporter-output>
          </reporter-output>
        </test-method> <!-- passwordValidityChecking -->
        <test-method is-config="true" signature="closeBrowser()[pri:0, instance:skyfoxapp.testcases.customersignuptest.ValidatingPasswordTest@4c1909a3]" started-at="2022-08-18T10:24:27 IST" name="closeBrowser" finished-at="2022-08-18T10:24:27 IST" duration-ms="110" status="PASS">
          <reporter-output>
          </reporter-output>
        </test-method> <!-- closeBrowser -->
      </class> <!-- skyfoxapp.testcases.customersignuptest.ValidatingPasswordTest -->
    </test> <!-- passwordWithoutSpecialCharacter -->
    <test started-at="2022-08-18T10:24:32 IST" name="passwordWithLessThan8digits" finished-at="2022-08-18T10:24:37 IST" duration-ms="5114">
      <class name="skyfoxapp.testcases.customersignuptest.ValidatingPasswordTest">
        <test-method is-config="true" signature="openBrowser()[pri:0, instance:skyfoxapp.testcases.customersignuptest.ValidatingPasswordTest@29215f06]" started-at="2022-08-18T10:24:32 IST" name="openBrowser" finished-at="2022-08-18T10:24:35 IST" duration-ms="2483" status="PASS">
          <reporter-output>
          </reporter-output>
        </test-method> <!-- openBrowser -->
        <test-method signature="passwordValidityChecking(java.lang.String,java.lang.String,java.lang.String,java.lang.String,java.lang.String,java.lang.String,java.lang.String)[pri:0, instance:skyfoxapp.testcases.customersignuptest.ValidatingPasswordTest@29215f06]" started-at="2022-08-18T10:24:35 IST" name="passwordValidityChecking" finished-at="2022-08-18T10:24:37 IST" duration-ms="2522" status="PASS">
          <params>
            <param index="0">
              <value>
                <![CDATA[aswini]]>
              </value>
            </param>
            <param index="1">
              <value>
                <![CDATA[aswini]]>
              </value>
            </param>
            <param index="2">
              <value>
                <![CDATA[aswini@gmail.com]]>
              </value>
            </param>
            <param index="3">
              <value>
                <![CDATA[9087654321]]>
              </value>
            </param>
            <param index="4">
              <value>
                <![CDATA[Abc.1]]>
              </value>
            </param>
            <param index="5">
              <value>
                <![CDATA[Abc.1]]>
              </value>
            </param>
            <param index="6">
              <value>
                <![CDATA[Password must contain 8-64 characters,
at least one uppercase character,
one number and one special character]]>
              </value>
            </param>
          </params>
          <reporter-output>
          </reporter-output>
        </test-method> <!-- passwordValidityChecking -->
        <test-method is-config="true" signature="closeBrowser()[pri:0, instance:skyfoxapp.testcases.customersignuptest.ValidatingPasswordTest@29215f06]" started-at="2022-08-18T10:24:37 IST" name="closeBrowser" finished-at="2022-08-18T10:24:37 IST" duration-ms="106" status="PASS">
          <reporter-output>
          </reporter-output>
        </test-method> <!-- closeBrowser -->
      </class> <!-- skyfoxapp.testcases.customersignuptest.ValidatingPasswordTest -->
    </test> <!-- passwordWithLessThan8digits -->
    <test started-at="2022-08-18T10:24:42 IST" name="passwordWithGreaterThan64digits" finished-at="2022-08-18T10:24:48 IST" duration-ms="5288">
      <class name="skyfoxapp.testcases.customersignuptest.ValidatingPasswordTest">
        <test-method is-config="true" signature="openBrowser()[pri:0, instance:skyfoxapp.testcases.customersignuptest.ValidatingPasswordTest@48aca48b]" started-at="2022-08-18T10:24:42 IST" name="openBrowser" finished-at="2022-08-18T10:24:45 IST" duration-ms="2510" status="PASS">
          <reporter-output>
          </reporter-output>
        </test-method> <!-- openBrowser -->
        <test-method signature="passwordValidityChecking(java.lang.String,java.lang.String,java.lang.String,java.lang.String,java.lang.String,java.lang.String,java.lang.String)[pri:0, instance:skyfoxapp.testcases.customersignuptest.ValidatingPasswordTest@48aca48b]" started-at="2022-08-18T10:24:45 IST" name="passwordValidityChecking" finished-at="2022-08-18T10:24:48 IST" duration-ms="2659" status="PASS">
          <params>
            <param index="0">
              <value>
                <![CDATA[aswini]]>
              </value>
            </param>
            <param index="1">
              <value>
                <![CDATA[aswini]]>
              </value>
            </param>
            <param index="2">
              <value>
                <![CDATA[aswini@gmail.com]]>
              </value>
            </param>
            <param index="3">
              <value>
                <![CDATA[9087654321]]>
              </value>
            </param>
            <param index="4">
              <value>
                <![CDATA[A group of words containing a subject and a verb, that expresses a statement, a question, etc1.]]>
              </value>
            </param>
            <param index="5">
              <value>
                <![CDATA[A group of words containing a subject and a verb, that expresses a statement, a question, etc1.]]>
              </value>
            </param>
            <param index="6">
              <value>
                <![CDATA[Password must contain 8-64 characters,
at least one uppercase character,
one number and one special character]]>
              </value>
            </param>
          </params>
          <reporter-output>
          </reporter-output>
        </test-method> <!-- passwordValidityChecking -->
        <test-method is-config="true" signature="closeBrowser()[pri:0, instance:skyfoxapp.testcases.customersignuptest.ValidatingPasswordTest@48aca48b]" started-at="2022-08-18T10:24:48 IST" name="closeBrowser" finished-at="2022-08-18T10:24:48 IST" duration-ms="116" status="PASS">
          <reporter-output>
          </reporter-output>
        </test-method> <!-- closeBrowser -->
      </class> <!-- skyfoxapp.testcases.customersignuptest.ValidatingPasswordTest -->
    </test> <!-- passwordWithGreaterThan64digits -->
    <test started-at="2022-08-18T10:24:53 IST" name="passwordWhichDoesNotMatchAnyCriteria" finished-at="2022-08-18T10:24:58 IST" duration-ms="5063">
      <class name="skyfoxapp.testcases.customersignuptest.ValidatingPasswordTest">
        <test-method is-config="true" signature="openBrowser()[pri:0, instance:skyfoxapp.testcases.customersignuptest.ValidatingPasswordTest@7d4f9aae]" started-at="2022-08-18T10:24:53 IST" name="openBrowser" finished-at="2022-08-18T10:24:55 IST" duration-ms="2436" status="PASS">
          <reporter-output>
          </reporter-output>
        </test-method> <!-- openBrowser -->
        <test-method signature="passwordValidityChecking(java.lang.String,java.lang.String,java.lang.String,java.lang.String,java.lang.String,java.lang.String,java.lang.String)[pri:0, instance:skyfoxapp.testcases.customersignuptest.ValidatingPasswordTest@7d4f9aae]" started-at="2022-08-18T10:24:55 IST" name="passwordValidityChecking" finished-at="2022-08-18T10:24:58 IST" duration-ms="2514" status="PASS">
          <params>
            <param index="0">
              <value>
                <![CDATA[aswini]]>
              </value>
            </param>
            <param index="1">
              <value>
                <![CDATA[aswini]]>
              </value>
            </param>
            <param index="2">
              <value>
                <![CDATA[aswini@gmail.com]]>
              </value>
            </param>
            <param index="3">
              <value>
                <![CDATA[9087654321]]>
              </value>
            </param>
            <param index="4">
              <value>
                <![CDATA[abcdef]]>
              </value>
            </param>
            <param index="5">
              <value>
                <![CDATA[abcdef]]>
              </value>
            </param>
            <param index="6">
              <value>
                <![CDATA[Password must contain 8-64 characters,
at least one uppercase character,
one number and one special character]]>
              </value>
            </param>
          </params>
          <reporter-output>
          </reporter-output>
        </test-method> <!-- passwordValidityChecking -->
        <test-method is-config="true" signature="closeBrowser()[pri:0, instance:skyfoxapp.testcases.customersignuptest.ValidatingPasswordTest@7d4f9aae]" started-at="2022-08-18T10:24:58 IST" name="closeBrowser" finished-at="2022-08-18T10:24:58 IST" duration-ms="110" status="PASS">
          <reporter-output>
          </reporter-output>
        </test-method> <!-- closeBrowser -->
      </class> <!-- skyfoxapp.testcases.customersignuptest.ValidatingPasswordTest -->
    </test> <!-- passwordWhichDoesNotMatchAnyCriteria -->
    <test started-at="2022-08-18T10:25:03 IST" name="passwordDoesNotMatchConfirmPass" finished-at="2022-08-18T10:25:11 IST" duration-ms="7786">
      <class name="skyfoxapp.testcases.customersignuptest.ValidatingConfirmPasswordtTest">
        <test-method is-config="true" signature="openBrowser()[pri:0, instance:skyfoxapp.testcases.customersignuptest.ValidatingConfirmPasswordtTest@7db12bb6]" started-at="2022-08-18T10:25:03 IST" name="openBrowser" finished-at="2022-08-18T10:25:05 IST" duration-ms="2602" status="PASS">
          <reporter-output>
          </reporter-output>
        </test-method> <!-- openBrowser -->
        <test-method signature="confirmPasswordAndPasswordMatchValidation(java.lang.String,java.lang.String,java.lang.String,java.lang.String,java.lang.String,java.lang.String,java.lang.String)[pri:0, instance:skyfoxapp.testcases.customersignuptest.ValidatingConfirmPasswordtTest@7db12bb6]" started-at="2022-08-18T10:25:05 IST" name="confirmPasswordAndPasswordMatchValidation" finished-at="2022-08-18T10:25:10 IST" duration-ms="5063" status="PASS">
          <params>
            <param index="0">
              <value>
                <![CDATA[aswini]]>
              </value>
            </param>
            <param index="1">
              <value>
                <![CDATA[aswini]]>
              </value>
            </param>
            <param index="2">
              <value>
                <![CDATA[aswini@gmail.com]]>
              </value>
            </param>
            <param index="3">
              <value>
                <![CDATA[9087654321]]>
              </value>
            </param>
            <param index="4">
              <value>
                <![CDATA[Aswini.1]]>
              </value>
            </param>
            <param index="5">
              <value>
                <![CDATA[aswini.1]]>
              </value>
            </param>
            <param index="6">
              <value>
                <![CDATA[Password and confirm password do not match]]>
              </value>
            </param>
          </params>
          <reporter-output>
          </reporter-output>
        </test-method> <!-- confirmPasswordAndPasswordMatchValidation -->
        <test-method is-config="true" signature="closeBrowser()[pri:0, instance:skyfoxapp.testcases.customersignuptest.ValidatingConfirmPasswordtTest@7db12bb6]" started-at="2022-08-18T10:25:10 IST" name="closeBrowser" finished-at="2022-08-18T10:25:11 IST" duration-ms="113" status="PASS">
          <reporter-output>
          </reporter-output>
        </test-method> <!-- closeBrowser -->
      </class> <!-- skyfoxapp.testcases.customersignuptest.ValidatingConfirmPasswordtTest -->
    </test> <!-- passwordDoesNotMatchConfirmPass -->
    <test started-at="2022-08-18T10:25:16 IST" name="PositiveScheduleTests" finished-at="2022-08-18T10:25:28 IST" duration-ms="12422">
      <class name="skyfoxapp.testcases.addMovieScheduleTest.PositiveScheduleTest">
        <test-method is-config="true" signature="openBrowser()[pri:0, instance:skyfoxapp.testcases.addMovieScheduleTest.PositiveScheduleTest@242b836]" started-at="2022-08-18T10:25:16 IST" name="openBrowser" finished-at="2022-08-18T10:25:17 IST" duration-ms="1541" status="PASS">
          <reporter-output>
          </reporter-output>
        </test-method> <!-- openBrowser -->
        <test-method signature="scheduleMovieTest(java.lang.String,java.lang.String,java.lang.String)[pri:1, instance:skyfoxapp.testcases.addMovieScheduleTest.PositiveScheduleTest@242b836]" started-at="2022-08-18T10:25:17 IST" name="scheduleMovieTest" finished-at="2022-08-18T10:25:28 IST" duration-ms="10774" status="PASS">
          <params>
            <param index="0">
              <value>
                <![CDATA[Karthinivash]]>
              </value>
            </param>
            <param index="1">
              <value>
                <![CDATA[Gurleen@2]]>
              </value>
            </param>
            <param index="2">
              <value>
                <![CDATA[200]]>
              </value>
            </param>
          </params>
          <reporter-output>
          </reporter-output>
        </test-method> <!-- scheduleMovieTest -->
        <test-method is-config="true" signature="closeBrowser()[pri:0, instance:skyfoxapp.testcases.addMovieScheduleTest.PositiveScheduleTest@242b836]" started-at="2022-08-18T10:25:28 IST" name="closeBrowser" finished-at="2022-08-18T10:25:28 IST" duration-ms="104" status="PASS">
          <reporter-output>
          </reporter-output>
        </test-method> <!-- closeBrowser -->
      </class> <!-- skyfoxapp.testcases.addMovieScheduleTest.PositiveScheduleTest -->
    </test> <!-- PositiveScheduleTests -->
    <test started-at="2022-08-18T10:25:33 IST" name="NegativeScheduleTests" finished-at="2022-08-18T10:25:44 IST" duration-ms="11295">
      <class name="skyfoxapp.testcases.addMovieScheduleTest.NegativeScheduleTest">
        <test-method is-config="true" signature="openBrowser()[pri:0, instance:skyfoxapp.testcases.addMovieScheduleTest.NegativeScheduleTest@5a45133e]" started-at="2022-08-18T10:25:33 IST" name="openBrowser" finished-at="2022-08-18T10:25:35 IST" duration-ms="1479" status="PASS">
          <reporter-output>
          </reporter-output>
        </test-method> <!-- openBrowser -->
        <test-method signature="loginPageTest(java.lang.String,java.lang.String,java.lang.String,java.lang.String)[pri:1, instance:skyfoxapp.testcases.addMovieScheduleTest.NegativeScheduleTest@5a45133e]" started-at="2022-08-18T10:25:35 IST" name="loginPageTest" finished-at="2022-08-18T10:25:44 IST" duration-ms="9702" status="PASS">
          <params>
            <param index="0">
              <value>
                <![CDATA[Karthinivash]]>
              </value>
            </param>
            <param index="1">
              <value>
                <![CDATA[Gurleen@2]]>
              </value>
            </param>
            <param index="2">
              <value>
                <![CDATA[vmn]]>
              </value>
            </param>
            <param index="3">
              <value>
                <![CDATA[Invalid cost]]>
              </value>
            </param>
          </params>
          <reporter-output>
          </reporter-output>
        </test-method> <!-- loginPageTest -->
        <test-method is-config="true" signature="closeBrowser()[pri:0, instance:skyfoxapp.testcases.addMovieScheduleTest.NegativeScheduleTest@5a45133e]" started-at="2022-08-18T10:25:44 IST" name="closeBrowser" finished-at="2022-08-18T10:25:44 IST" duration-ms="110" status="PASS">
          <reporter-output>
          </reporter-output>
        </test-method> <!-- closeBrowser -->
      </class> <!-- skyfoxapp.testcases.addMovieScheduleTest.NegativeScheduleTest -->
    </test> <!-- NegativeScheduleTests -->
    <test started-at="2022-08-18T10:25:49 IST" name="PreviousDayNoSlotsAvailableScheduleTest" finished-at="2022-08-18T10:25:56 IST" duration-ms="6259">
      <class name="skyfoxapp.testcases.addMovieScheduleTest.PreviousDayNoAvailableSlotsScheduleTest">
        <test-method is-config="true" signature="openBrowser()[pri:0, instance:skyfoxapp.testcases.addMovieScheduleTest.PreviousDayNoAvailableSlotsScheduleTest@130c12b7]" started-at="2022-08-18T10:25:49 IST" name="openBrowser" finished-at="2022-08-18T10:25:51 IST" duration-ms="1847" status="PASS">
          <reporter-output>
          </reporter-output>
        </test-method> <!-- openBrowser -->
        <test-method signature="scheduleMovieTest(java.lang.String,java.lang.String)[pri:1, instance:skyfoxapp.testcases.addMovieScheduleTest.PreviousDayNoAvailableSlotsScheduleTest@130c12b7]" started-at="2022-08-18T10:25:51 IST" name="scheduleMovieTest" finished-at="2022-08-18T10:25:55 IST" duration-ms="4299" status="PASS">
          <params>
            <param index="0">
              <value>
                <![CDATA[Karthinivash]]>
              </value>
            </param>
            <param index="1">
              <value>
                <![CDATA[Gurleen@2]]>
              </value>
            </param>
          </params>
          <reporter-output>
          </reporter-output>
        </test-method> <!-- scheduleMovieTest -->
        <test-method is-config="true" signature="closeBrowser()[pri:0, instance:skyfoxapp.testcases.addMovieScheduleTest.PreviousDayNoAvailableSlotsScheduleTest@130c12b7]" started-at="2022-08-18T10:25:55 IST" name="closeBrowser" finished-at="2022-08-18T10:25:56 IST" duration-ms="111" status="PASS">
          <reporter-output>
          </reporter-output>
        </test-method> <!-- closeBrowser -->
      </class> <!-- skyfoxapp.testcases.addMovieScheduleTest.PreviousDayNoAvailableSlotsScheduleTest -->
    </test> <!-- PreviousDayNoSlotsAvailableScheduleTest -->
    <test started-at="2022-08-18T10:26:01 IST" name="PreviousDaySlotsAvailableScheduleTest" finished-at="2022-08-18T10:26:07 IST" duration-ms="5904">
      <class name="skyfoxapp.testcases.addMovieScheduleTest.PreviousDayAvailableSlotsScheduleTest">
        <test-method is-config="true" signature="openBrowser()[pri:0, instance:skyfoxapp.testcases.addMovieScheduleTest.PreviousDayAvailableSlotsScheduleTest@70e9c95d]" started-at="2022-08-18T10:26:01 IST" name="openBrowser" finished-at="2022-08-18T10:26:02 IST" duration-ms="1494" status="PASS">
          <reporter-output>
          </reporter-output>
        </test-method> <!-- openBrowser -->
        <test-method signature="scheduleMovieTest(java.lang.String,java.lang.String)[pri:1, instance:skyfoxapp.testcases.addMovieScheduleTest.PreviousDayAvailableSlotsScheduleTest@70e9c95d]" started-at="2022-08-18T10:26:02 IST" name="scheduleMovieTest" finished-at="2022-08-18T10:26:06 IST" duration-ms="4298" status="PASS">
          <params>
            <param index="0">
              <value>
                <![CDATA[Karthinivash]]>
              </value>
            </param>
            <param index="1">
              <value>
                <![CDATA[Gurleen@2]]>
              </value>
            </param>
          </params>
          <reporter-output>
          </reporter-output>
        </test-method> <!-- scheduleMovieTest -->
        <test-method is-config="true" signature="closeBrowser()[pri:0, instance:skyfoxapp.testcases.addMovieScheduleTest.PreviousDayAvailableSlotsScheduleTest@70e9c95d]" started-at="2022-08-18T10:26:06 IST" name="closeBrowser" finished-at="2022-08-18T10:26:07 IST" duration-ms="109" status="PASS">
          <reporter-output>
          </reporter-output>
        </test-method> <!-- closeBrowser -->
      </class> <!-- skyfoxapp.testcases.addMovieScheduleTest.PreviousDayAvailableSlotsScheduleTest -->
    </test> <!-- PreviousDaySlotsAvailableScheduleTest -->
    <test started-at="2022-08-18T10:26:12 IST" name="NoSlotsAvailableScheduleTest" finished-at="2022-08-18T10:26:18 IST" duration-ms="6146">
      <class name="skyfoxapp.testcases.addMovieScheduleTest.NoAvailableSlotsScheduleTest">
        <test-method is-config="true" signature="openBrowser()[pri:0, instance:skyfoxapp.testcases.addMovieScheduleTest.NoAvailableSlotsScheduleTest@2e6a8155]" started-at="2022-08-18T10:26:12 IST" name="openBrowser" finished-at="2022-08-18T10:26:13 IST" duration-ms="1516" status="PASS">
          <reporter-output>
          </reporter-output>
        </test-method> <!-- openBrowser -->
        <test-method signature="scheduleMovieTest(java.lang.String,java.lang.String)[pri:1, instance:skyfoxapp.testcases.addMovieScheduleTest.NoAvailableSlotsScheduleTest@2e6a8155]" started-at="2022-08-18T10:26:13 IST" name="scheduleMovieTest" finished-at="2022-08-18T10:26:18 IST" duration-ms="4516" status="PASS">
          <params>
            <param index="0">
              <value>
                <![CDATA[Karthinivash]]>
              </value>
            </param>
            <param index="1">
              <value>
                <![CDATA[Gurleen@2]]>
              </value>
            </param>
          </params>
          <reporter-output>
          </reporter-output>
        </test-method> <!-- scheduleMovieTest -->
        <test-method is-config="true" signature="closeBrowser()[pri:0, instance:skyfoxapp.testcases.addMovieScheduleTest.NoAvailableSlotsScheduleTest@2e6a8155]" started-at="2022-08-18T10:26:18 IST" name="closeBrowser" finished-at="2022-08-18T10:26:18 IST" duration-ms="111" status="PASS">
          <reporter-output>
          </reporter-output>
        </test-method> <!-- closeBrowser -->
      </class> <!-- skyfoxapp.testcases.addMovieScheduleTest.NoAvailableSlotsScheduleTest -->
    </test> <!-- NoSlotsAvailableScheduleTest -->
    <test started-at="2022-08-18T10:26:23 IST" name="PositiveChangePasswordTest " finished-at="2022-08-18T10:26:30 IST" duration-ms="7026">
      <class name="skyfoxapp.testcases.changepasswordtest.PositiveChangePasswordTest">
        <test-method is-config="true" signature="openBrowser()[pri:0, instance:skyfoxapp.testcases.changepasswordtest.PositiveChangePasswordTest@7b36aa0c]" started-at="2022-08-18T10:26:23 IST" name="openBrowser" finished-at="2022-08-18T10:26:24 IST" duration-ms="1682" status="PASS">
          <reporter-output>
          </reporter-output>
        </test-method> <!-- openBrowser -->
        <test-method signature="changePasswordTest(java.lang.String,java.lang.String,java.lang.String,java.lang.String,java.lang.String)[pri:0, instance:skyfoxapp.testcases.changepasswordtest.PositiveChangePasswordTest@7b36aa0c]" started-at="2022-08-18T10:26:24 IST" name="changePasswordTest" finished-at="2022-08-18T10:26:30 IST" duration-ms="5214" status="PASS">
          <params>
            <param index="0">
              <value>
                <![CDATA[Karthinivash]]>
              </value>
            </param>
            <param index="1">
              <value>
                <![CDATA[Gurleen@2]]>
              </value>
            </param>
            <param index="2">
              <value>
                <![CDATA[Gurleen@2]]>
              </value>
            </param>
            <param index="3">
              <value>
                <![CDATA[Skyfox@4]]>
              </value>
            </param>
            <param index="4">
              <value>
                <![CDATA[Skyfox@4]]>
              </value>
            </param>
          </params>
          <reporter-output>
          </reporter-output>
        </test-method> <!-- changePasswordTest -->
        <test-method is-config="true" signature="closeBrowser()[pri:0, instance:skyfoxapp.testcases.changepasswordtest.PositiveChangePasswordTest@7b36aa0c]" started-at="2022-08-18T10:26:30 IST" name="closeBrowser" finished-at="2022-08-18T10:26:30 IST" duration-ms="129" status="PASS">
          <reporter-output>
          </reporter-output>
        </test-method> <!-- closeBrowser -->
      </class> <!-- skyfoxapp.testcases.changepasswordtest.PositiveChangePasswordTest -->
    </test> <!-- PositiveChangePasswordTest  -->
    <test started-at="2022-08-18T10:26:35 IST" name="ValidateNewPasswordTest1" finished-at="2022-08-18T10:26:40 IST" duration-ms="4817">
      <class name="skyfoxapp.testcases.changepasswordtest.ValidateNewPasswordTest">
        <test-method is-config="true" signature="openBrowser()[pri:0, instance:skyfoxapp.testcases.changepasswordtest.ValidateNewPasswordTest@65c7a252]" started-at="2022-08-18T10:26:35 IST" name="openBrowser" finished-at="2022-08-18T10:26:36 IST" duration-ms="1722" status="PASS">
          <reporter-output>
          </reporter-output>
        </test-method> <!-- openBrowser -->
        <test-method signature="changePasswordTest(java.lang.String,java.lang.String,java.lang.String,java.lang.String,java.lang.String)[pri:0, instance:skyfoxapp.testcases.changepasswordtest.ValidateNewPasswordTest@65c7a252]" started-at="2022-08-18T10:26:36 IST" name="changePasswordTest" finished-at="2022-08-18T10:26:39 IST" duration-ms="2981" status="PASS">
          <params>
            <param index="0">
              <value>
                <![CDATA[Karthinivash]]>
              </value>
            </param>
            <param index="1">
              <value>
                <![CDATA[Gurleen@2]]>
              </value>
            </param>
            <param index="2">
              <value>
                <![CDATA[Gurleen@2]]>
              </value>
            </param>
            <param index="3">
              <value>
                <![CDATA[Skyfox433]]>
              </value>
            </param>
            <param index="4">
              <value>
                <![CDATA[Skyfox433]]>
              </value>
            </param>
          </params>
          <reporter-output>
          </reporter-output>
        </test-method> <!-- changePasswordTest -->
        <test-method is-config="true" signature="closeBrowser()[pri:0, instance:skyfoxapp.testcases.changepasswordtest.ValidateNewPasswordTest@65c7a252]" started-at="2022-08-18T10:26:39 IST" name="closeBrowser" finished-at="2022-08-18T10:26:40 IST" duration-ms="112" status="PASS">
          <reporter-output>
          </reporter-output>
        </test-method> <!-- closeBrowser -->
      </class> <!-- skyfoxapp.testcases.changepasswordtest.ValidateNewPasswordTest -->
    </test> <!-- ValidateNewPasswordTest1 -->
    <test started-at="2022-08-18T10:26:40 IST" name="ValidateNewPasswordTest2" finished-at="2022-08-18T10:26:45 IST" duration-ms="5242">
      <class name="skyfoxapp.testcases.changepasswordtest.ValidateNewPasswordTest">
        <test-method is-config="true" signature="openBrowser()[pri:0, instance:skyfoxapp.testcases.changepasswordtest.ValidateNewPasswordTest@1e0b4072]" started-at="2022-08-18T10:26:40 IST" name="openBrowser" finished-at="2022-08-18T10:26:42 IST" duration-ms="2541" status="PASS">
          <reporter-output>
          </reporter-output>
        </test-method> <!-- openBrowser -->
        <test-method signature="changePasswordTest(java.lang.String,java.lang.String,java.lang.String,java.lang.String,java.lang.String)[pri:0, instance:skyfoxapp.testcases.changepasswordtest.ValidateNewPasswordTest@1e0b4072]" started-at="2022-08-18T10:26:42 IST" name="changePasswordTest" finished-at="2022-08-18T10:26:45 IST" duration-ms="2587" status="PASS">
          <params>
            <param index="0">
              <value>
                <![CDATA[Karthinivash]]>
              </value>
            </param>
            <param index="1">
              <value>
                <![CDATA[Gurleen@2]]>
              </value>
            </param>
            <param index="2">
              <value>
                <![CDATA[Gurleen@2]]>
              </value>
            </param>
            <param index="3">
              <value>
                <![CDATA[skyfox@433]]>
              </value>
            </param>
            <param index="4">
              <value>
                <![CDATA[skyfox@433]]>
              </value>
            </param>
          </params>
          <reporter-output>
          </reporter-output>
        </test-method> <!-- changePasswordTest -->
        <test-method is-config="true" signature="closeBrowser()[pri:0, instance:skyfoxapp.testcases.changepasswordtest.ValidateNewPasswordTest@1e0b4072]" started-at="2022-08-18T10:26:45 IST" name="closeBrowser" finished-at="2022-08-18T10:26:45 IST" duration-ms="114" status="PASS">
          <reporter-output>
          </reporter-output>
        </test-method> <!-- closeBrowser -->
      </class> <!-- skyfoxapp.testcases.changepasswordtest.ValidateNewPasswordTest -->
    </test> <!-- ValidateNewPasswordTest2 -->
    <test started-at="2022-08-18T10:26:50 IST" name="ValidateNewPasswordTest3" finished-at="2022-08-18T10:26:54 IST" duration-ms="4166">
      <class name="skyfoxapp.testcases.changepasswordtest.ValidateNewPasswordTest">
        <test-method is-config="true" signature="openBrowser()[pri:0, instance:skyfoxapp.testcases.changepasswordtest.ValidateNewPasswordTest@f09733f]" started-at="2022-08-18T10:26:50 IST" name="openBrowser" finished-at="2022-08-18T10:26:51 IST" duration-ms="1466" status="PASS">
          <reporter-output>
          </reporter-output>
        </test-method> <!-- openBrowser -->
        <test-method signature="changePasswordTest(java.lang.String,java.lang.String,java.lang.String,java.lang.String,java.lang.String)[pri:0, instance:skyfoxapp.testcases.changepasswordtest.ValidateNewPasswordTest@f09733f]" started-at="2022-08-18T10:26:51 IST" name="changePasswordTest" finished-at="2022-08-18T10:26:54 IST" duration-ms="2590" status="PASS">
          <params>
            <param index="0">
              <value>
                <![CDATA[Karthinivash]]>
              </value>
            </param>
            <param index="1">
              <value>
                <![CDATA[Gurleen@2]]>
              </value>
            </param>
            <param index="2">
              <value>
                <![CDATA[Gurleen@2]]>
              </value>
            </param>
            <param index="3">
              <value>
                <![CDATA[SKYFOX433]]>
              </value>
            </param>
            <param index="4">
              <value>
                <![CDATA[SKYFOX433]]>
              </value>
            </param>
          </params>
          <reporter-output>
          </reporter-output>
        </test-method> <!-- changePasswordTest -->
        <test-method is-config="true" signature="closeBrowser()[pri:0, instance:skyfoxapp.testcases.changepasswordtest.ValidateNewPasswordTest@f09733f]" started-at="2022-08-18T10:26:54 IST" name="closeBrowser" finished-at="2022-08-18T10:26:54 IST" duration-ms="108" status="PASS">
          <reporter-output>
          </reporter-output>
        </test-method> <!-- closeBrowser -->
      </class> <!-- skyfoxapp.testcases.changepasswordtest.ValidateNewPasswordTest -->
    </test> <!-- ValidateNewPasswordTest3 -->
    <test started-at="2022-08-18T10:26:54 IST" name="ValidateNewPasswordTest4" finished-at="2022-08-18T10:26:58 IST" duration-ms="4533">
      <class name="skyfoxapp.testcases.changepasswordtest.ValidateNewPasswordTest">
        <test-method is-config="true" signature="openBrowser()[pri:0, instance:skyfoxapp.testcases.changepasswordtest.ValidateNewPasswordTest@6340e5f0]" started-at="2022-08-18T10:26:54 IST" name="openBrowser" finished-at="2022-08-18T10:26:56 IST" duration-ms="1837" status="PASS">
          <reporter-output>
          </reporter-output>
        </test-method> <!-- openBrowser -->
        <test-method signature="changePasswordTest(java.lang.String,java.lang.String,java.lang.String,java.lang.String,java.lang.String)[pri:0, instance:skyfoxapp.testcases.changepasswordtest.ValidateNewPasswordTest@6340e5f0]" started-at="2022-08-18T10:26:56 IST" name="changePasswordTest" finished-at="2022-08-18T10:26:58 IST" duration-ms="2588" status="PASS">
          <params>
            <param index="0">
              <value>
                <![CDATA[Karthinivash]]>
              </value>
            </param>
            <param index="1">
              <value>
                <![CDATA[Gurleen@2]]>
              </value>
            </param>
            <param index="2">
              <value>
                <![CDATA[Gurleen@2]]>
              </value>
            </param>
            <param index="3">
              <value>
                <![CDATA[Skyfox@]]>
              </value>
            </param>
            <param index="4">
              <value>
                <![CDATA[Skyfox@]]>
              </value>
            </param>
          </params>
          <reporter-output>
          </reporter-output>
        </test-method> <!-- changePasswordTest -->
        <test-method is-config="true" signature="closeBrowser()[pri:0, instance:skyfoxapp.testcases.changepasswordtest.ValidateNewPasswordTest@6340e5f0]" started-at="2022-08-18T10:26:58 IST" name="closeBrowser" finished-at="2022-08-18T10:26:58 IST" duration-ms="108" status="PASS">
          <reporter-output>
          </reporter-output>
        </test-method> <!-- closeBrowser -->
      </class> <!-- skyfoxapp.testcases.changepasswordtest.ValidateNewPasswordTest -->
    </test> <!-- ValidateNewPasswordTest4 -->
    <test started-at="2022-08-18T10:27:03 IST" name="ValidateNewPasswordTest5" finished-at="2022-08-18T10:27:08 IST" duration-ms="4267">
      <class name="skyfoxapp.testcases.changepasswordtest.ValidateNewPasswordTest">
        <test-method is-config="true" signature="openBrowser()[pri:0, instance:skyfoxapp.testcases.changepasswordtest.ValidateNewPasswordTest@6574a52c]" started-at="2022-08-18T10:27:03 IST" name="openBrowser" finished-at="2022-08-18T10:27:05 IST" duration-ms="1571" status="PASS">
          <reporter-output>
          </reporter-output>
        </test-method> <!-- openBrowser -->
        <test-method signature="changePasswordTest(java.lang.String,java.lang.String,java.lang.String,java.lang.String,java.lang.String)[pri:0, instance:skyfoxapp.testcases.changepasswordtest.ValidateNewPasswordTest@6574a52c]" started-at="2022-08-18T10:27:05 IST" name="changePasswordTest" finished-at="2022-08-18T10:27:08 IST" duration-ms="2584" status="PASS">
          <params>
            <param index="0">
              <value>
                <![CDATA[Karthinivash]]>
              </value>
            </param>
            <param index="1">
              <value>
                <![CDATA[Gurleen@2]]>
              </value>
            </param>
            <param index="2">
              <value>
                <![CDATA[Gurleen@2]]>
              </value>
            </param>
            <param index="3">
              <value>
                <![CDATA[Sky@3]]>
              </value>
            </param>
            <param index="4">
              <value>
                <![CDATA[Sky@3]]>
              </value>
            </param>
          </params>
          <reporter-output>
          </reporter-output>
        </test-method> <!-- changePasswordTest -->
        <test-method is-config="true" signature="closeBrowser()[pri:0, instance:skyfoxapp.testcases.changepasswordtest.ValidateNewPasswordTest@6574a52c]" started-at="2022-08-18T10:27:08 IST" name="closeBrowser" finished-at="2022-08-18T10:27:08 IST" duration-ms="111" status="PASS">
          <reporter-output>
          </reporter-output>
        </test-method> <!-- closeBrowser -->
      </class> <!-- skyfoxapp.testcases.changepasswordtest.ValidateNewPasswordTest -->
    </test> <!-- ValidateNewPasswordTest5 -->
    <test started-at="2022-08-18T10:27:08 IST" name="ValidateNewPasswordTest6" finished-at="2022-08-18T10:27:12 IST" duration-ms="4268">
      <class name="skyfoxapp.testcases.changepasswordtest.ValidateNewPasswordTest">
        <test-method is-config="true" signature="openBrowser()[pri:0, instance:skyfoxapp.testcases.changepasswordtest.ValidateNewPasswordTest@20140db9]" started-at="2022-08-18T10:27:08 IST" name="openBrowser" finished-at="2022-08-18T10:27:09 IST" duration-ms="1505" status="PASS">
          <reporter-output>
          </reporter-output>
        </test-method> <!-- openBrowser -->
        <test-method signature="changePasswordTest(java.lang.String,java.lang.String,java.lang.String,java.lang.String,java.lang.String)[pri:0, instance:skyfoxapp.testcases.changepasswordtest.ValidateNewPasswordTest@20140db9]" started-at="2022-08-18T10:27:09 IST" name="changePasswordTest" finished-at="2022-08-18T10:27:12 IST" duration-ms="2655" status="PASS">
          <params>
            <param index="0">
              <value>
                <![CDATA[Karthinivash]]>
              </value>
            </param>
            <param index="1">
              <value>
                <![CDATA[Gurleen@2]]>
              </value>
            </param>
            <param index="2">
              <value>
                <![CDATA[Gurleen@2]]>
              </value>
            </param>
            <param index="3">
              <value>
                <![CDATA[Skyfox@Skyfox@Skyfox@Skyfox@Skyfox@Skyfox@Skyfox@Skyfox@Skyfox@Skyfox@]]>
              </value>
            </param>
            <param index="4">
              <value>
                <![CDATA[Skyfox@Skyfox@Skyfox@Skyfox@Skyfox@Skyfox@Skyfox@Skyfox@Skyfox@Skyfox@]]>
              </value>
            </param>
          </params>
          <reporter-output>
          </reporter-output>
        </test-method> <!-- changePasswordTest -->
        <test-method is-config="true" signature="closeBrowser()[pri:0, instance:skyfoxapp.testcases.changepasswordtest.ValidateNewPasswordTest@20140db9]" started-at="2022-08-18T10:27:12 IST" name="closeBrowser" finished-at="2022-08-18T10:27:12 IST" duration-ms="107" status="PASS">
          <reporter-output>
          </reporter-output>
        </test-method> <!-- closeBrowser -->
      </class> <!-- skyfoxapp.testcases.changepasswordtest.ValidateNewPasswordTest -->
    </test> <!-- ValidateNewPasswordTest6 -->
    <test started-at="2022-08-18T10:27:17 IST" name="ValidateConfirmPasswordTest" finished-at="2022-08-18T10:27:23 IST" duration-ms="5570">
      <class name="skyfoxapp.testcases.changepasswordtest.ValidateConfirmPasswordTest">
        <test-method is-config="true" signature="openBrowser()[pri:0, instance:skyfoxapp.testcases.changepasswordtest.ValidateConfirmPasswordTest@55a147cc]" started-at="2022-08-18T10:27:17 IST" name="openBrowser" finished-at="2022-08-18T10:27:19 IST" duration-ms="1877" status="PASS">
          <reporter-output>
          </reporter-output>
        </test-method> <!-- openBrowser -->
        <test-method signature="changePasswordTest(java.lang.String,java.lang.String,java.lang.String,java.lang.String,java.lang.String)[pri:0, instance:skyfoxapp.testcases.changepasswordtest.ValidateConfirmPasswordTest@55a147cc]" started-at="2022-08-18T10:27:19 IST" name="changePasswordTest" finished-at="2022-08-18T10:27:22 IST" duration-ms="3574" status="PASS">
          <params>
            <param index="0">
              <value>
                <![CDATA[Karthinivash]]>
              </value>
            </param>
            <param index="1">
              <value>
                <![CDATA[Gurleen@2]]>
              </value>
            </param>
            <param index="2">
              <value>
                <![CDATA[Gurleen@2]]>
              </value>
            </param>
            <param index="3">
              <value>
                <![CDATA[Skyfox@4]]>
              </value>
            </param>
            <param index="4">
              <value>
                <![CDATA[Skyfox4]]>
              </value>
            </param>
          </params>
          <reporter-output>
          </reporter-output>
        </test-method> <!-- changePasswordTest -->
        <test-method is-config="true" signature="closeBrowser()[pri:0, instance:skyfoxapp.testcases.changepasswordtest.ValidateConfirmPasswordTest@55a147cc]" started-at="2022-08-18T10:27:22 IST" name="closeBrowser" finished-at="2022-08-18T10:27:23 IST" duration-ms="117" status="PASS">
          <reporter-output>
          </reporter-output>
        </test-method> <!-- closeBrowser -->
      </class> <!-- skyfoxapp.testcases.changepasswordtest.ValidateConfirmPasswordTest -->
    </test> <!-- ValidateConfirmPasswordTest -->
    <test started-at="2022-08-18T10:27:28 IST" name="ValidatePreviousPasswordTest" finished-at="2022-08-18T10:27:33 IST" duration-ms="5498">
      <class name="skyfoxapp.testcases.changepasswordtest.ValidatePreviousPasswordTest">
        <test-method is-config="true" signature="openBrowser()[pri:0, instance:skyfoxapp.testcases.changepasswordtest.ValidatePreviousPasswordTest@4145bad8]" started-at="2022-08-18T10:27:28 IST" name="openBrowser" finished-at="2022-08-18T10:27:29 IST" duration-ms="1623" status="PASS">
          <reporter-output>
          </reporter-output>
        </test-method> <!-- openBrowser -->
        <test-method signature="changePasswordTest(java.lang.String,java.lang.String,java.lang.String,java.lang.String,java.lang.String)[pri:0, instance:skyfoxapp.testcases.changepasswordtest.ValidatePreviousPasswordTest@4145bad8]" started-at="2022-08-18T10:27:29 IST" name="changePasswordTest" finished-at="2022-08-18T10:27:33 IST" duration-ms="3767" status="PASS">
          <params>
            <param index="0">
              <value>
                <![CDATA[Karthinivash]]>
              </value>
            </param>
            <param index="1">
              <value>
                <![CDATA[Gurleen@2]]>
              </value>
            </param>
            <param index="2">
              <value>
                <![CDATA[Gurleen@2]]>
              </value>
            </param>
            <param index="3">
              <value>
                <![CDATA[Gurleen@2]]>
              </value>
            </param>
            <param index="4">
              <value>
                <![CDATA[Gurleen@2]]>
              </value>
            </param>
          </params>
          <reporter-output>
          </reporter-output>
        </test-method> <!-- changePasswordTest -->
        <test-method is-config="true" signature="closeBrowser()[pri:0, instance:skyfoxapp.testcases.changepasswordtest.ValidatePreviousPasswordTest@4145bad8]" started-at="2022-08-18T10:27:33 IST" name="closeBrowser" finished-at="2022-08-18T10:27:33 IST" duration-ms="105" status="PASS">
          <reporter-output>
          </reporter-output>
        </test-method> <!-- closeBrowser -->
      </class> <!-- skyfoxapp.testcases.changepasswordtest.ValidatePreviousPasswordTest -->
    </test> <!-- ValidatePreviousPasswordTest -->
    <test started-at="2022-08-18T10:27:38 IST" name="ValidateInvalidCurrentPasswordTest" finished-at="2022-08-18T10:27:44 IST" duration-ms="5385">
      <class name="skyfoxapp.testcases.changepasswordtest.ValidateInvalidCurrentPasswordTest">
        <test-method is-config="true" signature="openBrowser()[pri:0, instance:skyfoxapp.testcases.changepasswordtest.ValidateInvalidCurrentPasswordTest@750e2b97]" started-at="2022-08-18T10:27:38 IST" name="openBrowser" finished-at="2022-08-18T10:27:40 IST" duration-ms="1486" status="PASS">
          <reporter-output>
          </reporter-output>
        </test-method> <!-- openBrowser -->
        <test-method signature="changePasswordTest(java.lang.String,java.lang.String,java.lang.String,java.lang.String,java.lang.String)[pri:0, instance:skyfoxapp.testcases.changepasswordtest.ValidateInvalidCurrentPasswordTest@750e2b97]" started-at="2022-08-18T10:27:40 IST" name="changePasswordTest" finished-at="2022-08-18T10:27:43 IST" duration-ms="3779" status="PASS">
          <params>
            <param index="0">
              <value>
                <![CDATA[Karthinivash]]>
              </value>
            </param>
            <param index="1">
              <value>
                <![CDATA[Gurleen@2]]>
              </value>
            </param>
            <param index="2">
              <value>
                <![CDATA[Skyfox@4]]>
              </value>
            </param>
            <param index="3">
              <value>
                <![CDATA[Skyfox@5]]>
              </value>
            </param>
            <param index="4">
              <value>
                <![CDATA[Skyfox@5]]>
              </value>
            </param>
          </params>
          <reporter-output>
          </reporter-output>
        </test-method> <!-- changePasswordTest -->
        <test-method is-config="true" signature="closeBrowser()[pri:0, instance:skyfoxapp.testcases.changepasswordtest.ValidateInvalidCurrentPasswordTest@750e2b97]" started-at="2022-08-18T10:27:43 IST" name="closeBrowser" finished-at="2022-08-18T10:27:44 IST" duration-ms="118" status="PASS">
          <reporter-output>
          </reporter-output>
        </test-method> <!-- closeBrowser -->
      </class> <!-- skyfoxapp.testcases.changepasswordtest.ValidateInvalidCurrentPasswordTest -->
    </test> <!-- ValidateInvalidCurrentPasswordTest -->
    <test started-at="2022-08-18T10:27:49 IST" name="PositiveViewMoviePosterTests" finished-at="2022-08-18T10:28:03 IST" duration-ms="14219">
      <class name="skyfoxapp.testcases.viewmovieposter.PositiveViewMoviePoster">
        <test-method is-config="true" signature="openBrowser()[pri:0, instance:skyfoxapp.testcases.viewmovieposter.PositiveViewMoviePoster@46cdf8bd]" started-at="2022-08-18T10:27:49 IST" name="openBrowser" finished-at="2022-08-18T10:27:50 IST" duration-ms="1814" status="PASS">
          <reporter-output>
          </reporter-output>
        </test-method> <!-- openBrowser -->
        <test-method signature="viewMoviePoster(java.lang.String,java.lang.String)[pri:0, instance:skyfoxapp.testcases.viewmovieposter.PositiveViewMoviePoster@46cdf8bd]" started-at="2022-08-18T10:27:50 IST" name="viewMoviePoster" finished-at="2022-08-18T10:28:03 IST" duration-ms="12293" status="PASS">
          <params>
            <param index="0">
              <value>
                <![CDATA[Karthinivash]]>
              </value>
            </param>
            <param index="1">
              <value>
                <![CDATA[Gurleen@2]]>
              </value>
            </param>
          </params>
          <reporter-output>
          </reporter-output>
        </test-method> <!-- viewMoviePoster -->
        <test-method is-config="true" signature="closeBrowser()[pri:0, instance:skyfoxapp.testcases.viewmovieposter.PositiveViewMoviePoster@46cdf8bd]" started-at="2022-08-18T10:28:03 IST" name="closeBrowser" finished-at="2022-08-18T10:28:03 IST" duration-ms="110" status="PASS">
          <reporter-output>
          </reporter-output>
        </test-method> <!-- closeBrowser -->
      </class> <!-- skyfoxapp.testcases.viewmovieposter.PositiveViewMoviePoster -->
    </test> <!-- PositiveViewMoviePosterTests -->
    <test started-at="2022-08-18T10:28:08 IST" name="AdminActionTest" finished-at="2022-08-18T10:28:20 IST" duration-ms="11883">
      <class name="skyfoxapp.testcases.preventunauthorizedactions.ActionsForAdmin">
        <test-method is-config="true" signature="openBrowser()[pri:0, instance:skyfoxapp.testcases.preventunauthorizedactions.ActionsForAdmin@7526515b]" started-at="2022-08-18T10:28:08 IST" name="openBrowser" finished-at="2022-08-18T10:28:10 IST" duration-ms="2524" status="PASS">
          <reporter-output>
          </reporter-output>
        </test-method> <!-- openBrowser -->
        <test-method signature="actionsForAdmin(java.lang.String,java.lang.String)[pri:0, instance:skyfoxapp.testcases.preventunauthorizedactions.ActionsForAdmin@7526515b]" started-at="2022-08-18T10:28:10 IST" name="actionsForAdmin" finished-at="2022-08-18T10:28:20 IST" duration-ms="9242" status="PASS">
          <params>
            <param index="0">
              <value>
                <![CDATA[Karthinivash]]>
              </value>
            </param>
            <param index="1">
              <value>
                <![CDATA[Gurleen@2]]>
              </value>
            </param>
          </params>
          <reporter-output>
          </reporter-output>
        </test-method> <!-- actionsForAdmin -->
        <test-method is-config="true" signature="closeBrowser()[pri:0, instance:skyfoxapp.testcases.preventunauthorizedactions.ActionsForAdmin@7526515b]" started-at="2022-08-18T10:28:20 IST" name="closeBrowser" finished-at="2022-08-18T10:28:20 IST" duration-ms="114" status="PASS">
          <reporter-output>
          </reporter-output>
        </test-method> <!-- closeBrowser -->
      </class> <!-- skyfoxapp.testcases.preventunauthorizedactions.ActionsForAdmin -->
    </test> <!-- AdminActionTest -->
    <test started-at="2022-08-18T10:28:25 IST" name="CustomerActionTest" finished-at="2022-08-18T10:28:37 IST" duration-ms="11869">
      <class name="skyfoxapp.testcases.preventunauthorizedactions.ActionsForCustomer">
        <test-method is-config="true" signature="openBrowser()[pri:0, instance:skyfoxapp.testcases.preventunauthorizedactions.ActionsForCustomer@6892b3b6]" started-at="2022-08-18T10:28:25 IST" name="openBrowser" finished-at="2022-08-18T10:28:27 IST" duration-ms="2535" status="PASS">
          <reporter-output>
          </reporter-output>
        </test-method> <!-- openBrowser -->
        <test-method signature="actionsForCustomer(java.lang.String,java.lang.String)[pri:0, instance:skyfoxapp.testcases.preventunauthorizedactions.ActionsForCustomer@6892b3b6]" started-at="2022-08-18T10:28:27 IST" name="actionsForCustomer" finished-at="2022-08-18T10:28:36 IST" duration-ms="9221" status="PASS">
          <params>
            <param index="0">
              <value>
                <![CDATA[aswini]]>
              </value>
            </param>
            <param index="1">
              <value>
                <![CDATA[Skyfox@24]]>
              </value>
            </param>
          </params>
          <reporter-output>
          </reporter-output>
        </test-method> <!-- actionsForCustomer -->
        <test-method is-config="true" signature="closeBrowser()[pri:0, instance:skyfoxapp.testcases.preventunauthorizedactions.ActionsForCustomer@6892b3b6]" started-at="2022-08-18T10:28:36 IST" name="closeBrowser" finished-at="2022-08-18T10:28:37 IST" duration-ms="110" status="PASS">
          <reporter-output>
          </reporter-output>
        </test-method> <!-- closeBrowser -->
      </class> <!-- skyfoxapp.testcases.preventunauthorizedactions.ActionsForCustomer -->
    </test> <!-- CustomerActionTest -->
    <test started-at="2022-08-18T10:28:42 IST" name="ValidatePastDayMovieTest" finished-at="2022-08-18T10:28:48 IST" duration-ms="6936">
      <class name="skyfoxapp.testcases.customerBookingTest.ValidatePastDayMoviesTest">
        <test-method is-config="true" signature="openBrowser()[pri:0, instance:skyfoxapp.testcases.customerBookingTest.ValidatePastDayMoviesTest@1530c739]" started-at="2022-08-18T10:28:42 IST" name="openBrowser" finished-at="2022-08-18T10:28:43 IST" duration-ms="1480" status="PASS">
          <reporter-output>
          </reporter-output>
        </test-method> <!-- openBrowser -->
        <test-method signature="customerBookingTest(java.lang.String,java.lang.String)[pri:1, instance:skyfoxapp.testcases.customerBookingTest.ValidatePastDayMoviesTest@1530c739]" started-at="2022-08-18T10:28:43 IST" name="customerBookingTest" finished-at="2022-08-18T10:28:48 IST" duration-ms="5349" status="PASS">
          <params>
            <param index="0">
              <value>
                <![CDATA[Karthinivash]]>
              </value>
            </param>
            <param index="1">
              <value>
                <![CDATA[Gurleen@2]]>
              </value>
            </param>
          </params>
          <reporter-output>
          </reporter-output>
        </test-method> <!-- customerBookingTest -->
        <test-method is-config="true" signature="closeBrowser()[pri:0, instance:skyfoxapp.testcases.customerBookingTest.ValidatePastDayMoviesTest@1530c739]" started-at="2022-08-18T10:28:48 IST" name="closeBrowser" finished-at="2022-08-18T10:28:48 IST" duration-ms="106" status="PASS">
          <reporter-output>
          </reporter-output>
        </test-method> <!-- closeBrowser -->
      </class> <!-- skyfoxapp.testcases.customerBookingTest.ValidatePastDayMoviesTest -->
    </test> <!-- ValidatePastDayMovieTest -->
    <test started-at="2022-08-18T10:28:53 IST" name="PositiveCustomerBookingTest" finished-at="2022-08-18T10:29:08 IST" duration-ms="14557">
      <class name="skyfoxapp.testcases.customerBookingTest.PositiveCustomerBookingTest">
        <test-method is-config="true" signature="openBrowser()[pri:0, instance:skyfoxapp.testcases.customerBookingTest.PositiveCustomerBookingTest@15bb5034]" started-at="2022-08-18T10:28:53 IST" name="openBrowser" finished-at="2022-08-18T10:28:55 IST" duration-ms="1692" status="PASS">
          <reporter-output>
          </reporter-output>
        </test-method> <!-- openBrowser -->
        <test-method signature="customerBookingTest(java.lang.String,java.lang.String,java.lang.String)[pri:1, instance:skyfoxapp.testcases.customerBookingTest.PositiveCustomerBookingTest@15bb5034]" started-at="2022-08-18T10:28:55 IST" name="customerBookingTest" finished-at="2022-08-18T10:29:08 IST" duration-ms="12757" status="PASS">
          <params>
            <param index="0">
              <value>
                <![CDATA[seed-user-3]]>
              </value>
            </param>
            <param index="1">
              <value>
                <![CDATA[Gurleen@1]]>
              </value>
            </param>
            <param index="2">
              <value>
                <![CDATA[]]>
              </value>
            </param>
          </params>
          <reporter-output>
          </reporter-output>
        </test-method> <!-- customerBookingTest -->
        <test-method is-config="true" signature="closeBrowser()[pri:0, instance:skyfoxapp.testcases.customerBookingTest.PositiveCustomerBookingTest@15bb5034]" started-at="2022-08-18T10:29:08 IST" name="closeBrowser" finished-at="2022-08-18T10:29:08 IST" duration-ms="107" status="PASS">
          <reporter-output>
          </reporter-output>
        </test-method> <!-- closeBrowser -->
      </class> <!-- skyfoxapp.testcases.customerBookingTest.PositiveCustomerBookingTest -->
    </test> <!-- PositiveCustomerBookingTest -->
    <test started-at="2022-08-18T10:29:13 IST" name="ValidatePastShowsTest" finished-at="2022-08-18T10:29:23 IST" duration-ms="10439">
      <class name="skyfoxapp.testcases.customerBookingTest.ValidatePastShowsTest">
        <test-method is-config="true" signature="openBrowser()[pri:0, instance:skyfoxapp.testcases.customerBookingTest.ValidatePastShowsTest@2cf3d63b]" started-at="2022-08-18T10:29:13 IST" name="openBrowser" finished-at="2022-08-18T10:29:15 IST" duration-ms="1986" status="PASS">
          <reporter-output>
          </reporter-output>
        </test-method> <!-- openBrowser -->
        <test-method signature="customerBookingTest(java.lang.String,java.lang.String)[pri:1, instance:skyfoxapp.testcases.customerBookingTest.ValidatePastShowsTest@2cf3d63b]" started-at="2022-08-18T10:29:15 IST" name="customerBookingTest" finished-at="2022-08-18T10:29:23 IST" duration-ms="8341" status="PASS">
          <params>
            <param index="0">
              <value>
                <![CDATA[seed-user-3]]>
              </value>
            </param>
            <param index="1">
              <value>
                <![CDATA[Gurleen@1]]>
              </value>
            </param>
          </params>
          <reporter-output>
          </reporter-output>
        </test-method> <!-- customerBookingTest -->
        <test-method is-config="true" signature="closeBrowser()[pri:0, instance:skyfoxapp.testcases.customerBookingTest.ValidatePastShowsTest@2cf3d63b]" started-at="2022-08-18T10:29:23 IST" name="closeBrowser" finished-at="2022-08-18T10:29:23 IST" duration-ms="109" status="PASS">
          <reporter-output>
          </reporter-output>
        </test-method> <!-- closeBrowser -->
      </class> <!-- skyfoxapp.testcases.customerBookingTest.ValidatePastShowsTest -->
    </test> <!-- ValidatePastShowsTest -->
    <test started-at="2022-08-18T10:29:28 IST" name="ValidateNumberOfSeatsTest" finished-at="2022-08-18T10:29:39 IST" duration-ms="10193">
      <class name="skyfoxapp.testcases.customerBookingTest.ValidateNumberOfSeatsTest">
        <test-method is-config="true" signature="openBrowser()[pri:0, instance:skyfoxapp.testcases.customerBookingTest.ValidateNumberOfSeatsTest@74ea2410]" started-at="2022-08-18T10:29:28 IST" name="openBrowser" finished-at="2022-08-18T10:29:30 IST" duration-ms="1489" status="PASS">
          <reporter-output>
          </reporter-output>
        </test-method> <!-- openBrowser -->
        <test-method signature="customerBookingTest(java.lang.String,java.lang.String,java.lang.String)[pri:1, instance:skyfoxapp.testcases.customerBookingTest.ValidateNumberOfSeatsTest@74ea2410]" started-at="2022-08-18T10:29:30 IST" name="customerBookingTest" finished-at="2022-08-18T10:29:39 IST" duration-ms="8578" status="PASS">
          <params>
            <param index="0">
              <value>
                <![CDATA[seed-user-3]]>
              </value>
            </param>
            <param index="1">
              <value>
                <![CDATA[Gurleen@1]]>
              </value>
            </param>
            <param index="2">
              <value>
                <![CDATA[100]]>
              </value>
            </param>
          </params>
          <reporter-output>
          </reporter-output>
        </test-method> <!-- customerBookingTest -->
        <test-method is-config="true" signature="closeBrowser()[pri:0, instance:skyfoxapp.testcases.customerBookingTest.ValidateNumberOfSeatsTest@74ea2410]" started-at="2022-08-18T10:29:39 IST" name="closeBrowser" finished-at="2022-08-18T10:29:39 IST" duration-ms="122" status="PASS">
          <reporter-output>
          </reporter-output>
        </test-method> <!-- closeBrowser -->
      </class> <!-- skyfoxapp.testcases.customerBookingTest.ValidateNumberOfSeatsTest -->
    </test> <!-- ValidateNumberOfSeatsTest -->
    <test started-at="2022-08-18T10:29:44 IST" name="ValidateAvailableSeatsTest" finished-at="2022-08-18T10:29:59 IST" duration-ms="15671">
      <class name="skyfoxapp.testcases.customerBookingTest.ValidateAvailableSeatsTest">
        <test-method is-config="true" signature="openBrowser()[pri:0, instance:skyfoxapp.testcases.customerBookingTest.ValidateAvailableSeatsTest@248e319b]" started-at="2022-08-18T10:29:44 IST" name="openBrowser" finished-at="2022-08-18T10:29:45 IST" duration-ms="1695" status="PASS">
          <reporter-output>
          </reporter-output>
        </test-method> <!-- openBrowser -->
        <test-method signature="customerBookingTest(java.lang.String,java.lang.String,java.lang.String)[pri:1, instance:skyfoxapp.testcases.customerBookingTest.ValidateAvailableSeatsTest@248e319b]" started-at="2022-08-18T10:29:45 IST" name="customerBookingTest" finished-at="2022-08-18T10:29:59 IST" duration-ms="13845" status="FAIL">
          <params>
            <param index="0">
              <value>
                <![CDATA[seed-user-3]]>
              </value>
            </param>
            <param index="1">
              <value>
                <![CDATA[Gurleen@1]]>
              </value>
            </param>
            <param index="2">
              <value>
                <![CDATA[5]]>
              </value>
            </param>
          </params>
          <exception class="org.openqa.selenium.NoSuchElementException">
            <message>
              <![CDATA[no such element: Unable to locate element: {"method":"css selector","selector":".MuiAlert\-message"}
  (Session info: chrome=104.0.5112.101)
For documentation on this error, please visit: https://selenium.dev/exceptions/#no_such_element
Build info: version: '4.2.1', revision: 'ac4d0fdd4a'
System info: host: 'Krupasrees-MacBook-Pro.local', ip: 'fe80:0:0:0:889:df75:c81f:dc42%en0', os.name: 'Mac OS X', os.arch: 'aarch64', os.version: '12.5', java.version: '11.0.14'
Driver info: org.openqa.selenium.chrome.ChromeDriver
Command: [9fd233163910b16886abaf4199ff1e09, findElement {using=class name, value=MuiAlert-message}]
Capabilities {acceptInsecureCerts: false, browserName: chrome, browserVersion: 104.0.5112.101, chrome: {chromedriverVersion: 103.0.5060.53 (a1711811edd7..., userDataDir: /var/folders/r1/xlj9hvl92b9...}, goog:chromeOptions: {debuggerAddress: localhost:52115}, networkConnectionEnabled: false, pageLoadStrategy: normal, platformName: MAC, proxy: Proxy(), se:cdp: ws://localhost:52115/devtoo..., se:cdpVersion: 104.0.5112.101, setWindowRect: true, strictFileInteractability: false, timeouts: {implicit: 0, pageLoad: 300000, script: 30000}, unhandledPromptBehavior: dismiss and notify, webauthn:extension:credBlob: true, webauthn:extension:largeBlob: true, webauthn:virtualAuthenticators: true}
Session ID: 9fd233163910b16886abaf4199ff1e09]]>
            </message>
            <full-stacktrace>
              <![CDATA[org.openqa.selenium.NoSuchElementException: no such element: Unable to locate element: {"method":"css selector","selector":".MuiAlert\-message"}
  (Session info: chrome=104.0.5112.101)
For documentation on this error, please visit: https://selenium.dev/exceptions/#no_such_element
Build info: version: '4.2.1', revision: 'ac4d0fdd4a'
System info: host: 'Krupasrees-MacBook-Pro.local', ip: 'fe80:0:0:0:889:df75:c81f:dc42%en0', os.name: 'Mac OS X', os.arch: 'aarch64', os.version: '12.5', java.version: '11.0.14'
Driver info: org.openqa.selenium.chrome.ChromeDriver
Command: [9fd233163910b16886abaf4199ff1e09, findElement {using=class name, value=MuiAlert-message}]
Capabilities {acceptInsecureCerts: false, browserName: chrome, browserVersion: 104.0.5112.101, chrome: {chromedriverVersion: 103.0.5060.53 (a1711811edd7..., userDataDir: /var/folders/r1/xlj9hvl92b9...}, goog:chromeOptions: {debuggerAddress: localhost:52115}, networkConnectionEnabled: false, pageLoadStrategy: normal, platformName: MAC, proxy: Proxy(), se:cdp: ws://localhost:52115/devtoo..., se:cdpVersion: 104.0.5112.101, setWindowRect: true, strictFileInteractability: false, timeouts: {implicit: 0, pageLoad: 300000, script: 30000}, unhandledPromptBehavior: dismiss and notify, webauthn:extension:credBlob: true, webauthn:extension:largeBlob: true, webauthn:virtualAuthenticators: true}
Session ID: 9fd233163910b16886abaf4199ff1e09
at java.base/jdk.internal.reflect.NativeConstructorAccessorImpl.newInstance0(Native Method)
at java.base/jdk.internal.reflect.NativeConstructorAccessorImpl.newInstance(NativeConstructorAccessorImpl.java:62)
at java.base/jdk.internal.reflect.DelegatingConstructorAccessorImpl.newInstance(DelegatingConstructorAccessorImpl.java:45)
at java.base/java.lang.reflect.Constructor.newInstance(Constructor.java:490)
at org.openqa.selenium.remote.codec.w3c.W3CHttpResponseCodec.createException(W3CHttpResponseCodec.java:200)
at org.openqa.selenium.remote.codec.w3c.W3CHttpResponseCodec.decode(W3CHttpResponseCodec.java:133)
at org.openqa.selenium.remote.codec.w3c.W3CHttpResponseCodec.decode(W3CHttpResponseCodec.java:53)
at org.openqa.selenium.remote.HttpCommandExecutor.execute(HttpCommandExecutor.java:184)
at org.openqa.selenium.remote.service.DriverCommandExecutor.invokeExecute(DriverCommandExecutor.java:167)
at org.openqa.selenium.remote.service.DriverCommandExecutor.execute(DriverCommandExecutor.java:142)
at org.openqa.selenium.remote.RemoteWebDriver.execute(RemoteWebDriver.java:551)
at org.openqa.selenium.remote.ElementLocation$ElementFinder$2.findElement(ElementLocation.java:162)
at org.openqa.selenium.remote.ElementLocation.findElement(ElementLocation.java:60)
at org.openqa.selenium.remote.RemoteWebDriver.findElement(RemoteWebDriver.java:369)
at org.openqa.selenium.remote.RemoteWebDriver.findElement(RemoteWebDriver.java:361)
at org.openqa.selenium.support.pagefactory.DefaultElementLocator.findElement(DefaultElementLocator.java:70)
at org.openqa.selenium.support.pagefactory.internal.LocatingElementHandler.invoke(LocatingElementHandler.java:39)
at com.sun.proxy.$Proxy14.getText(Unknown Source)
at pages.CustomerBookingPage.returnAvailableSeatsErrorMsg(CustomerBookingPage.java:222)
at skyfoxapp.testcases.customerBookingTest.ValidateAvailableSeatsTest.customerBookingTest(ValidateAvailableSeatsTest.java:51)
at java.base/jdk.internal.reflect.NativeMethodAccessorImpl.invoke0(Native Method)
at java.base/jdk.internal.reflect.NativeMethodAccessorImpl.invoke(NativeMethodAccessorImpl.java:62)
at java.base/jdk.internal.reflect.DelegatingMethodAccessorImpl.invoke(DelegatingMethodAccessorImpl.java:43)
at java.base/java.lang.reflect.Method.invoke(Method.java:566)
at org.testng.internal.invokers.MethodInvocationHelper.invokeMethod(MethodInvocationHelper.java:135)
at org.testng.internal.invokers.TestInvoker.invokeMethod(TestInvoker.java:673)
at org.testng.internal.invokers.TestInvoker.invokeTestMethod(TestInvoker.java:220)
at org.testng.internal.invokers.MethodRunner.runInSequence(MethodRunner.java:50)
at org.testng.internal.invokers.TestInvoker$MethodInvocationAgent.invoke(TestInvoker.java:945)
at org.testng.internal.invokers.TestInvoker.invokeTestMethods(TestInvoker.java:193)
at org.testng.internal.invokers.TestMethodWorker.invokeTestMethods(TestMethodWorker.java:146)
at org.testng.internal.invokers.TestMethodWorker.run(TestMethodWorker.java:128)
at java.base/java.util.ArrayList.forEach(ArrayList.java:1541)
at org.testng.TestRunner.privateRun(TestRunner.java:808)
at org.testng.TestRunner.run(TestRunner.java:603)
at org.testng.SuiteRunner.runTest(SuiteRunner.java:429)
at org.testng.SuiteRunner.runSequentially(SuiteRunner.java:423)
at org.testng.SuiteRunner.privateRun(SuiteRunner.java:383)
at org.testng.SuiteRunner.run(SuiteRunner.java:326)
at org.testng.SuiteRunnerWorker.runSuite(SuiteRunnerWorker.java:52)
at org.testng.SuiteRunnerWorker.run(SuiteRunnerWorker.java:95)
at org.testng.TestNG.runSuitesSequentially(TestNG.java:1249)
at org.testng.TestNG.runSuitesLocally(TestNG.java:1169)
at org.testng.TestNG.runSuites(TestNG.java:1092)
at org.testng.TestNG.run(TestNG.java:1060)
at org.apache.maven.surefire.testng.TestNGExecutor.run(TestNGExecutor.java:324)
at org.apache.maven.surefire.testng.TestNGXmlTestSuite.execute(TestNGXmlTestSuite.java:74)
at org.apache.maven.surefire.testng.TestNGProvider.invoke(TestNGProvider.java:123)
at org.apache.maven.surefire.booter.ForkedBooter.runSuitesInProcess(ForkedBooter.java:456)
at org.apache.maven.surefire.booter.ForkedBooter.execute(ForkedBooter.java:169)
at org.apache.maven.surefire.booter.ForkedBooter.run(ForkedBooter.java:595)
at org.apache.maven.surefire.booter.ForkedBooter.main(ForkedBooter.java:581)
]]>
            </full-stacktrace>
          </exception> <!-- org.openqa.selenium.NoSuchElementException -->
          <reporter-output>
          </reporter-output>
        </test-method> <!-- customerBookingTest -->
        <test-method is-config="true" signature="closeBrowser()[pri:0, instance:skyfoxapp.testcases.customerBookingTest.ValidateAvailableSeatsTest@248e319b]" started-at="2022-08-18T10:29:59 IST" name="closeBrowser" finished-at="2022-08-18T10:29:59 IST" duration-ms="113" status="PASS">
          <reporter-output>
          </reporter-output>
        </test-method> <!-- closeBrowser -->
      </class> <!-- skyfoxapp.testcases.customerBookingTest.ValidateAvailableSeatsTest -->
    </test> <!-- ValidateAvailableSeatsTest -->
    <test started-at="2022-08-18T10:30:04 IST" name="ValidateAdminBookingCustomerDetailsTest" finished-at="2022-08-18T10:30:16 IST" duration-ms="11753">
      <class name="skyfoxapp.testcases.customerBookingTest.ValidateAdminBookingCustomerDetailsTest">
        <test-method is-config="true" signature="openBrowser()[pri:0, instance:skyfoxapp.testcases.customerBookingTest.ValidateAdminBookingCustomerDetailsTest@543295b0]" started-at="2022-08-18T10:30:04 IST" name="openBrowser" finished-at="2022-08-18T10:30:06 IST" duration-ms="1926" status="PASS">
          <reporter-output>
          </reporter-output>
        </test-method> <!-- openBrowser -->
        <test-method signature="customerBookingTest(java.lang.String,java.lang.String,java.lang.String,java.lang.String,java.lang.String,java.lang.String)[pri:1, instance:skyfoxapp.testcases.customerBookingTest.ValidateAdminBookingCustomerDetailsTest@543295b0]" started-at="2022-08-18T10:30:06 IST" name="customerBookingTest" finished-at="2022-08-18T10:30:16 IST" duration-ms="9710" status="PASS">
          <params>
            <param index="0">
              <value>
                <![CDATA[Karthinivash]]>
              </value>
            </param>
            <param index="1">
              <value>
                <![CDATA[Gurleen@2]]>
              </value>
            </param>
            <param index="2">
              <value>
                <![CDATA[]]>
              </value>
            </param>
            <param index="3">
              <value>
                <![CDATA[Krupa]]>
              </value>
            </param>
            <param index="4">
              <value>
                <![CDATA[6123457890]]>
              </value>
            </param>
            <param index="5">
              <value>
                <![CDATA[krupa@gmail.com]]>
              </value>
            </param>
          </params>
          <reporter-output>
          </reporter-output>
        </test-method> <!-- customerBookingTest -->
        <test-method is-config="true" signature="closeBrowser()[pri:0, instance:skyfoxapp.testcases.customerBookingTest.ValidateAdminBookingCustomerDetailsTest@543295b0]" started-at="2022-08-18T10:30:16 IST" name="closeBrowser" finished-at="2022-08-18T10:30:16 IST" duration-ms="116" status="PASS">
          <reporter-output>
          </reporter-output>
        </test-method> <!-- closeBrowser -->
      </class> <!-- skyfoxapp.testcases.customerBookingTest.ValidateAdminBookingCustomerDetailsTest -->
    </test> <!-- ValidateAdminBookingCustomerDetailsTest -->
    <test started-at="2022-08-18T10:30:21 IST" name="ValidateAdminBookingNameFieldTest" finished-at="2022-08-18T10:30:32 IST" duration-ms="10500">
      <class name="skyfoxapp.testcases.customerBookingTest.ValidateAdminBookingNameFeildTest">
        <test-method is-config="true" signature="openBrowser()[pri:0, instance:skyfoxapp.testcases.customerBookingTest.ValidateAdminBookingNameFeildTest@3b0fe47a]" started-at="2022-08-18T10:30:21 IST" name="openBrowser" finished-at="2022-08-18T10:30:23 IST" duration-ms="1785" status="PASS">
          <reporter-output>
          </reporter-output>
        </test-method> <!-- openBrowser -->
        <test-method signature="customerBookingTest(java.lang.String,java.lang.String,java.lang.String,java.lang.String,java.lang.String)[pri:1, instance:skyfoxapp.testcases.customerBookingTest.ValidateAdminBookingNameFeildTest@3b0fe47a]" started-at="2022-08-18T10:30:23 IST" name="customerBookingTest" finished-at="2022-08-18T10:30:32 IST" duration-ms="8593" status="PASS">
          <params>
            <param index="0">
              <value>
                <![CDATA[Karthinivash]]>
              </value>
            </param>
            <param index="1">
              <value>
                <![CDATA[Gurleen@2]]>
              </value>
            </param>
            <param index="2">
              <value>
                <![CDATA[]]>
              </value>
            </param>
            <param index="3">
              <value>
                <![CDATA[6123457890]]>
              </value>
            </param>
            <param index="4">
              <value>
                <![CDATA[krupa@gmail.com]]>
              </value>
            </param>
          </params>
          <reporter-output>
          </reporter-output>
        </test-method> <!-- customerBookingTest -->
        <test-method is-config="true" signature="closeBrowser()[pri:0, instance:skyfoxapp.testcases.customerBookingTest.ValidateAdminBookingNameFeildTest@3b0fe47a]" started-at="2022-08-18T10:30:32 IST" name="closeBrowser" finished-at="2022-08-18T10:30:32 IST" duration-ms="122" status="PASS">
          <reporter-output>
          </reporter-output>
        </test-method> <!-- closeBrowser -->
      </class> <!-- skyfoxapp.testcases.customerBookingTest.ValidateAdminBookingNameFeildTest -->
    </test> <!-- ValidateAdminBookingNameFieldTest -->
    <test started-at="2022-08-18T10:30:37 IST" name="ValidateAdminBookingPhoneNumberTest" finished-at="2022-08-18T10:30:44 IST" duration-ms="6984">
      <class name="skyfoxapp.testcases.customerBookingTest.ValidateAdminBookingPhnNumberFieldTest">
        <test-method is-config="true" signature="openBrowser()[pri:0, instance:skyfoxapp.testcases.customerBookingTest.ValidateAdminBookingPhnNumberFieldTest@2034b64c]" started-at="2022-08-18T10:30:37 IST" name="openBrowser" finished-at="2022-08-18T10:30:38 IST" duration-ms="1496" status="PASS">
          <reporter-output>
          </reporter-output>
        </test-method> <!-- openBrowser -->
        <test-method signature="customerBookingTest(java.lang.String,java.lang.String,java.lang.String,java.lang.String,java.lang.String,java.lang.String)[pri:1, instance:skyfoxapp.testcases.customerBookingTest.ValidateAdminBookingPhnNumberFieldTest@2034b64c]" started-at="2022-08-18T10:30:38 IST" name="customerBookingTest" finished-at="2022-08-18T10:30:44 IST" duration-ms="5377" status="FAIL">
          <params>
            <param index="0">
              <value>
                <![CDATA[Karthinivash]]>
              </value>
            </param>
            <param index="1">
              <value>
                <![CDATA[Gurleen@2]]>
              </value>
            </param>
            <param index="2">
              <value>
                <![CDATA[]]>
              </value>
            </param>
            <param index="3">
              <value>
                <![CDATA[Krupa]]>
              </value>
            </param>
            <param index="4">
              <value>
                <![CDATA[1123457890]]>
              </value>
            </param>
            <param index="5">
              <value>
                <![CDATA[krupa@gmail.com]]>
              </value>
            </param>
          </params>
          <exception class="java.lang.AssertionError">
            <message>
              <![CDATA[Dialog box is not displayed expected [true] but found [false]]]>
            </message>
            <full-stacktrace>
              <![CDATA[java.lang.AssertionError: Dialog box is not displayed expected [true] but found [false]
at org.testng.Assert.fail(Assert.java:110)
at org.testng.Assert.failNotEquals(Assert.java:1413)
at org.testng.Assert.assertTrue(Assert.java:56)
at skyfoxapp.testcases.customerBookingTest.ValidateAdminBookingPhnNumberFieldTest.customerBookingTest(ValidateAdminBookingPhnNumberFieldTest.java:37)
at java.base/jdk.internal.reflect.NativeMethodAccessorImpl.invoke0(Native Method)
at java.base/jdk.internal.reflect.NativeMethodAccessorImpl.invoke(NativeMethodAccessorImpl.java:62)
at java.base/jdk.internal.reflect.DelegatingMethodAccessorImpl.invoke(DelegatingMethodAccessorImpl.java:43)
at java.base/java.lang.reflect.Method.invoke(Method.java:566)
at org.testng.internal.invokers.MethodInvocationHelper.invokeMethod(MethodInvocationHelper.java:135)
at org.testng.internal.invokers.TestInvoker.invokeMethod(TestInvoker.java:673)
at org.testng.internal.invokers.TestInvoker.invokeTestMethod(TestInvoker.java:220)
at org.testng.internal.invokers.MethodRunner.runInSequence(MethodRunner.java:50)
at org.testng.internal.invokers.TestInvoker$MethodInvocationAgent.invoke(TestInvoker.java:945)
at org.testng.internal.invokers.TestInvoker.invokeTestMethods(TestInvoker.java:193)
at org.testng.internal.invokers.TestMethodWorker.invokeTestMethods(TestMethodWorker.java:146)
at org.testng.internal.invokers.TestMethodWorker.run(TestMethodWorker.java:128)
at java.base/java.util.ArrayList.forEach(ArrayList.java:1541)
at org.testng.TestRunner.privateRun(TestRunner.java:808)
at org.testng.TestRunner.run(TestRunner.java:603)
at org.testng.SuiteRunner.runTest(SuiteRunner.java:429)
at org.testng.SuiteRunner.runSequentially(SuiteRunner.java:423)
at org.testng.SuiteRunner.privateRun(SuiteRunner.java:383)
at org.testng.SuiteRunner.run(SuiteRunner.java:326)
at org.testng.SuiteRunnerWorker.runSuite(SuiteRunnerWorker.java:52)
at org.testng.SuiteRunnerWorker.run(SuiteRunnerWorker.java:95)
at org.testng.TestNG.runSuitesSequentially(TestNG.java:1249)
at org.testng.TestNG.runSuitesLocally(TestNG.java:1169)
at org.testng.TestNG.runSuites(TestNG.java:1092)
at org.testng.TestNG.run(TestNG.java:1060)
at org.apache.maven.surefire.testng.TestNGExecutor.run(TestNGExecutor.java:324)
at org.apache.maven.surefire.testng.TestNGXmlTestSuite.execute(TestNGXmlTestSuite.java:74)
at org.apache.maven.surefire.testng.TestNGProvider.invoke(TestNGProvider.java:123)
at org.apache.maven.surefire.booter.ForkedBooter.runSuitesInProcess(ForkedBooter.java:456)
at org.apache.maven.surefire.booter.ForkedBooter.execute(ForkedBooter.java:169)
at org.apache.maven.surefire.booter.ForkedBooter.run(ForkedBooter.java:595)
at org.apache.maven.surefire.booter.ForkedBooter.main(ForkedBooter.java:581)
]]>
            </full-stacktrace>
          </exception> <!-- java.lang.AssertionError -->
          <reporter-output>
          </reporter-output>
        </test-method> <!-- customerBookingTest -->
        <test-method is-config="true" signature="closeBrowser()[pri:0, instance:skyfoxapp.testcases.customerBookingTest.ValidateAdminBookingPhnNumberFieldTest@2034b64c]" started-at="2022-08-18T10:30:44 IST" name="closeBrowser" finished-at="2022-08-18T10:30:44 IST" duration-ms="109" status="PASS">
          <reporter-output>
          </reporter-output>
        </test-method> <!-- closeBrowser -->
      </class> <!-- skyfoxapp.testcases.customerBookingTest.ValidateAdminBookingPhnNumberFieldTest -->
    </test> <!-- ValidateAdminBookingPhoneNumberTest -->
    <test started-at="2022-08-18T10:30:49 IST" name="ValidateAdminBookingEmailTest" finished-at="2022-08-18T10:30:59 IST" duration-ms="10256">
      <class name="skyfoxapp.testcases.customerBookingTest.ValidateAdminBookingEmailTest">
        <test-method is-config="true" signature="openBrowser()[pri:0, instance:skyfoxapp.testcases.customerBookingTest.ValidateAdminBookingEmailTest@1cf6d1be]" started-at="2022-08-18T10:30:49 IST" name="openBrowser" finished-at="2022-08-18T10:30:50 IST" duration-ms="1546" status="PASS">
          <reporter-output>
          </reporter-output>
        </test-method> <!-- openBrowser -->
        <test-method signature="customerBookingTest(java.lang.String,java.lang.String,java.lang.String,java.lang.String,java.lang.String,java.lang.String)[pri:1, instance:skyfoxapp.testcases.customerBookingTest.ValidateAdminBookingEmailTest@1cf6d1be]" started-at="2022-08-18T10:30:50 IST" name="customerBookingTest" finished-at="2022-08-18T10:30:59 IST" duration-ms="8598" status="PASS">
          <params>
            <param index="0">
              <value>
                <![CDATA[Karthinivash]]>
              </value>
            </param>
            <param index="1">
              <value>
                <![CDATA[Gurleen@2]]>
              </value>
            </param>
            <param index="2">
              <value>
                <![CDATA[]]>
              </value>
            </param>
            <param index="3">
              <value>
                <![CDATA[Krupa]]>
              </value>
            </param>
            <param index="4">
              <value>
                <![CDATA[6123457890]]>
              </value>
            </param>
            <param index="5">
              <value>
                <![CDATA[krupa]]>
              </value>
            </param>
          </params>
          <reporter-output>
          </reporter-output>
        </test-method> <!-- customerBookingTest -->
        <test-method is-config="true" signature="closeBrowser()[pri:0, instance:skyfoxapp.testcases.customerBookingTest.ValidateAdminBookingEmailTest@1cf6d1be]" started-at="2022-08-18T10:30:59 IST" name="closeBrowser" finished-at="2022-08-18T10:30:59 IST" duration-ms="110" status="PASS">
          <reporter-output>
          </reporter-output>
        </test-method> <!-- closeBrowser -->
      </class> <!-- skyfoxapp.testcases.customerBookingTest.ValidateAdminBookingEmailTest -->
    </test> <!-- ValidateAdminBookingEmailTest -->
  </suite> <!-- AllTests -->
</testng-results>
