<!DOCTYPE html>
<!--
 | Generated by Apache Maven Doxia Site Renderer 1.11.1 at 2022-08-12

 | Rendered using Apache Maven Default Skin
-->
<html xmlns="http://www.w3.org/1999/xhtml" xml:lang="en" lang="en">
  <head>
    <meta charset="UTF-8" />
    <meta name="viewport" content="width=device-width, initial-scale=1.0" />
    <meta name="generator" content="Apache Maven Doxia Site Renderer 1.11.1" />
    <title>Surefire Report</title>
    <link rel="stylesheet" href="./css/maven-base.css" />
    <link rel="stylesheet" href="./css/maven-theme.css" />
    <link rel="stylesheet" href="./css/site.css" />
    <link rel="stylesheet" href="./css/print.css" media="print" />
  </head>
  <body class="composite">
    <div id="banner">
      <div class="clear">
        <hr/>
      </div>
    </div>
    <div id="breadcrumbs">
      <div class="xleft">
        <span id="publishDate">Last Published: 2022-08-12</span>
           | <span id="projectVersion">Version: 1.0-SNAPSHOT</span>
      </div>
      <div class="xright">      </div>
      <div class="clear">
        <hr/>
      </div>
    </div>
    <div id="leftColumn">
      <div id="navcolumn">
      <a href="http://maven.apache.org/" title="Built by Maven" class="poweredBy">
        <img class="poweredBy" alt="Built by Maven" src="./images/logos/maven-feather.png" />
      </a>
      </div>
    </div>
    <div id="bodyColumn">
      <div id="contentBox">
<script type="application/javascript">
//<![CDATA[
function toggleDisplay(elementId) {
 var elm = document.getElementById(elementId + '-error');
 if (elm == null) {
  elm = document.getElementById(elementId + '-failure');
 }
 if (elm && typeof elm.style != "undefined") {
  if (elm.style.display == "none") {
   elm.style.display = "";
   document.getElementById(elementId + '-off').style.display = "none";
   document.getElementById(elementId + '-on').style.display = "inline";
  } else if (elm.style.display == "") {   elm.style.display = "none";
   document.getElementById(elementId + '-off').style.display = "inline";
   document.getElementById(elementId + '-on').style.display = "none";
  } 
 } 
 }
//]]>
</script><section>
<h2><a name="Surefire_Report"></a>Surefire Report</h2></section><section>
<h2><a name="Summary"></a>Summary</h2><a name="Summary"></a>
<p>[<a href="#Summary">Summary</a>] [<a href="#Package_List">Package List</a>] [<a href="#Test_Cases">Test Cases</a>]</p><br />
<table border="1" class="bodyTable">
<tr class="a">
<th>Tests</th>
<th>Errors</th>
<th>Failures</th>
<th>Skipped</th>
<th>Success Rate</th>
<th>Time</th></tr>
<tr class="b">
<td align="left">25</td>
<td align="left">0</td>
<td align="left">2</td>
<td align="left">0</td>
<td align="left">92%</td>
<td align="left">97.107</td></tr></table><br />
<p>Note: failures are anticipated and checked for with assertions while errors are unanticipated.</p><br /></section><section>
<h2><a name="Package_List"></a>Package List</h2><a name="Package_List"></a>
<p>[<a href="#Summary">Summary</a>] [<a href="#Package_List">Package List</a>] [<a href="#Test_Cases">Test Cases</a>]</p><br />
<table border="1" class="bodyTable">
<tr class="a">
<th>Package</th>
<th>Tests</th>
<th>Errors</th>
<th>Failures</th>
<th>Skipped</th>
<th>Success Rate</th>
<th>Time</th></tr>
<tr class="b">
<td align="left"><a href="#skyfoxapp.testcases.customersignuptest">skyfoxapp.testcases.customersignuptest</a></td>
<td align="left">14</td>
<td align="left">0</td>
<td align="left">1</td>
<td align="left">0</td>
<td align="left">92.857%</td>
<td align="left">48.018</td></tr>
<tr class="a">
<td align="left"><a href="#skyfoxapp.testcases.changepasswordtest">skyfoxapp.testcases.changepasswordtest</a></td>
<td align="left">5</td>
<td align="left">0</td>
<td align="left">0</td>
<td align="left">0</td>
<td align="left">100%</td>
<td align="left">17.984</td></tr>
<tr class="b">
<td align="left"><a href="#skyfoxapp.testcases.addMovieScheduleTest">skyfoxapp.testcases.addMovieScheduleTest</a></td>
<td align="left">2</td>
<td align="left">0</td>
<td align="left">0</td>
<td align="left">0</td>
<td align="left">100%</td>
<td align="left">21.293</td></tr>
<tr class="a">
<td align="left"><a href="#skyfoxapp.testcases.loginpagetest">skyfoxapp.testcases.loginpagetest</a></td>
<td align="left">3</td>
<td align="left">0</td>
<td align="left">0</td>
<td align="left">0</td>
<td align="left">100%</td>
<td align="left">7.641</td></tr>
<tr class="b">
<td align="left"><a href="#skyfoxapp.testcases.viewmovieposter">skyfoxapp.testcases.viewmovieposter</a></td>
<td align="left">1</td>
<td align="left">0</td>
<td align="left">1</td>
<td align="left">0</td>
<td align="left">0%</td>
<td align="left">2.171</td></tr></table><br />
<p>Note: package statistics are not computed recursively, they only sum up all of its testsuites numbers.</p><section>
<h3><a name="skyfoxapp.testcases.customersignuptest"></a>skyfoxapp.testcases.customersignuptest</h3><a name="skyfoxapp.testcases.customersignuptest"></a>
<table border="1" class="bodyTable">
<tr class="a">
<th></th>
<th>Class</th>
<th>Tests</th>
<th>Errors</th>
<th>Failures</th>
<th>Skipped</th>
<th>Success Rate</th>
<th>Time</th></tr>
<tr class="b">
<td align="left"><a href="#skyfoxapp.testcases.customersignuptest.ValidatingAllFieldsPositiveTest"><figure><img src="images/icon_success_sml.gif" alt="" /></figure></a></td>
<td align="left"><a href="#skyfoxapp.testcases.customersignuptest.ValidatingAllFieldsPositiveTest">ValidatingAllFieldsPositiveTest</a></td>
<td align="left">1</td>
<td align="left">0</td>
<td align="left">0</td>
<td align="left">0</td>
<td align="left">100%</td>
<td align="left">4.628</td></tr>
<tr class="a">
<td align="left"><a href="#skyfoxapp.testcases.customersignuptest.ValidatingAllFieldsNegativeTest"><figure><img src="images/icon_warning_sml.gif" alt="" /></figure></a></td>
<td align="left"><a href="#skyfoxapp.testcases.customersignuptest.ValidatingAllFieldsNegativeTest">ValidatingAllFieldsNegativeTest</a></td>
<td align="left">1</td>
<td align="left">0</td>
<td align="left">1</td>
<td align="left">0</td>
<td align="left">0%</td>
<td align="left">2.561</td></tr>
<tr class="b">
<td align="left"><a href="#skyfoxapp.testcases.customersignuptest.ValidatingAlreadyExistingUsernameTest"><figure><img src="images/icon_success_sml.gif" alt="" /></figure></a></td>
<td align="left"><a href="#skyfoxapp.testcases.customersignuptest.ValidatingAlreadyExistingUsernameTest">ValidatingAlreadyExistingUsernameTest</a></td>
<td align="left">1</td>
<td align="left">0</td>
<td align="left">0</td>
<td align="left">0</td>
<td align="left">100%</td>
<td align="left">4.73</td></tr>
<tr class="a">
<td align="left"><a href="#skyfoxapp.testcases.customersignuptest.ValidatingEmailIdTest"><figure><img src="images/icon_success_sml.gif" alt="" /></figure></a></td>
<td align="left"><a href="#skyfoxapp.testcases.customersignuptest.ValidatingEmailIdTest">ValidatingEmailIdTest</a></td>
<td align="left">2</td>
<td align="left">0</td>
<td align="left">0</td>
<td align="left">0</td>
<td align="left">100%</td>
<td align="left">7.453</td></tr>
<tr class="b">
<td align="left"><a href="#skyfoxapp.testcases.customersignuptest.ValidatingMobileNumberTest"><figure><img src="images/icon_success_sml.gif" alt="" /></figure></a></td>
<td align="left"><a href="#skyfoxapp.testcases.customersignuptest.ValidatingMobileNumberTest">ValidatingMobileNumberTest</a></td>
<td align="left">2</td>
<td align="left">0</td>
<td align="left">0</td>
<td align="left">0</td>
<td align="left">100%</td>
<td align="left">7.386</td></tr>
<tr class="a">
<td align="left"><a href="#skyfoxapp.testcases.customersignuptest.ValidatingPasswordTest"><figure><img src="images/icon_success_sml.gif" alt="" /></figure></a></td>
<td align="left"><a href="#skyfoxapp.testcases.customersignuptest.ValidatingPasswordTest">ValidatingPasswordTest</a></td>
<td align="left">6</td>
<td align="left">0</td>
<td align="left">0</td>
<td align="left">0</td>
<td align="left">100%</td>
<td align="left">16.138</td></tr>
<tr class="b">
<td align="left"><a href="#skyfoxapp.testcases.customersignuptest.ValidatingConfirmPasswordtTest"><figure><img src="images/icon_success_sml.gif" alt="" /></figure></a></td>
<td align="left"><a href="#skyfoxapp.testcases.customersignuptest.ValidatingConfirmPasswordtTest">ValidatingConfirmPasswordtTest</a></td>
<td align="left">1</td>
<td align="left">0</td>
<td align="left">0</td>
<td align="left">0</td>
<td align="left">100%</td>
<td align="left">5.122</td></tr></table></section><section>
<h3><a name="skyfoxapp.testcases.changepasswordtest"></a>skyfoxapp.testcases.changepasswordtest</h3><a name="skyfoxapp.testcases.changepasswordtest"></a>
<table border="1" class="bodyTable">
<tr class="a">
<th></th>
<th>Class</th>
<th>Tests</th>
<th>Errors</th>
<th>Failures</th>
<th>Skipped</th>
<th>Success Rate</th>
<th>Time</th></tr>
<tr class="b">
<td align="left"><a href="#skyfoxapp.testcases.changepasswordtest.PositiveChangePasswordTest"><figure><img src="images/icon_success_sml.gif" alt="" /></figure></a></td>
<td align="left"><a href="#skyfoxapp.testcases.changepasswordtest.PositiveChangePasswordTest">PositiveChangePasswordTest</a></td>
<td align="left">1</td>
<td align="left">0</td>
<td align="left">0</td>
<td align="left">0</td>
<td align="left">100%</td>
<td align="left">4.984</td></tr>
<tr class="a">
<td align="left"><a href="#skyfoxapp.testcases.changepasswordtest.ValidateNewPasswordTest"><figure><img src="images/icon_success_sml.gif" alt="" /></figure></a></td>
<td align="left"><a href="#skyfoxapp.testcases.changepasswordtest.ValidateNewPasswordTest">ValidateNewPasswordTest</a></td>
<td align="left">1</td>
<td align="left">0</td>
<td align="left">0</td>
<td align="left">0</td>
<td align="left">100%</td>
<td align="left">2.807</td></tr>
<tr class="b">
<td align="left"><a href="#skyfoxapp.testcases.changepasswordtest.ValidateConfirmPasswordTest"><figure><img src="images/icon_success_sml.gif" alt="" /></figure></a></td>
<td align="left"><a href="#skyfoxapp.testcases.changepasswordtest.ValidateConfirmPasswordTest">ValidateConfirmPasswordTest</a></td>
<td align="left">1</td>
<td align="left">0</td>
<td align="left">0</td>
<td align="left">0</td>
<td align="left">100%</td>
<td align="left">2.706</td></tr>
<tr class="a">
<td align="left"><a href="#skyfoxapp.testcases.changepasswordtest.ValidatePreviousPasswordTest"><figure><img src="images/icon_success_sml.gif" alt="" /></figure></a></td>
<td align="left"><a href="#skyfoxapp.testcases.changepasswordtest.ValidatePreviousPasswordTest">ValidatePreviousPasswordTest</a></td>
<td align="left">1</td>
<td align="left">0</td>
<td align="left">0</td>
<td align="left">0</td>
<td align="left">100%</td>
<td align="left">3.708</td></tr>
<tr class="b">
<td align="left"><a href="#skyfoxapp.testcases.changepasswordtest.ValidateInvalidCurrentPasswordTest"><figure><img src="images/icon_success_sml.gif" alt="" /></figure></a></td>
<td align="left"><a href="#skyfoxapp.testcases.changepasswordtest.ValidateInvalidCurrentPasswordTest">ValidateInvalidCurrentPasswordTest</a></td>
<td align="left">1</td>
<td align="left">0</td>
<td align="left">0</td>
<td align="left">0</td>
<td align="left">100%</td>
<td align="left">3.779</td></tr></table></section><section>
<h3><a name="skyfoxapp.testcases.addMovieScheduleTest"></a>skyfoxapp.testcases.addMovieScheduleTest</h3><a name="skyfoxapp.testcases.addMovieScheduleTest"></a>
<table border="1" class="bodyTable">
<tr class="a">
<th></th>
<th>Class</th>
<th>Tests</th>
<th>Errors</th>
<th>Failures</th>
<th>Skipped</th>
<th>Success Rate</th>
<th>Time</th></tr>
<tr class="b">
<td align="left"><a href="#skyfoxapp.testcases.addMovieScheduleTest.PositiveScheduleTest"><figure><img src="images/icon_success_sml.gif" alt="" /></figure></a></td>
<td align="left"><a href="#skyfoxapp.testcases.addMovieScheduleTest.PositiveScheduleTest">PositiveScheduleTest</a></td>
<td align="left">1</td>
<td align="left">0</td>
<td align="left">0</td>
<td align="left">0</td>
<td align="left">100%</td>
<td align="left">11.574</td></tr>
<tr class="a">
<td align="left"><a href="#skyfoxapp.testcases.addMovieScheduleTest.NegativeScheduleTest"><figure><img src="images/icon_success_sml.gif" alt="" /></figure></a></td>
<td align="left"><a href="#skyfoxapp.testcases.addMovieScheduleTest.NegativeScheduleTest">NegativeScheduleTest</a></td>
<td align="left">1</td>
<td align="left">0</td>
<td align="left">0</td>
<td align="left">0</td>
<td align="left">100%</td>
<td align="left">9.719</td></tr></table></section><section>
<h3><a name="skyfoxapp.testcases.loginpagetest"></a>skyfoxapp.testcases.loginpagetest</h3><a name="skyfoxapp.testcases.loginpagetest"></a>
<table border="1" class="bodyTable">
<tr class="a">
<th></th>
<th>Class</th>
<th>Tests</th>
<th>Errors</th>
<th>Failures</th>
<th>Skipped</th>
<th>Success Rate</th>
<th>Time</th></tr>
<tr class="b">
<td align="left"><a href="#skyfoxapp.testcases.loginpagetest.PositiveLoginTest"><figure><img src="images/icon_success_sml.gif" alt="" /></figure></a></td>
<td align="left"><a href="#skyfoxapp.testcases.loginpagetest.PositiveLoginTest">PositiveLoginTest</a></td>
<td align="left">1</td>
<td align="left">0</td>
<td align="left">0</td>
<td align="left">0</td>
<td align="left">100%</td>
<td align="left">1.184</td></tr>
<tr class="a">
<td align="left"><a href="#skyfoxapp.testcases.loginpagetest.NegativeLoginTest"><figure><img src="images/icon_success_sml.gif" alt="" /></figure></a></td>
<td align="left"><a href="#skyfoxapp.testcases.loginpagetest.NegativeLoginTest">NegativeLoginTest</a></td>
<td align="left">2</td>
<td align="left">0</td>
<td align="left">0</td>
<td align="left">0</td>
<td align="left">100%</td>
<td align="left">6.457</td></tr></table></section><section>
<h3><a name="skyfoxapp.testcases.viewmovieposter"></a>skyfoxapp.testcases.viewmovieposter</h3><a name="skyfoxapp.testcases.viewmovieposter"></a>
<table border="1" class="bodyTable">
<tr class="a">
<th></th>
<th>Class</th>
<th>Tests</th>
<th>Errors</th>
<th>Failures</th>
<th>Skipped</th>
<th>Success Rate</th>
<th>Time</th></tr>
<tr class="b">
<td align="left"><a href="#skyfoxapp.testcases.viewmovieposter.PositiveViewMoviePoster"><figure><img src="images/icon_warning_sml.gif" alt="" /></figure></a></td>
<td align="left"><a href="#skyfoxapp.testcases.viewmovieposter.PositiveViewMoviePoster">PositiveViewMoviePoster</a></td>
<td align="left">1</td>
<td align="left">0</td>
<td align="left">1</td>
<td align="left">0</td>
<td align="left">0%</td>
<td align="left">2.171</td></tr></table></section><br /></section><section>
<h2><a name="Test_Cases"></a>Test Cases</h2><a name="Test_Cases"></a>
<p>[<a href="#Summary">Summary</a>] [<a href="#Package_List">Package List</a>] [<a href="#Test_Cases">Test Cases</a>]</p><section>
<h3><a name="PositiveLoginTest"></a>PositiveLoginTest</h3><a name="skyfoxapp.testcases.loginpagetest.PositiveLoginTest"></a>
<table border="1" class="bodyTable">
<tr class="a">
<td align="left"><figure><img src="images/icon_success_sml.gif" alt="" /></figure></td>
<td align="left"><a name="TC_skyfoxapp.testcases.loginpagetest.PositiveLoginTest.loginPageTestKarthinivash_Gurleen21"></a>loginPageTest[Karthinivash, Gurleen@2](1)</td>
<td align="left">1.184</td></tr></table></section><section>
<h3><a name="NegativeLoginTest"></a>NegativeLoginTest</h3><a name="skyfoxapp.testcases.loginpagetest.NegativeLoginTest"></a>
<table border="1" class="bodyTable">
<tr class="a">
<td align="left"><figure><img src="images/icon_success_sml.gif" alt="" /></figure></td>
<td align="left"><a name="TC_skyfoxapp.testcases.loginpagetest.NegativeLoginTest.loginPageTestKarthinivah_Gurleen2_Login_failed1"></a>loginPageTest[Karthinivah, Gurleen@2, Login failed](1)</td>
<td align="left">3.231</td></tr>
<tr class="b">
<td align="left"><figure><img src="images/icon_success_sml.gif" alt="" /></figure></td>
<td align="left"><a name="TC_skyfoxapp.testcases.loginpagetest.NegativeLoginTest.loginPageTestKarthinivash_Gurleen1_Login_failed1"></a>loginPageTest[Karthinivash, Gurleen@1, Login failed](1)</td>
<td align="left">3.226</td></tr></table></section><section>
<h3><a name="ValidatingAllFieldsPositiveTest"></a>ValidatingAllFieldsPositiveTest</h3><a name="skyfoxapp.testcases.customersignuptest.ValidatingAllFieldsPositiveTest"></a>
<table border="1" class="bodyTable">
<tr class="a">
<td align="left"><figure><img src="images/icon_success_sml.gif" alt="" /></figure></td>
<td align="left"><a name="TC_skyfoxapp.testcases.customersignuptest.ValidatingAllFieldsPositiveTest.customerSignupPageTestaswini_aswini10_aswinigmail.com_9067834521_Aswini.1_Aswini.11"></a>customerSignupPageTest[aswini, aswini10, aswini@gmail.com, 9067834521, Aswini.1, Aswini.1](1)</td>
<td align="left">4.628</td></tr></table></section><section>
<h3><a name="ValidatingAllFieldsNegativeTest"></a>ValidatingAllFieldsNegativeTest</h3><a name="skyfoxapp.testcases.customersignuptest.ValidatingAllFieldsNegativeTest"></a>
<table border="1" class="bodyTable">
<tr class="a">
<td align="left"><a href="#skyfoxapp.testcases.customersignuptest.ValidatingAllFieldsNegativeTest.customerSignupPageTest______Name_is_required_Username_is_required_Email_is_required_Mobile_number_is_required_Password_is_required_Password_is_required1"><figure><img src="images/icon_error_sml.gif" alt="" /></figure></a></td>
<td align="left"><a name="TC_skyfoxapp.testcases.customersignuptest.ValidatingAllFieldsNegativeTest.customerSignupPageTest______Name_is_required_Username_is_required_Email_is_required_Mobile_number_is_required_Password_is_required_Password_is_required1"></a><a href="#skyfoxapp.testcases.customersignuptest.ValidatingAllFieldsNegativeTest.customerSignupPageTest______Name_is_required_Username_is_required_Email_is_required_Mobile_number_is_required_Password_is_required_Password_is_required1">customerSignupPageTest[, , , , , , Name is required, Username is required, Email is required, Mobile number is required, Password is required, Password is required](1)</a>
<div class="detailToggle" style="display:inline"><a href="javascript:toggleDisplay('skyfoxapp.testcases.customersignuptest.ValidatingAllFieldsNegativeTest.customerSignupPageTest______Name_is_required_Username_is_required_Email_is_required_Mobile_number_is_required_Password_is_required_Password_is_required1');"><span style="display:inline;" id="skyfoxapp.testcases.customersignuptest.ValidatingAllFieldsNegativeTest.customerSignupPageTest______Name_is_required_Username_is_required_Email_is_required_Mobile_number_is_required_Password_is_required_Password_is_required1-off"> + </span><span style="display:none;" id="skyfoxapp.testcases.customersignuptest.ValidatingAllFieldsNegativeTest.customerSignupPageTest______Name_is_required_Username_is_required_Email_is_required_Mobile_number_is_required_Password_is_required_Password_is_required1-on"> - </span>[ Detail ]</a></div></td>
<td align="left">2.561</td></tr>
<tr class="b">
<td align="left"></td>
<td align="left">no such element: Unable to locate element: {&quot;method&quot;:&quot;xpath&quot;,&quot;selector&quot;:&quot;//*[@id=&quot;root&quot;]/div/div/div[2]/div/form/div[1]/p&quot;}
  (Session info: chrome=104.0.5112.79)
For documentation on this error, please visit: https://selenium.dev/exceptions/#no_such_element
Build info: version: '4.3.0', revision: 'a4995e2c09*'
System info: host: 'Karthinivashs-MacBook-Pro.local', ip: '2409:4072:6e87:62e0:cc2f:cc05:dcbf:b3d6%en0', os.name: 'Mac OS X', os.arch: 'aarch64', os.version: '12.5', java.version: '11.0.14'
Driver info: org.openqa.selenium.chrome.ChromeDriver
Command: [5753ada09465ce45f3d4684debac7c27, findElement {using=xpath, value=//*[@id=&quot;root&quot;]/div/div/div[2]/div/form/div[1]/p}]
Capabilities {acceptInsecureCerts: false, browserName: chrome, browserVersion: 104.0.5112.79, chrome: {chromedriverVersion: 103.0.5060.53 (a1711811edd7..., userDataDir: /var/folders/rk/nc47h4sd47l...}, goog:chromeOptions: {debuggerAddress: localhost:49885}, networkConnectionEnabled: false, pageLoadStrategy: normal, platformName: MAC, proxy: Proxy(), se:cdp: ws://localhost:49885/devtoo..., se:cdpVersion: 104.0.5112.79, setWindowRect: true, strictFileInteractability: false, timeouts: {implicit: 0, pageLoad: 300000, script: 30000}, unhandledPromptBehavior: dismiss and notify, webauthn:extension:credBlob: true, webauthn:extension:largeBlob: true, webauthn:virtualAuthenticators: true}
Session ID: 5753ada09465ce45f3d4684debac7c27</td>
<td align="left"></td></tr>
<tr class="a">
<td align="left"></td>
<td align="left">
<div id="skyfoxapp.testcases.customersignuptest.ValidatingAllFieldsNegativeTest.customerSignupPageTest______Name_is_required_Username_is_required_Email_is_required_Mobile_number_is_required_Password_is_required_Password_is_required1-failure" style="display:none;">
<div>
<pre>org.openqa.selenium.NoSuchElementException: 
no such element: Unable to locate element: {&quot;method&quot;:&quot;xpath&quot;,&quot;selector&quot;:&quot;//*[@id=&quot;root&quot;]/div/div/div[2]/div/form/div[1]/p&quot;}
  (Session info: chrome=104.0.5112.79)
For documentation on this error, please visit: https://selenium.dev/exceptions/#no_such_element
Build info: version: '4.3.0', revision: 'a4995e2c09*'
System info: host: 'Karthinivashs-MacBook-Pro.local', ip: '2409:4072:6e87:62e0:cc2f:cc05:dcbf:b3d6%en0', os.name: 'Mac OS X', os.arch: 'aarch64', os.version: '12.5', java.version: '11.0.14'
Driver info: org.openqa.selenium.chrome.ChromeDriver
Command: [5753ada09465ce45f3d4684debac7c27, findElement {using=xpath, value=//*[@id=&quot;root&quot;]/div/div/div[2]/div/form/div[1]/p}]
Capabilities {acceptInsecureCerts: false, browserName: chrome, browserVersion: 104.0.5112.79, chrome: {chromedriverVersion: 103.0.5060.53 (a1711811edd7..., userDataDir: /var/folders/rk/nc47h4sd47l...}, goog:chromeOptions: {debuggerAddress: localhost:49885}, networkConnectionEnabled: false, pageLoadStrategy: normal, platformName: MAC, proxy: Proxy(), se:cdp: ws://localhost:49885/devtoo..., se:cdpVersion: 104.0.5112.79, setWindowRect: true, strictFileInteractability: false, timeouts: {implicit: 0, pageLoad: 300000, script: 30000}, unhandledPromptBehavior: dismiss and notify, webauthn:extension:credBlob: true, webauthn:extension:largeBlob: true, webauthn:virtualAuthenticators: true}
Session ID: 5753ada09465ce45f3d4684debac7c27
	at java.base/jdk.internal.reflect.NativeConstructorAccessorImpl.newInstance0(Native Method)
	at java.base/jdk.internal.reflect.NativeConstructorAccessorImpl.newInstance(NativeConstructorAccessorImpl.java:62)
	at java.base/jdk.internal.reflect.DelegatingConstructorAccessorImpl.newInstance(DelegatingConstructorAccessorImpl.java:45)
	at java.base/java.lang.reflect.Constructor.newInstance(Constructor.java:490)
	at org.openqa.selenium.remote.codec.w3c.W3CHttpResponseCodec.createException(W3CHttpResponseCodec.java:200)
	at org.openqa.selenium.remote.codec.w3c.W3CHttpResponseCodec.decode(W3CHttpResponseCodec.java:133)
	at org.openqa.selenium.remote.codec.w3c.W3CHttpResponseCodec.decode(W3CHttpResponseCodec.java:53)
	at org.openqa.selenium.remote.HttpCommandExecutor.execute(HttpCommandExecutor.java:184)
	at org.openqa.selenium.remote.service.DriverCommandExecutor.invokeExecute(DriverCommandExecutor.java:167)
	at org.openqa.selenium.remote.service.DriverCommandExecutor.execute(DriverCommandExecutor.java:142)
	at org.openqa.selenium.remote.RemoteWebDriver.execute(RemoteWebDriver.java:569)
	at org.openqa.selenium.remote.ElementLocation$ElementFinder$2.findElement(ElementLocation.java:162)
	at org.openqa.selenium.remote.ElementLocation.findElement(ElementLocation.java:60)
	at org.openqa.selenium.remote.RemoteWebDriver.findElement(RemoteWebDriver.java:387)
	at org.openqa.selenium.remote.RemoteWebDriver.findElement(RemoteWebDriver.java:379)
	at org.openqa.selenium.support.pagefactory.DefaultElementLocator.findElement(DefaultElementLocator.java:70)
	at org.openqa.selenium.support.pagefactory.internal.LocatingElementHandler.invoke(LocatingElementHandler.java:39)
	at com.sun.proxy.$Proxy14.getText(Unknown Source)
	at pages.CustomerSignupPage.getErrorMessageForName(CustomerSignupPage.java:101)
	at skyfoxapp.testcases.customersignuptest.ValidatingAllFieldsNegativeTest.customerSignupPageTest(ValidatingAllFieldsNegativeTest.java:43)
	at java.base/jdk.internal.reflect.NativeMethodAccessorImpl.invoke0(Native Method)
	at java.base/jdk.internal.reflect.NativeMethodAccessorImpl.invoke(NativeMethodAccessorImpl.java:62)
	at java.base/jdk.internal.reflect.DelegatingMethodAccessorImpl.invoke(DelegatingMethodAccessorImpl.java:43)
	at java.base/java.lang.reflect.Method.invoke(Method.java:566)
	at org.testng.internal.invokers.MethodInvocationHelper.invokeMethod(MethodInvocationHelper.java:135)
	at org.testng.internal.invokers.TestInvoker.invokeMethod(TestInvoker.java:673)
	at org.testng.internal.invokers.TestInvoker.invokeTestMethod(TestInvoker.java:220)
	at org.testng.internal.invokers.MethodRunner.runInSequence(MethodRunner.java:50)
	at org.testng.internal.invokers.TestInvoker$MethodInvocationAgent.invoke(TestInvoker.java:945)
	at org.testng.internal.invokers.TestInvoker.invokeTestMethods(TestInvoker.java:193)
	at org.testng.internal.invokers.TestMethodWorker.invokeTestMethods(TestMethodWorker.java:146)
	at org.testng.internal.invokers.TestMethodWorker.run(TestMethodWorker.java:128)
	at java.base/java.util.ArrayList.forEach(ArrayList.java:1541)
	at org.testng.TestRunner.privateRun(TestRunner.java:808)
	at org.testng.TestRunner.run(TestRunner.java:603)
	at org.testng.SuiteRunner.runTest(SuiteRunner.java:429)
	at org.testng.SuiteRunner.runSequentially(SuiteRunner.java:423)
	at org.testng.SuiteRunner.privateRun(SuiteRunner.java:383)
	at org.testng.SuiteRunner.run(SuiteRunner.java:326)
	at org.testng.SuiteRunnerWorker.runSuite(SuiteRunnerWorker.java:52)
	at org.testng.SuiteRunnerWorker.run(SuiteRunnerWorker.java:95)
	at org.testng.TestNG.runSuitesSequentially(TestNG.java:1249)
	at org.testng.TestNG.runSuitesLocally(TestNG.java:1169)
	at org.testng.TestNG.runSuites(TestNG.java:1092)
	at org.testng.TestNG.run(TestNG.java:1060)
	at org.apache.maven.surefire.testng.TestNGExecutor.run(TestNGExecutor.java:324)
	at org.apache.maven.surefire.testng.TestNGXmlTestSuite.execute(TestNGXmlTestSuite.java:74)
	at org.apache.maven.surefire.testng.TestNGProvider.invoke(TestNGProvider.java:123)
	at org.apache.maven.surefire.booter.ForkedBooter.runSuitesInProcess(ForkedBooter.java:456)
	at org.apache.maven.surefire.booter.ForkedBooter.execute(ForkedBooter.java:169)
	at org.apache.maven.surefire.booter.ForkedBooter.run(ForkedBooter.java:595)
	at org.apache.maven.surefire.booter.ForkedBooter.main(ForkedBooter.java:581)
</pre></div></div></td>
<td align="left"></td></tr></table></section><section>
<h3><a name="ValidatingAlreadyExistingUsernameTest"></a>ValidatingAlreadyExistingUsernameTest</h3><a name="skyfoxapp.testcases.customersignuptest.ValidatingAlreadyExistingUsernameTest"></a>
<table border="1" class="bodyTable">
<tr class="a">
<td align="left"><figure><img src="images/icon_success_sml.gif" alt="" /></figure></td>
<td align="left"><a name="TC_skyfoxapp.testcases.customersignuptest.ValidatingAlreadyExistingUsernameTest.usernameValidityCheckingaswini_seed-user-1_aswinigmail.com_9087654123_Aswini.1_Aswini.1_A_user_with_the_username_already_exists1"></a>usernameValidityChecking[aswini, seed-user-1, aswini@gmail.com, 9087654123, Aswini.1, Aswini.1, A user with the username already exists](1)</td>
<td align="left">4.73</td></tr></table></section><section>
<h3><a name="ValidatingEmailIdTest"></a>ValidatingEmailIdTest</h3><a name="skyfoxapp.testcases.customersignuptest.ValidatingEmailIdTest"></a>
<table border="1" class="bodyTable">
<tr class="a">
<td align="left"><figure><img src="images/icon_success_sml.gif" alt="" /></figure></td>
<td align="left"><a name="TC_skyfoxapp.testcases.customersignuptest.ValidatingEmailIdTest.emailValidityCheckingaswini_aswini_aswinigmail.com_9087654123_Aswini.1_Aswini.1_Invalid_Email1"></a>emailValidityChecking[aswini, aswini, aswinigmail.com, 9087654123, Aswini.1, Aswini.1, Invalid Email](1)</td>
<td align="left">3.743</td></tr>
<tr class="b">
<td align="left"><figure><img src="images/icon_success_sml.gif" alt="" /></figure></td>
<td align="left"><a name="TC_skyfoxapp.testcases.customersignuptest.ValidatingEmailIdTest.emailValidityCheckingaswini_aswini_aswinigmailcom_9087654123_Aswini.1_Aswini.1_Invalid_Email1"></a>emailValidityChecking[aswini, aswini, aswini@gmailcom, 9087654123, Aswini.1, Aswini.1, Invalid Email](1)</td>
<td align="left">3.71</td></tr></table></section><section>
<h3><a name="ValidatingMobileNumberTest"></a>ValidatingMobileNumberTest</h3><a name="skyfoxapp.testcases.customersignuptest.ValidatingMobileNumberTest"></a>
<table border="1" class="bodyTable">
<tr class="a">
<td align="left"><figure><img src="images/icon_success_sml.gif" alt="" /></figure></td>
<td align="left"><a name="TC_skyfoxapp.testcases.customersignuptest.ValidatingMobileNumberTest.mobileNumberValidityCheckingaswini_aswini_aswinigmail.com_9087654_Aswini.1_Aswini.1_Enter_a_valid_mobile_number1"></a>mobileNumberValidityChecking[aswini, aswini, aswini@gmail.com, 9087654, Aswini.1, Aswini.1, Enter a valid mobile number](1)</td>
<td align="left">3.695</td></tr>
<tr class="b">
<td align="left"><figure><img src="images/icon_success_sml.gif" alt="" /></figure></td>
<td align="left"><a name="TC_skyfoxapp.testcases.customersignuptest.ValidatingMobileNumberTest.mobileNumberValidityCheckingaswini_aswini_aswinigmail.com_908765423456789_Aswini.1_Aswini.1_Enter_a_valid_mobile_number1"></a>mobileNumberValidityChecking[aswini, aswini, aswini@gmail.com, 908765423456789, Aswini.1, Aswini.1, Enter a valid mobile number](1)</td>
<td align="left">3.691</td></tr></table></section><section>
<h3><a name="ValidatingPasswordTest"></a>ValidatingPasswordTest</h3><a name="skyfoxapp.testcases.customersignuptest.ValidatingPasswordTest"></a>
<table border="1" class="bodyTable">
<tr class="a">
<td align="left"><figure><img src="images/icon_success_sml.gif" alt="" /></figure></td>
<td align="left"><a name="TC_skyfoxapp.testcases.customersignuptest.ValidatingPasswordTest.passwordValidityCheckingaswini_aswini_aswinigmail.com_9087654321_aswini.1_aswini.1_Password_must_contain_8-64_charactersat_least_one_uppercase_characterone_number_and_one_special_character1"></a>passwordValidityChecking[aswini, aswini, aswini@gmail.com, 9087654321, aswini.1, aswini.1, Password must contain 8-64 characters,
at least one uppercase character,
one number and one special character](1)</td>
<td align="left">2.681</td></tr>
<tr class="b">
<td align="left"><figure><img src="images/icon_success_sml.gif" alt="" /></figure></td>
<td align="left"><a name="TC_skyfoxapp.testcases.customersignuptest.ValidatingPasswordTest.passwordValidityCheckingaswini_aswini_aswinigmail.com_9087654321_Aswini.._Aswini.._Password_must_contain_8-64_charactersat_least_one_uppercase_characterone_number_and_one_special_character1"></a>passwordValidityChecking[aswini, aswini, aswini@gmail.com, 9087654321, Aswini.., Aswini.., Password must contain 8-64 characters,
at least one uppercase character,
one number and one special character](1)</td>
<td align="left">2.676</td></tr>
<tr class="a">
<td align="left"><figure><img src="images/icon_success_sml.gif" alt="" /></figure></td>
<td align="left"><a name="TC_skyfoxapp.testcases.customersignuptest.ValidatingPasswordTest.passwordValidityCheckingaswini_aswini_aswinigmail.com_9087654321_Aswini11_Aswini11_Password_must_contain_8-64_charactersat_least_one_uppercase_characterone_number_and_one_special_character1"></a>passwordValidityChecking[aswini, aswini, aswini@gmail.com, 9087654321, Aswini11, Aswini11, Password must contain 8-64 characters,
at least one uppercase character,
one number and one special character](1)</td>
<td align="left">2.68</td></tr>
<tr class="b">
<td align="left"><figure><img src="images/icon_success_sml.gif" alt="" /></figure></td>
<td align="left"><a name="TC_skyfoxapp.testcases.customersignuptest.ValidatingPasswordTest.passwordValidityCheckingaswini_aswini_aswinigmail.com_9087654321_Abc.1_Abc.1_Password_must_contain_8-64_charactersat_least_one_uppercase_characterone_number_and_one_special_character1"></a>passwordValidityChecking[aswini, aswini, aswini@gmail.com, 9087654321, Abc.1, Abc.1, Password must contain 8-64 characters,
at least one uppercase character,
one number and one special character](1)</td>
<td align="left">2.602</td></tr>
<tr class="a">
<td align="left"><figure><img src="images/icon_success_sml.gif" alt="" /></figure></td>
<td align="left"><a name="TC_skyfoxapp.testcases.customersignuptest.ValidatingPasswordTest.passwordValidityCheckingaswini_aswini_aswinigmail.com_9087654321_A_group_of_words_containing_a_subject_and_a_verb_that_expresses_a_statement_a_question_etc1._A_group_of_words_containing_a_subject_and_a_verb_that_expresses_a_statement_a_question_etc1._Password_must_contain_8-64_charactersat_least_one_uppercase_characterone_number_and_one_special_character1"></a>passwordValidityChecking[aswini, aswini, aswini@gmail.com, 9087654321, A group of words containing a subject and a verb, that expresses a statement, a question, etc1., A group of words containing a subject and a verb, that expresses a statement, a question, etc1., Password must contain 8-64 characters,
at least one uppercase character,
one number and one special character](1)</td>
<td align="left">2.924</td></tr>
<tr class="b">
<td align="left"><figure><img src="images/icon_success_sml.gif" alt="" /></figure></td>
<td align="left"><a name="TC_skyfoxapp.testcases.customersignuptest.ValidatingPasswordTest.passwordValidityCheckingaswini_aswini_aswinigmail.com_9087654321_abcdef_abcdef_Password_must_contain_8-64_charactersat_least_one_uppercase_characterone_number_and_one_special_character1"></a>passwordValidityChecking[aswini, aswini, aswini@gmail.com, 9087654321, abcdef, abcdef, Password must contain 8-64 characters,
at least one uppercase character,
one number and one special character](1)</td>
<td align="left">2.575</td></tr></table></section><section>
<h3><a name="ValidatingConfirmPasswordtTest"></a>ValidatingConfirmPasswordtTest</h3><a name="skyfoxapp.testcases.customersignuptest.ValidatingConfirmPasswordtTest"></a>
<table border="1" class="bodyTable">
<tr class="a">
<td align="left"><figure><img src="images/icon_success_sml.gif" alt="" /></figure></td>
<td align="left"><a name="TC_skyfoxapp.testcases.customersignuptest.ValidatingConfirmPasswordtTest.confirmPasswordAndPasswordMatchValidationaswini_aswini_aswinigmail.com_9087654321_Aswini.1_aswini.1_Password_and_confirm_password_do_not_match1"></a>confirmPasswordAndPasswordMatchValidation[aswini, aswini, aswini@gmail.com, 9087654321, Aswini.1, aswini.1, Password and confirm password do not match](1)</td>
<td align="left">5.122</td></tr></table></section><section>
<h3><a name="PositiveScheduleTest"></a>PositiveScheduleTest</h3><a name="skyfoxapp.testcases.addMovieScheduleTest.PositiveScheduleTest"></a>
<table border="1" class="bodyTable">
<tr class="a">
<td align="left"><figure><img src="images/icon_success_sml.gif" alt="" /></figure></td>
<td align="left"><a name="TC_skyfoxapp.testcases.addMovieScheduleTest.PositiveScheduleTest.scheduleMovieTestKarthinivash_Gurleen2_2001"></a>scheduleMovieTest[Karthinivash, Gurleen@2, 200](1)</td>
<td align="left">11.574</td></tr></table></section><section>
<h3><a name="NegativeScheduleTest"></a>NegativeScheduleTest</h3><a name="skyfoxapp.testcases.addMovieScheduleTest.NegativeScheduleTest"></a>
<table border="1" class="bodyTable">
<tr class="a">
<td align="left"><figure><img src="images/icon_success_sml.gif" alt="" /></figure></td>
<td align="left"><a name="TC_skyfoxapp.testcases.addMovieScheduleTest.NegativeScheduleTest.loginPageTestKarthinivash_Gurleen2_vmn_Invalid_cost1"></a>loginPageTest[Karthinivash, Gurleen@2, vmn, Invalid cost](1)</td>
<td align="left">9.719</td></tr></table></section><section>
<h3><a name="PositiveChangePasswordTest"></a>PositiveChangePasswordTest</h3><a name="skyfoxapp.testcases.changepasswordtest.PositiveChangePasswordTest"></a>
<table border="1" class="bodyTable">
<tr class="a">
<td align="left"><figure><img src="images/icon_success_sml.gif" alt="" /></figure></td>
<td align="left"><a name="TC_skyfoxapp.testcases.changepasswordtest.PositiveChangePasswordTest.changePasswordTestKarthinivash_Gurleen2_Gurleen2_Skyfox4_Skyfox41"></a>changePasswordTest[Karthinivash, Gurleen@2, Gurleen@2, Skyfox@4, Skyfox@4](1)</td>
<td align="left">4.984</td></tr></table></section><section>
<h3><a name="ValidateNewPasswordTest"></a>ValidateNewPasswordTest</h3><a name="skyfoxapp.testcases.changepasswordtest.ValidateNewPasswordTest"></a>
<table border="1" class="bodyTable">
<tr class="a">
<td align="left"><figure><img src="images/icon_success_sml.gif" alt="" /></figure></td>
<td align="left"><a name="TC_skyfoxapp.testcases.changepasswordtest.ValidateNewPasswordTest.changePasswordTestKarthinivash_Gurleen2_Gurleen2_Skyfox4_Skyfox41"></a>changePasswordTest[Karthinivash, Gurleen@2, Gurleen@2, Skyfox4, Skyfox4](1)</td>
<td align="left">2.807</td></tr></table></section><section>
<h3><a name="ValidateConfirmPasswordTest"></a>ValidateConfirmPasswordTest</h3><a name="skyfoxapp.testcases.changepasswordtest.ValidateConfirmPasswordTest"></a>
<table border="1" class="bodyTable">
<tr class="a">
<td align="left"><figure><img src="images/icon_success_sml.gif" alt="" /></figure></td>
<td align="left"><a name="TC_skyfoxapp.testcases.changepasswordtest.ValidateConfirmPasswordTest.changePasswordTestKarthinivash_Gurleen2_Gurleen2_Skyfox4_Skyfox41"></a>changePasswordTest[Karthinivash, Gurleen@2, Gurleen@2, Skyfox@4, Skyfox4](1)</td>
<td align="left">2.706</td></tr></table></section><section>
<h3><a name="ValidatePreviousPasswordTest"></a>ValidatePreviousPasswordTest</h3><a name="skyfoxapp.testcases.changepasswordtest.ValidatePreviousPasswordTest"></a>
<table border="1" class="bodyTable">
<tr class="a">
<td align="left"><figure><img src="images/icon_success_sml.gif" alt="" /></figure></td>
<td align="left"><a name="TC_skyfoxapp.testcases.changepasswordtest.ValidatePreviousPasswordTest.changePasswordTestKarthinivash_Gurleen2_Gurleen2_Gurleen2_Gurleen21"></a>changePasswordTest[Karthinivash, Gurleen@2, Gurleen@2, Gurleen@2, Gurleen@2](1)</td>
<td align="left">3.708</td></tr></table></section><section>
<h3><a name="ValidateInvalidCurrentPasswordTest"></a>ValidateInvalidCurrentPasswordTest</h3><a name="skyfoxapp.testcases.changepasswordtest.ValidateInvalidCurrentPasswordTest"></a>
<table border="1" class="bodyTable">
<tr class="a">
<td align="left"><figure><img src="images/icon_success_sml.gif" alt="" /></figure></td>
<td align="left"><a name="TC_skyfoxapp.testcases.changepasswordtest.ValidateInvalidCurrentPasswordTest.changePasswordTestKarthinivash_Gurleen2_Skyfox4_Skyfox5_Skyfox51"></a>changePasswordTest[Karthinivash, Gurleen@2, Skyfox@4, Skyfox@5, Skyfox@5](1)</td>
<td align="left">3.779</td></tr></table></section><section>
<h3><a name="PositiveViewMoviePoster"></a>PositiveViewMoviePoster</h3><a name="skyfoxapp.testcases.viewmovieposter.PositiveViewMoviePoster"></a>
<table border="1" class="bodyTable">
<tr class="a">
<td align="left"><a href="#skyfoxapp.testcases.viewmovieposter.PositiveViewMoviePoster.viewMoviePosterKarthinivash_Gurleen21"><figure><img src="images/icon_error_sml.gif" alt="" /></figure></a></td>
<td align="left"><a name="TC_skyfoxapp.testcases.viewmovieposter.PositiveViewMoviePoster.viewMoviePosterKarthinivash_Gurleen21"></a><a href="#skyfoxapp.testcases.viewmovieposter.PositiveViewMoviePoster.viewMoviePosterKarthinivash_Gurleen21">viewMoviePoster[Karthinivash, Gurleen@2](1)</a>
<div class="detailToggle" style="display:inline"><a href="javascript:toggleDisplay('skyfoxapp.testcases.viewmovieposter.PositiveViewMoviePoster.viewMoviePosterKarthinivash_Gurleen21');"><span style="display:inline;" id="skyfoxapp.testcases.viewmovieposter.PositiveViewMoviePoster.viewMoviePosterKarthinivash_Gurleen21-off"> + </span><span style="display:none;" id="skyfoxapp.testcases.viewmovieposter.PositiveViewMoviePoster.viewMoviePosterKarthinivash_Gurleen21-on"> - </span>[ Detail ]</a></div></td>
<td align="left">2.171</td></tr>
<tr class="b">
<td align="left"></td>
<td align="left">java.lang.reflect.InvocationTargetException
Build info: version: '4.3.0', revision: 'a4995e2c09*'
System info: host: 'Karthinivashs-MacBook-Pro.local', ip: '2409:4072:6e87:62e0:cc2f:cc05:dcbf:b3d6%en0', os.name: 'Mac OS X', os.arch: 'aarch64', os.version: '12.5', java.version: '11.0.14'
Driver info: org.openqa.selenium.chrome.ChromeDriver
Command: [4abf44e2d12f27d5b530025c26f1b941, actions {actions=[org.openqa.selenium.interactions.Sequence@2568611c]}]
Capabilities {acceptInsecureCerts: false, browserName: chrome, browserVersion: 104.0.5112.79, chrome: {chromedriverVersion: 103.0.5060.53 (a1711811edd7..., userDataDir: /var/folders/rk/nc47h4sd47l...}, goog:chromeOptions: {debuggerAddress: localhost:52214}, networkConnectionEnabled: false, pageLoadStrategy: normal, platformName: MAC, proxy: Proxy(), se:cdp: ws://localhost:52214/devtoo..., se:cdpVersion: 104.0.5112.79, setWindowRect: true, strictFileInteractability: false, timeouts: {implicit: 0, pageLoad: 300000, script: 30000}, unhandledPromptBehavior: dismiss and notify, webauthn:extension:credBlob: true, webauthn:extension:largeBlob: true, webauthn:virtualAuthenticators: true}
Session ID: 4abf44e2d12f27d5b530025c26f1b941</td>
<td align="left"></td></tr>
<tr class="a">
<td align="left"></td>
<td align="left">
<div id="skyfoxapp.testcases.viewmovieposter.PositiveViewMoviePoster.viewMoviePosterKarthinivash_Gurleen21-failure" style="display:none;">
<div>
<pre>org.openqa.selenium.json.JsonException: 
java.lang.reflect.InvocationTargetException
Build info: version: '4.3.0', revision: 'a4995e2c09*'
System info: host: 'Karthinivashs-MacBook-Pro.local', ip: '2409:4072:6e87:62e0:cc2f:cc05:dcbf:b3d6%en0', os.name: 'Mac OS X', os.arch: 'aarch64', os.version: '12.5', java.version: '11.0.14'
Driver info: org.openqa.selenium.chrome.ChromeDriver
Command: [4abf44e2d12f27d5b530025c26f1b941, actions {actions=[org.openqa.selenium.interactions.Sequence@2568611c]}]
Capabilities {acceptInsecureCerts: false, browserName: chrome, browserVersion: 104.0.5112.79, chrome: {chromedriverVersion: 103.0.5060.53 (a1711811edd7..., userDataDir: /var/folders/rk/nc47h4sd47l...}, goog:chromeOptions: {debuggerAddress: localhost:52214}, networkConnectionEnabled: false, pageLoadStrategy: normal, platformName: MAC, proxy: Proxy(), se:cdp: ws://localhost:52214/devtoo..., se:cdpVersion: 104.0.5112.79, setWindowRect: true, strictFileInteractability: false, timeouts: {implicit: 0, pageLoad: 300000, script: 30000}, unhandledPromptBehavior: dismiss and notify, webauthn:extension:credBlob: true, webauthn:extension:largeBlob: true, webauthn:virtualAuthenticators: true}
Session ID: 4abf44e2d12f27d5b530025c26f1b941
	at org.openqa.selenium.json.JsonOutput.convertUsingMethod(JsonOutput.java:362)
	at org.openqa.selenium.json.JsonOutput.lambda$new$16(JsonOutput.java:154)
	at org.openqa.selenium.json.JsonOutput.write(JsonOutput.java:287)
	at org.openqa.selenium.json.JsonOutput.lambda$new$22(JsonOutput.java:169)
	at java.base/java.util.stream.ForEachOps$ForEachOp$OfRef.accept(ForEachOps.java:183)
	at java.base/java.util.stream.ReferencePipeline$2$1.accept(ReferencePipeline.java:177)
	at java.base/java.util.Iterator.forEachRemaining(Iterator.java:133)
	at java.base/java.util.Spliterators$IteratorSpliterator.forEachRemaining(Spliterators.java:1801)
	at java.base/java.util.stream.AbstractPipeline.copyInto(AbstractPipeline.java:484)
	at java.base/java.util.stream.AbstractPipeline.wrapAndCopyInto(AbstractPipeline.java:474)
	at java.base/java.util.stream.ForEachOps$ForEachOp.evaluateSequential(ForEachOps.java:150)
	at java.base/java.util.stream.ForEachOps$ForEachOp$OfRef.evaluateSequential(ForEachOps.java:173)
	at java.base/java.util.stream.AbstractPipeline.evaluate(AbstractPipeline.java:234)
	at java.base/java.util.stream.ReferencePipeline.forEach(ReferencePipeline.java:497)
	at org.openqa.selenium.json.JsonOutput.lambda$new$23(JsonOutput.java:169)
	at org.openqa.selenium.json.JsonOutput.write(JsonOutput.java:287)
	at org.openqa.selenium.json.JsonOutput.lambda$new$24(JsonOutput.java:182)
	at com.google.common.collect.SingletonImmutableBiMap.forEach(SingletonImmutableBiMap.java:68)
	at org.openqa.selenium.json.JsonOutput.lambda$new$25(JsonOutput.java:177)
	at org.openqa.selenium.json.JsonOutput.write(JsonOutput.java:287)
	at org.openqa.selenium.json.JsonOutput.write(JsonOutput.java:278)
	at org.openqa.selenium.json.Json.toJson(Json.java:42)
	at org.openqa.selenium.remote.codec.AbstractHttpCommandCodec.encode(AbstractHttpCommandCodec.java:259)
	at org.openqa.selenium.remote.codec.AbstractHttpCommandCodec.encode(AbstractHttpCommandCodec.java:127)
	at org.openqa.selenium.remote.HttpCommandExecutor.execute(HttpCommandExecutor.java:172)
	at org.openqa.selenium.remote.service.DriverCommandExecutor.invokeExecute(DriverCommandExecutor.java:167)
	at org.openqa.selenium.remote.service.DriverCommandExecutor.execute(DriverCommandExecutor.java:142)
	at org.openqa.selenium.remote.RemoteWebDriver.execute(RemoteWebDriver.java:569)
	at org.openqa.selenium.remote.RemoteWebDriver.perform(RemoteWebDriver.java:637)
	at org.openqa.selenium.interactions.Actions$BuiltAction.perform(Actions.java:567)
	at pages.ViewMoviePoster.clickMoviePoster(ViewMoviePoster.java:36)
	at skyfoxapp.testcases.viewmovieposter.PositiveViewMoviePoster.viewMoviePoster(PositiveViewMoviePoster.java:33)
	at java.base/jdk.internal.reflect.NativeMethodAccessorImpl.invoke0(Native Method)
	at java.base/jdk.internal.reflect.NativeMethodAccessorImpl.invoke(NativeMethodAccessorImpl.java:62)
	at java.base/jdk.internal.reflect.DelegatingMethodAccessorImpl.invoke(DelegatingMethodAccessorImpl.java:43)
	at java.base/java.lang.reflect.Method.invoke(Method.java:566)
	at org.testng.internal.invokers.MethodInvocationHelper.invokeMethod(MethodInvocationHelper.java:135)
	at org.testng.internal.invokers.TestInvoker.invokeMethod(TestInvoker.java:673)
	at org.testng.internal.invokers.TestInvoker.invokeTestMethod(TestInvoker.java:220)
	at org.testng.internal.invokers.MethodRunner.runInSequence(MethodRunner.java:50)
	at org.testng.internal.invokers.TestInvoker$MethodInvocationAgent.invoke(TestInvoker.java:945)
	at org.testng.internal.invokers.TestInvoker.invokeTestMethods(TestInvoker.java:193)
	at org.testng.internal.invokers.TestMethodWorker.invokeTestMethods(TestMethodWorker.java:146)
	at org.testng.internal.invokers.TestMethodWorker.run(TestMethodWorker.java:128)
	at java.base/java.util.ArrayList.forEach(ArrayList.java:1541)
	at org.testng.TestRunner.privateRun(TestRunner.java:808)
	at org.testng.TestRunner.run(TestRunner.java:603)
	at org.testng.SuiteRunner.runTest(SuiteRunner.java:429)
	at org.testng.SuiteRunner.runSequentially(SuiteRunner.java:423)
	at org.testng.SuiteRunner.privateRun(SuiteRunner.java:383)
	at org.testng.SuiteRunner.run(SuiteRunner.java:326)
	at org.testng.SuiteRunnerWorker.runSuite(SuiteRunnerWorker.java:52)
	at org.testng.SuiteRunnerWorker.run(SuiteRunnerWorker.java:95)
	at org.testng.TestNG.runSuitesSequentially(TestNG.java:1249)
	at org.testng.TestNG.runSuitesLocally(TestNG.java:1169)
	at org.testng.TestNG.runSuites(TestNG.java:1092)
	at org.testng.TestNG.run(TestNG.java:1060)
	at org.apache.maven.surefire.testng.TestNGExecutor.run(TestNGExecutor.java:324)
	at org.apache.maven.surefire.testng.TestNGXmlTestSuite.execute(TestNGXmlTestSuite.java:74)
	at org.apache.maven.surefire.testng.TestNGProvider.invoke(TestNGProvider.java:123)
	at org.apache.maven.surefire.booter.ForkedBooter.runSuitesInProcess(ForkedBooter.java:456)
	at org.apache.maven.surefire.booter.ForkedBooter.execute(ForkedBooter.java:169)
	at org.apache.maven.surefire.booter.ForkedBooter.run(ForkedBooter.java:595)
	at org.apache.maven.surefire.booter.ForkedBooter.main(ForkedBooter.java:581)
	Suppressed: org.openqa.selenium.json.JsonException: Attempting to close incomplete json stream
Build info: version: '4.3.0', revision: 'a4995e2c09*'
System info: host: 'Karthinivashs-MacBook-Pro.local', ip: '2409:4072:6e87:62e0:cc2f:cc05:dcbf:b3d6%en0', os.name: 'Mac OS X', os.arch: 'aarch64', os.version: '12.5', java.version: '11.0.14'
Driver info: driver.version: RemoteWebDriver
		at org.openqa.selenium.json.JsonOutput.close(JsonOutput.java:303)
		at org.openqa.selenium.json.Json.toJson(Json.java:40)
		... 42 more
Caused by: java.lang.reflect.InvocationTargetException
	at java.base/jdk.internal.reflect.NativeMethodAccessorImpl.invoke0(Native Method)
	at java.base/jdk.internal.reflect.NativeMethodAccessorImpl.invoke(NativeMethodAccessorImpl.java:62)
	at java.base/jdk.internal.reflect.DelegatingMethodAccessorImpl.invoke(DelegatingMethodAccessorImpl.java:43)
	at java.base/java.lang.reflect.Method.invoke(Method.java:566)
	at org.openqa.selenium.json.JsonOutput.convertUsingMethod(JsonOutput.java:358)
	... 63 more
Caused by: org.openqa.selenium.NoSuchElementException: no such element: Unable to locate element: {&quot;method&quot;:&quot;css selector&quot;,&quot;selector&quot;:&quot;.MuiAvatar\-img&quot;}
  (Session info: chrome=104.0.5112.79)
For documentation on this error, please visit: https://selenium.dev/exceptions/#no_such_element
Build info: version: '4.3.0', revision: 'a4995e2c09*'
System info: host: 'Karthinivashs-MacBook-Pro.local', ip: '2409:4072:6e87:62e0:cc2f:cc05:dcbf:b3d6%en0', os.name: 'Mac OS X', os.arch: 'aarch64', os.version: '12.5', java.version: '11.0.14'
Driver info: org.openqa.selenium.chrome.ChromeDriver
Command: [4abf44e2d12f27d5b530025c26f1b941, findElement {using=class name, value=MuiAvatar-img}]
Capabilities {acceptInsecureCerts: false, browserName: chrome, browserVersion: 104.0.5112.79, chrome: {chromedriverVersion: 103.0.5060.53 (a1711811edd7..., userDataDir: /var/folders/rk/nc47h4sd47l...}, goog:chromeOptions: {debuggerAddress: localhost:52214}, networkConnectionEnabled: false, pageLoadStrategy: normal, platformName: MAC, proxy: Proxy(), se:cdp: ws://localhost:52214/devtoo..., se:cdpVersion: 104.0.5112.79, setWindowRect: true, strictFileInteractability: false, timeouts: {implicit: 0, pageLoad: 300000, script: 30000}, unhandledPromptBehavior: dismiss and notify, webauthn:extension:credBlob: true, webauthn:extension:largeBlob: true, webauthn:virtualAuthenticators: true}
Session ID: 4abf44e2d12f27d5b530025c26f1b941
	at java.base/jdk.internal.reflect.NativeConstructorAccessorImpl.newInstance0(Native Method)
	at java.base/jdk.internal.reflect.NativeConstructorAccessorImpl.newInstance(NativeConstructorAccessorImpl.java:62)
	at java.base/jdk.internal.reflect.DelegatingConstructorAccessorImpl.newInstance(DelegatingConstructorAccessorImpl.java:45)
	at java.base/java.lang.reflect.Constructor.newInstance(Constructor.java:490)
	at org.openqa.selenium.remote.codec.w3c.W3CHttpResponseCodec.createException(W3CHttpResponseCodec.java:200)
	at org.openqa.selenium.remote.codec.w3c.W3CHttpResponseCodec.decode(W3CHttpResponseCodec.java:133)
	at org.openqa.selenium.remote.codec.w3c.W3CHttpResponseCodec.decode(W3CHttpResponseCodec.java:53)
	at org.openqa.selenium.remote.HttpCommandExecutor.execute(HttpCommandExecutor.java:184)
	at org.openqa.selenium.remote.service.DriverCommandExecutor.invokeExecute(DriverCommandExecutor.java:167)
	at org.openqa.selenium.remote.service.DriverCommandExecutor.execute(DriverCommandExecutor.java:142)
	at org.openqa.selenium.remote.RemoteWebDriver.execute(RemoteWebDriver.java:569)
	at org.openqa.selenium.remote.ElementLocation$ElementFinder$2.findElement(ElementLocation.java:162)
	at org.openqa.selenium.remote.ElementLocation.findElement(ElementLocation.java:60)
	at org.openqa.selenium.remote.RemoteWebDriver.findElement(RemoteWebDriver.java:387)
	at org.openqa.selenium.remote.RemoteWebDriver.findElement(RemoteWebDriver.java:379)
	at org.openqa.selenium.support.pagefactory.DefaultElementLocator.findElement(DefaultElementLocator.java:70)
	at org.openqa.selenium.support.pagefactory.internal.LocatingElementHandler.invoke(LocatingElementHandler.java:39)
	at com.sun.proxy.$Proxy14.getWrappedElement(Unknown Source)
	at org.openqa.selenium.interactions.PointerInput$Origin.asArg(PointerInput.java:260)
	at org.openqa.selenium.interactions.PointerInput$Move.encode(PointerInput.java:209)
	at org.openqa.selenium.interactions.Sequence.encode(Sequence.java:73)
	at org.openqa.selenium.interactions.Sequence.toJson(Sequence.java:82)
	... 68 more
</pre></div></div></td>
<td align="left"></td></tr></table></section><br /></section><section>
<h2><a name="Failure_Details"></a>Failure Details</h2><a name="Failure_Details"></a>
<p>[<a href="#Summary">Summary</a>] [<a href="#Package_List">Package List</a>] [<a href="#Test_Cases">Test Cases</a>]</p><br />
<table border="1" class="bodyTable">
<tr class="a">
<td align="left"><figure><img src="images/icon_error_sml.gif" alt="" /></figure></td>
<td align="left"><a name="skyfoxapp.testcases.customersignuptest.ValidatingAllFieldsNegativeTest.customerSignupPageTest______Name_is_required_Username_is_required_Email_is_required_Mobile_number_is_required_Password_is_required_Password_is_required1"></a>customerSignupPageTest[, , , , , , Name is required, Username is required, Email is required, Mobile number is required, Password is required, Password is required](1)</td></tr>
<tr class="b">
<td align="left"></td>
<td align="left">org.openqa.selenium.NoSuchElementException: no such element: Unable to locate element: {&quot;method&quot;:&quot;xpath&quot;,&quot;selector&quot;:&quot;//*[@id=&quot;root&quot;]/div/div/div[2]/div/form/div[1]/p&quot;}
  (Session info: chrome=104.0.5112.79)
For documentation on this error, please visit: https://selenium.dev/exceptions/#no_such_element
Build info: version: '4.3.0', revision: 'a4995e2c09*'
System info: host: 'Karthinivashs-MacBook-Pro.local', ip: '2409:4072:6e87:62e0:cc2f:cc05:dcbf:b3d6%en0', os.name: 'Mac OS X', os.arch: 'aarch64', os.version: '12.5', java.version: '11.0.14'
Driver info: org.openqa.selenium.chrome.ChromeDriver
Command: [5753ada09465ce45f3d4684debac7c27, findElement {using=xpath, value=//*[@id=&quot;root&quot;]/div/div/div[2]/div/form/div[1]/p}]
Capabilities {acceptInsecureCerts: false, browserName: chrome, browserVersion: 104.0.5112.79, chrome: {chromedriverVersion: 103.0.5060.53 (a1711811edd7..., userDataDir: /var/folders/rk/nc47h4sd47l...}, goog:chromeOptions: {debuggerAddress: localhost:49885}, networkConnectionEnabled: false, pageLoadStrategy: normal, platformName: MAC, proxy: Proxy(), se:cdp: ws://localhost:49885/devtoo..., se:cdpVersion: 104.0.5112.79, setWindowRect: true, strictFileInteractability: false, timeouts: {implicit: 0, pageLoad: 300000, script: 30000}, unhandledPromptBehavior: dismiss and notify, webauthn:extension:credBlob: true, webauthn:extension:largeBlob: true, webauthn:virtualAuthenticators: true}
Session ID: 5753ada09465ce45f3d4684debac7c27</td></tr>
<tr class="a">
<td align="left"></td>
<td align="left">
<div id="customerSignupPageTest[, , , , , , Name is required, Username is required, Email is required, Mobile number is required, Password is required, Password is required](1)-failure">skyfoxapp.testcases.customersignuptest.ValidatingAllFieldsNegativeTest:43</div></td></tr>
<tr class="b">
<td align="left"><figure><img src="images/icon_error_sml.gif" alt="" /></figure></td>
<td align="left"><a name="skyfoxapp.testcases.viewmovieposter.PositiveViewMoviePoster.viewMoviePosterKarthinivash_Gurleen21"></a>viewMoviePoster[Karthinivash, Gurleen@2](1)</td></tr>
<tr class="a">
<td align="left"></td>
<td align="left">org.openqa.selenium.json.JsonException: java.lang.reflect.InvocationTargetException
Build info: version: '4.3.0', revision: 'a4995e2c09*'
System info: host: 'Karthinivashs-MacBook-Pro.local', ip: '2409:4072:6e87:62e0:cc2f:cc05:dcbf:b3d6%en0', os.name: 'Mac OS X', os.arch: 'aarch64', os.version: '12.5', java.version: '11.0.14'
Driver info: org.openqa.selenium.chrome.ChromeDriver
Command: [4abf44e2d12f27d5b530025c26f1b941, actions {actions=[org.openqa.selenium.interactions.Sequence@2568611c]}]
Capabilities {acceptInsecureCerts: false, browserName: chrome, browserVersion: 104.0.5112.79, chrome: {chromedriverVersion: 103.0.5060.53 (a1711811edd7..., userDataDir: /var/folders/rk/nc47h4sd47l...}, goog:chromeOptions: {debuggerAddress: localhost:52214}, networkConnectionEnabled: false, pageLoadStrategy: normal, platformName: MAC, proxy: Proxy(), se:cdp: ws://localhost:52214/devtoo..., se:cdpVersion: 104.0.5112.79, setWindowRect: true, strictFileInteractability: false, timeouts: {implicit: 0, pageLoad: 300000, script: 30000}, unhandledPromptBehavior: dismiss and notify, webauthn:extension:credBlob: true, webauthn:extension:largeBlob: true, webauthn:virtualAuthenticators: true}
Session ID: 4abf44e2d12f27d5b530025c26f1b941</td></tr>
<tr class="b">
<td align="left"></td>
<td align="left">
<div id="viewMoviePoster[Karthinivash, Gurleen@2](1)-failure">skyfoxapp.testcases.viewmovieposter.PositiveViewMoviePoster:33</div></td></tr></table><br /></section>
      </div>
    </div>
    <div class="clear">
      <hr/>
    </div>
    <div id="footer">
      <div class="xright">
        Copyright &#169;      2022..      </div>
      <div class="clear">
        <hr/>
      </div>
    </div>
  </body>
</html>
