<?xml version="1.0" encoding="UTF-8"?>
<!-- Generated by org.testng.reporters.JUnitXMLReporter -->
<testsuite ignored="0" hostname="Krupasrees-MacBook-Pro.local" failures="1" tests="1" name="ValidateConfirmPasswordTest" time="2.949" errors="0" timestamp="2022-08-17T19:53:31 IST">
  <testcase classname="skyfoxapp.testcases.changepasswordtest.ValidateConfirmPasswordTest" name="changePasswordTest" time="1.167">
    <failure type="java.lang.AssertionError" message="Login failed did not expect [http://ec2-65-2-126-57.ap-south-1.compute.amazonaws.com:3000/login] but found [http://ec2-65-2-126-57.ap-south-1.compute.amazonaws.com:3000/login]">
      <![CDATA[java.lang.AssertionError: Login failed did not expect [http://ec2-65-2-126-57.ap-south-1.compute.amazonaws.com:3000/login] but found [http://ec2-65-2-126-57.ap-south-1.compute.amazonaws.com:3000/login]
at skyfoxapp.testcases.changepasswordtest.ValidateConfirmPasswordTest.changePasswordTest(ValidateConfirmPasswordTest.java:29)
at java.base/java.util.ArrayList.forEach(ArrayList.java:1541)
... Removed 35 stack frames]]>
    </failure>
  </testcase> <!-- changePasswordTest -->
</testsuite> <!-- ValidateConfirmPasswordTest -->
